[ 2017-09-28T13:29:27+08:00 ] 127.0.0.1 /nut/Home/Api/testlist?id=21
INFO: [ app_init ] --START--
INFO: Run Behavior\BuildLiteBehavior [ RunTime:0.000026s ]
INFO: [ app_init ] --END-- [ RunTime:0.002140s ]
INFO: [ app_begin ] --START--
INFO: Run Behavior\ReadHtmlCacheBehavior [ RunTime:0.002171s ]
INFO: [ app_begin ] --END-- [ RunTime:0.002293s ]
SQL: SHOW COLUMNS FROM `grade` [ RunTime:0.0228s ]
SQL: SELECT * FROM `grade` WHERE `sid` = 21  [ RunTime:0.0026s ]
SQL: SHOW COLUMNS FROM `painfo` [ RunTime:0.0084s ]
SQL: SELECT * FROM `painfo` WHERE `pid` = 79 LIMIT 1   [ RunTime:0.0006s ]

[ 2017-09-28T13:29:27+08:00 ] 127.0.0.1 /nut/Home/Api/testlist?id=21
INFO: [ app_init ] --START--
INFO: Run Behavior\BuildLiteBehavior [ RunTime:0.000025s ]
INFO: [ app_init ] --END-- [ RunTime:0.002572s ]
INFO: [ app_begin ] --START--
INFO: Run Behavior\ReadHtmlCacheBehavior [ RunTime:0.001994s ]
INFO: [ app_begin ] --END-- [ RunTime:0.002104s ]
SQL: SHOW COLUMNS FROM `grade` [ RunTime:0.0300s ]
SQL: SELECT * FROM `grade` WHERE `sid` = 21  [ RunTime:0.0009s ]
SQL: SHOW COLUMNS FROM `painfo` [ RunTime:0.0300s ]
SQL: SELECT * FROM `painfo` WHERE `pid` = 79 LIMIT 1   [ RunTime:0.0008s ]

[ 2017-09-28T13:29:34+08:00 ] 127.0.0.1 /nut/Home/Api/testlist?id=21
INFO: [ app_init ] --START--
INFO: Run Behavior\BuildLiteBehavior [ RunTime:0.000014s ]
INFO: [ app_init ] --END-- [ RunTime:0.001075s ]
INFO: [ app_begin ] --START--
INFO: Run Behavior\ReadHtmlCacheBehavior [ RunTime:0.000780s ]
INFO: [ app_begin ] --END-- [ RunTime:0.000822s ]
SQL: SHOW COLUMNS FROM `grade` [ RunTime:0.0032s ]
SQL: SELECT * FROM `grade` WHERE `sid` = 21  [ RunTime:0.0003s ]
SQL: SHOW COLUMNS FROM `painfo` [ RunTime:0.0026s ]
SQL: SELECT * FROM `painfo` WHERE `pid` = 79 LIMIT 1   [ RunTime:0.0003s ]

[ 2017-09-28T13:30:41+08:00 ] 127.0.0.1 /nut/Home/Api/login?name=admin&password=123
INFO: [ app_init ] --START--
INFO: Run Behavior\BuildLiteBehavior [ RunTime:0.000010s ]
INFO: [ app_init ] --END-- [ RunTime:0.000449s ]
INFO: [ app_begin ] --START--
INFO: Run Behavior\ReadHtmlCacheBehavior [ RunTime:0.000534s ]
INFO: [ app_begin ] --END-- [ RunTime:0.000570s ]
SQL: SHOW COLUMNS FROM `student` [ RunTime:0.0067s ]
SQL: SELECT * FROM `student` WHERE `sname` = 'admin' AND `password` = '202cb962ac59075b964b07152d234b70' LIMIT 1   [ RunTime:0.0012s ]
INFO: [ app_end ] --START--
INFO: Run Behavior\ShowPageTraceBehavior [ RunTime:0.000938s ]
INFO: [ app_end ] --END-- [ RunTime:0.000974s ]

[ 2017-09-28T13:30:41+08:00 ] 127.0.0.1 /nut/Home/Api/testlist?id=21
INFO: [ app_init ] --START--
INFO: Run Behavior\BuildLiteBehavior [ RunTime:0.000011s ]
INFO: [ app_init ] --END-- [ RunTime:0.000363s ]
INFO: [ app_begin ] --START--
INFO: Run Behavior\ReadHtmlCacheBehavior [ RunTime:0.000464s ]
INFO: [ app_begin ] --END-- [ RunTime:0.000504s ]
SQL: SHOW COLUMNS FROM `grade` [ RunTime:0.0036s ]
SQL: SELECT * FROM `grade` WHERE `sid` = 21  [ RunTime:0.0003s ]
SQL: SHOW COLUMNS FROM `painfo` [ RunTime:0.0030s ]
SQL: SELECT * FROM `painfo` WHERE `pid` = 79 LIMIT 1   [ RunTime:0.0006s ]

[ 2017-09-28T13:30:41+08:00 ] 127.0.0.1 /nut/Home/Api/testlist?id=21
INFO: [ app_init ] --START--
INFO: Run Behavior\BuildLiteBehavior [ RunTime:0.000011s ]
INFO: [ app_init ] --END-- [ RunTime:0.000356s ]
INFO: [ app_begin ] --START--
INFO: Run Behavior\ReadHtmlCacheBehavior [ RunTime:0.000532s ]
INFO: [ app_begin ] --END-- [ RunTime:0.000575s ]
SQL: SHOW COLUMNS FROM `grade` [ RunTime:0.0034s ]
SQL: SELECT * FROM `grade` WHERE `sid` = 21  [ RunTime:0.0003s ]
SQL: SHOW COLUMNS FROM `painfo` [ RunTime:0.0030s ]
SQL: SELECT * FROM `painfo` WHERE `pid` = 79 LIMIT 1   [ RunTime:0.0006s ]

[ 2017-09-28T13:30:43+08:00 ] 127.0.0.1 /nut/Home/Api/testlist?id=21
INFO: [ app_init ] --START--
INFO: Run Behavior\BuildLiteBehavior [ RunTime:0.000011s ]
INFO: [ app_init ] --END-- [ RunTime:0.000469s ]
INFO: [ app_begin ] --START--
INFO: Run Behavior\ReadHtmlCacheBehavior [ RunTime:0.000572s ]
INFO: [ app_begin ] --END-- [ RunTime:0.000611s ]
SQL: SHOW COLUMNS FROM `grade` [ RunTime:0.0028s ]
SQL: SELECT * FROM `grade` WHERE `sid` = 21  [ RunTime:0.0003s ]
SQL: SHOW COLUMNS FROM `painfo` [ RunTime:0.0026s ]
SQL: SELECT * FROM `painfo` WHERE `pid` = 79 LIMIT 1   [ RunTime:0.0003s ]

[ 2017-09-28T13:49:21+08:00 ] 127.0.0.1 /nut/Home/Api/testlist?id=21
INFO: [ app_init ] --START--
INFO: Run Behavior\BuildLiteBehavior [ RunTime:0.000023s ]
INFO: [ app_init ] --END-- [ RunTime:0.000978s ]
INFO: [ app_begin ] --START--
INFO: Run Behavior\ReadHtmlCacheBehavior [ RunTime:0.001426s ]
INFO: [ app_begin ] --END-- [ RunTime:0.001510s ]
SQL: SHOW COLUMNS FROM `grade` [ RunTime:0.0079s ]
SQL: SELECT * FROM `grade` WHERE `sid` = 21  [ RunTime:0.0020s ]
SQL: SHOW COLUMNS FROM `painfo` [ RunTime:0.0055s ]
SQL: SELECT * FROM `painfo` WHERE `pid` = 79 LIMIT 1   [ RunTime:0.0005s ]

[ 2017-09-28T13:49:21+08:00 ] 127.0.0.1 /nut/Home/Api/testlist?id=21
INFO: [ app_init ] --START--
INFO: Run Behavior\BuildLiteBehavior [ RunTime:0.000024s ]
INFO: [ app_init ] --END-- [ RunTime:0.000860s ]
INFO: [ app_begin ] --START--
INFO: Run Behavior\ReadHtmlCacheBehavior [ RunTime:0.001425s ]
INFO: [ app_begin ] --END-- [ RunTime:0.001514s ]
SQL: SHOW COLUMNS FROM `grade` [ RunTime:0.0191s ]
SQL: SELECT * FROM `grade` WHERE `sid` = 21  [ RunTime:0.0020s ]
SQL: SHOW COLUMNS FROM `painfo` [ RunTime:0.0062s ]
SQL: SELECT * FROM `painfo` WHERE `pid` = 79 LIMIT 1   [ RunTime:0.0012s ]

[ 2017-09-28T13:49:33+08:00 ] 127.0.0.1 /nut/Home/Api/testlist?id=21
INFO: [ app_init ] --START--
INFO: Run Behavior\BuildLiteBehavior [ RunTime:0.000012s ]
INFO: [ app_init ] --END-- [ RunTime:0.000463s ]
INFO: [ app_begin ] --START--
INFO: Run Behavior\ReadHtmlCacheBehavior [ RunTime:0.000531s ]
INFO: [ app_begin ] --END-- [ RunTime:0.000574s ]
SQL: SHOW COLUMNS FROM `grade` [ RunTime:0.0031s ]
SQL: SELECT * FROM `grade` WHERE `sid` = 21  [ RunTime:0.0003s ]
SQL: SHOW COLUMNS FROM `painfo` [ RunTime:0.0024s ]
SQL: SELECT * FROM `painfo` WHERE `pid` = 79 LIMIT 1   [ RunTime:0.0003s ]

[ 2017-09-28T13:55:13+08:00 ] 127.0.0.1 /nut/Home/Api/testlist?id=21
INFO: [ app_init ] --START--
INFO: Run Behavior\BuildLiteBehavior [ RunTime:0.000026s ]
INFO: [ app_init ] --END-- [ RunTime:0.000912s ]
INFO: [ app_begin ] --START--
INFO: Run Behavior\ReadHtmlCacheBehavior [ RunTime:0.000808s ]
INFO: [ app_begin ] --END-- [ RunTime:0.000875s ]
SQL: SHOW COLUMNS FROM `grade` [ RunTime:0.0119s ]
SQL: SELECT * FROM `grade` WHERE `sid` = 21  [ RunTime:0.0011s ]
SQL: SHOW COLUMNS FROM `painfo` [ RunTime:0.0149s ]
SQL: SELECT * FROM `painfo` WHERE `pid` = 79 LIMIT 1   [ RunTime:0.0006s ]

[ 2017-09-28T13:55:13+08:00 ] 127.0.0.1 /nut/Home/Api/testlist?id=21
INFO: [ app_init ] --START--
INFO: Run Behavior\BuildLiteBehavior [ RunTime:0.000015s ]
INFO: [ app_init ] --END-- [ RunTime:0.000537s ]
INFO: [ app_begin ] --START--
INFO: Run Behavior\ReadHtmlCacheBehavior [ RunTime:0.001033s ]
INFO: [ app_begin ] --END-- [ RunTime:0.001114s ]
SQL: SHOW COLUMNS FROM `grade` [ RunTime:0.0064s ]
SQL: SELECT * FROM `grade` WHERE `sid` = 21  [ RunTime:0.0006s ]
SQL: SHOW COLUMNS FROM `painfo` [ RunTime:0.0041s ]
SQL: SELECT * FROM `painfo` WHERE `pid` = 79 LIMIT 1   [ RunTime:0.0004s ]

[ 2017-09-28T14:00:30+08:00 ] 127.0.0.1 /nut/Home/Api/testlist?id=21
INFO: [ app_init ] --START--
INFO: Run Behavior\BuildLiteBehavior [ RunTime:0.000027s ]
INFO: [ app_init ] --END-- [ RunTime:0.001469s ]
INFO: [ app_begin ] --START--
INFO: Run Behavior\ReadHtmlCacheBehavior [ RunTime:0.002280s ]
INFO: [ app_begin ] --END-- [ RunTime:0.002387s ]
SQL: SHOW COLUMNS FROM `grade` [ RunTime:0.0085s ]
SQL: SELECT * FROM `grade` WHERE `sid` = 21  [ RunTime:0.0012s ]
SQL: SHOW COLUMNS FROM `painfo` [ RunTime:0.0070s ]
SQL: SELECT * FROM `painfo` WHERE `pid` = 79 LIMIT 1   [ RunTime:0.0006s ]

[ 2017-09-28T14:00:31+08:00 ] 127.0.0.1 /nut/Home/Api/testlist?id=21
INFO: [ app_init ] --START--
INFO: Run Behavior\BuildLiteBehavior [ RunTime:0.000029s ]
INFO: [ app_init ] --END-- [ RunTime:0.003858s ]
INFO: [ app_begin ] --START--
INFO: Run Behavior\ReadHtmlCacheBehavior [ RunTime:0.004183s ]
INFO: [ app_begin ] --END-- [ RunTime:0.004959s ]
SQL: SHOW COLUMNS FROM `grade` [ RunTime:0.0061s ]
SQL: SELECT * FROM `grade` WHERE `sid` = 21  [ RunTime:0.0006s ]
SQL: SHOW COLUMNS FROM `painfo` [ RunTime:0.0069s ]
SQL: SELECT * FROM `painfo` WHERE `pid` = 79 LIMIT 1   [ RunTime:0.0005s ]

[ 2017-09-28T14:01:27+08:00 ] 127.0.0.1 /nut/Home/Api/testlist?id=21
INFO: [ app_init ] --START--
INFO: Run Behavior\BuildLiteBehavior [ RunTime:0.000017s ]
INFO: [ app_init ] --END-- [ RunTime:0.000748s ]
INFO: [ app_begin ] --START--
INFO: Run Behavior\ReadHtmlCacheBehavior [ RunTime:0.000978s ]
INFO: [ app_begin ] --END-- [ RunTime:0.001041s ]
SQL: SHOW COLUMNS FROM `grade` [ RunTime:0.0047s ]
SQL: SELECT * FROM `grade` WHERE `sid` = 21  [ RunTime:0.0004s ]
SQL: SHOW COLUMNS FROM `painfo` [ RunTime:0.0053s ]
SQL: SELECT * FROM `painfo` WHERE `pid` = 79 LIMIT 1   [ RunTime:0.0007s ]

[ 2017-09-28T14:02:56+08:00 ] 127.0.0.1 /nut/Home/Api/testlist?id=21
INFO: [ app_init ] --START--
INFO: Run Behavior\BuildLiteBehavior [ RunTime:0.000013s ]
INFO: [ app_init ] --END-- [ RunTime:0.000901s ]
INFO: [ app_begin ] --START--
INFO: Run Behavior\ReadHtmlCacheBehavior [ RunTime:0.000778s ]
INFO: [ app_begin ] --END-- [ RunTime:0.000822s ]
SQL: SHOW COLUMNS FROM `grade` [ RunTime:0.0032s ]
SQL: SELECT * FROM `grade` WHERE `sid` = 21  [ RunTime:0.0003s ]
SQL: SHOW COLUMNS FROM `painfo` [ RunTime:0.0024s ]
SQL: SELECT * FROM `painfo` WHERE `pid` = 79 LIMIT 1   [ RunTime:0.0003s ]

[ 2017-09-28T14:03:44+08:00 ] 127.0.0.1 /nut/Home/Api/testlist?id=21
INFO: [ app_init ] --START--
INFO: Run Behavior\BuildLiteBehavior [ RunTime:0.000012s ]
INFO: [ app_init ] --END-- [ RunTime:0.000467s ]
INFO: [ app_begin ] --START--
INFO: Run Behavior\ReadHtmlCacheBehavior [ RunTime:0.000504s ]
INFO: [ app_begin ] --END-- [ RunTime:0.000543s ]
SQL: SHOW COLUMNS FROM `grade` [ RunTime:0.0025s ]
SQL: SELECT * FROM `grade` WHERE `sid` = 21  [ RunTime:0.0003s ]
SQL: SHOW COLUMNS FROM `painfo` [ RunTime:0.0023s ]
SQL: SELECT * FROM `painfo` WHERE `pid` = 79 LIMIT 1   [ RunTime:0.0002s ]

[ 2017-09-28T14:03:50+08:00 ] 127.0.0.1 /nut/Home/Api/testlist?id=21
INFO: [ app_init ] --START--
INFO: Run Behavior\BuildLiteBehavior [ RunTime:0.000012s ]
INFO: [ app_init ] --END-- [ RunTime:0.000486s ]
INFO: [ app_begin ] --START--
INFO: Run Behavior\ReadHtmlCacheBehavior [ RunTime:0.000604s ]
INFO: [ app_begin ] --END-- [ RunTime:0.000644s ]
SQL: SHOW COLUMNS FROM `grade` [ RunTime:0.0045s ]
SQL: SELECT * FROM `grade` WHERE `sid` = 21  [ RunTime:0.0003s ]
SQL: SHOW COLUMNS FROM `painfo` [ RunTime:0.0030s ]
SQL: SELECT * FROM `painfo` WHERE `pid` = 79 LIMIT 1   [ RunTime:0.0003s ]

[ 2017-09-28T14:03:52+08:00 ] 127.0.0.1 /nut/Home/Api/testlist?id=21
INFO: [ app_init ] --START--
INFO: Run Behavior\BuildLiteBehavior [ RunTime:0.000012s ]
INFO: [ app_init ] --END-- [ RunTime:0.000445s ]
INFO: [ app_begin ] --START--
INFO: Run Behavior\ReadHtmlCacheBehavior [ RunTime:0.000509s ]
INFO: [ app_begin ] --END-- [ RunTime:0.000547s ]
SQL: SHOW COLUMNS FROM `grade` [ RunTime:0.0052s ]
SQL: SELECT * FROM `grade` WHERE `sid` = 21  [ RunTime:0.0002s ]
SQL: SHOW COLUMNS FROM `painfo` [ RunTime:0.0045s ]
SQL: SELECT * FROM `painfo` WHERE `pid` = 79 LIMIT 1   [ RunTime:0.0003s ]

[ 2017-09-28T14:03:55+08:00 ] 127.0.0.1 /nut/Home/Api/testlist?id=21
INFO: [ app_init ] --START--
INFO: Run Behavior\BuildLiteBehavior [ RunTime:0.000021s ]
INFO: [ app_init ] --END-- [ RunTime:0.002202s ]
INFO: [ app_begin ] --START--
INFO: Run Behavior\ReadHtmlCacheBehavior [ RunTime:0.000770s ]
INFO: [ app_begin ] --END-- [ RunTime:0.000847s ]
SQL: SHOW COLUMNS FROM `grade` [ RunTime:0.0032s ]
SQL: SELECT * FROM `grade` WHERE `sid` = 21  [ RunTime:0.0003s ]
SQL: SHOW COLUMNS FROM `painfo` [ RunTime:0.0024s ]
SQL: SELECT * FROM `painfo` WHERE `pid` = 79 LIMIT 1   [ RunTime:0.0003s ]

[ 2017-09-28T14:04:03+08:00 ] 127.0.0.1 /nut/Home/Api/testlist?id=21
INFO: [ app_init ] --START--
INFO: Run Behavior\BuildLiteBehavior [ RunTime:0.000012s ]
INFO: [ app_init ] --END-- [ RunTime:0.000422s ]
INFO: [ app_begin ] --START--
INFO: Run Behavior\ReadHtmlCacheBehavior [ RunTime:0.000586s ]
INFO: [ app_begin ] --END-- [ RunTime:0.000640s ]
SQL: SHOW COLUMNS FROM `grade` [ RunTime:0.0043s ]
SQL: SELECT * FROM `grade` WHERE `sid` = 21  [ RunTime:0.0003s ]
SQL: SHOW COLUMNS FROM `painfo` [ RunTime:0.0027s ]
SQL: SELECT * FROM `painfo` WHERE `pid` = 79 LIMIT 1   [ RunTime:0.0004s ]

[ 2017-09-28T14:04:08+08:00 ] 127.0.0.1 /nut/Home/Api/testlist?id=21
INFO: [ app_init ] --START--
INFO: Run Behavior\BuildLiteBehavior [ RunTime:0.000012s ]
INFO: [ app_init ] --END-- [ RunTime:0.000372s ]
INFO: [ app_begin ] --START--
INFO: Run Behavior\ReadHtmlCacheBehavior [ RunTime:0.000514s ]
INFO: [ app_begin ] --END-- [ RunTime:0.000553s ]
SQL: SHOW COLUMNS FROM `grade` [ RunTime:0.0033s ]
SQL: SELECT * FROM `grade` WHERE `sid` = 21  [ RunTime:0.0003s ]
SQL: SHOW COLUMNS FROM `painfo` [ RunTime:0.0023s ]
SQL: SELECT * FROM `painfo` WHERE `pid` = 79 LIMIT 1   [ RunTime:0.0003s ]

[ 2017-09-28T14:04:10+08:00 ] 127.0.0.1 /nut/Home/Api/testlist?id=21
INFO: [ app_init ] --START--
INFO: Run Behavior\BuildLiteBehavior [ RunTime:0.000011s ]
INFO: [ app_init ] --END-- [ RunTime:0.000430s ]
INFO: [ app_begin ] --START--
INFO: Run Behavior\ReadHtmlCacheBehavior [ RunTime:0.000522s ]
INFO: [ app_begin ] --END-- [ RunTime:0.000559s ]
SQL: SHOW COLUMNS FROM `grade` [ RunTime:0.0033s ]
SQL: SELECT * FROM `grade` WHERE `sid` = 21  [ RunTime:0.0003s ]
SQL: SHOW COLUMNS FROM `painfo` [ RunTime:0.0023s ]
SQL: SELECT * FROM `painfo` WHERE `pid` = 79 LIMIT 1   [ RunTime:0.0002s ]

[ 2017-09-28T14:04:12+08:00 ] 127.0.0.1 /nut/Home/Api/testlist?id=21
INFO: [ app_init ] --START--
INFO: Run Behavior\BuildLiteBehavior [ RunTime:0.000012s ]
INFO: [ app_init ] --END-- [ RunTime:0.000439s ]
INFO: [ app_begin ] --START--
INFO: Run Behavior\ReadHtmlCacheBehavior [ RunTime:0.000518s ]
INFO: [ app_begin ] --END-- [ RunTime:0.000555s ]
SQL: SHOW COLUMNS FROM `grade` [ RunTime:0.0024s ]
SQL: SELECT * FROM `grade` WHERE `sid` = 21  [ RunTime:0.0002s ]
SQL: SHOW COLUMNS FROM `painfo` [ RunTime:0.0047s ]
SQL: SELECT * FROM `painfo` WHERE `pid` = 79 LIMIT 1   [ RunTime:0.0003s ]

