[ 2017-10-24T14:33:50+08:00 ] 127.0.0.1 /nut/Home/Api/testlist?id=21
INFO: [ app_init ] --START--
INFO: Run Behavior\BuildLiteBehavior [ RunTime:0.000022s ]
INFO: [ app_init ] --END-- [ RunTime:0.002109s ]
INFO: [ app_begin ] --START--
INFO: Run Behavior\ReadHtmlCacheBehavior [ RunTime:0.001708s ]
INFO: [ app_begin ] --END-- [ RunTime:0.001795s ]
SQL: SHOW COLUMNS FROM `grade` [ RunTime:0.0146s ]
SQL: SELECT * FROM `grade` WHERE `sid` = 21  [ RunTime:0.0018s ]
SQL: SHOW COLUMNS FROM `painfo` [ RunTime:0.0058s ]
SQL: SELECT * FROM `painfo` WHERE `pid` = 79 LIMIT 1   [ RunTime:0.0004s ]

[ 2017-10-24T14:33:50+08:00 ] 127.0.0.1 /nut/Home/Api/testlist?id=21
INFO: [ app_init ] --START--
INFO: Run Behavior\BuildLiteBehavior [ RunTime:0.000022s ]
INFO: [ app_init ] --END-- [ RunTime:0.002217s ]
INFO: [ app_begin ] --START--
INFO: Run Behavior\ReadHtmlCacheBehavior [ RunTime:0.001673s ]
INFO: [ app_begin ] --END-- [ RunTime:0.001768s ]
SQL: SHOW COLUMNS FROM `grade` [ RunTime:0.0146s ]
SQL: SELECT * FROM `grade` WHERE `sid` = 21  [ RunTime:0.0018s ]
SQL: SHOW COLUMNS FROM `painfo` [ RunTime:0.0058s ]
SQL: SELECT * FROM `painfo` WHERE `pid` = 79 LIMIT 1   [ RunTime:0.0004s ]

[ 2017-10-24T14:36:02+08:00 ] 127.0.0.1 /nut/Home/Api/testlist?id=21
INFO: [ app_init ] --START--
INFO: Run Behavior\BuildLiteBehavior [ RunTime:0.000010s ]
INFO: [ app_init ] --END-- [ RunTime:0.000423s ]
INFO: [ app_begin ] --START--
INFO: Run Behavior\ReadHtmlCacheBehavior [ RunTime:0.000597s ]
INFO: [ app_begin ] --END-- [ RunTime:0.000648s ]
SQL: SHOW COLUMNS FROM `grade` [ RunTime:0.0041s ]
SQL: SELECT * FROM `grade` WHERE `sid` = 21  [ RunTime:0.0003s ]
SQL: SHOW COLUMNS FROM `painfo` [ RunTime:0.0023s ]
SQL: SELECT * FROM `painfo` WHERE `pid` = 79 LIMIT 1   [ RunTime:0.0003s ]

[ 2017-10-24T14:36:03+08:00 ] 127.0.0.1 /nut/Home/Api/info?id=12
INFO: [ app_init ] --START--
INFO: Run Behavior\BuildLiteBehavior [ RunTime:0.000014s ]
INFO: [ app_init ] --END-- [ RunTime:0.000451s ]
INFO: [ app_begin ] --START--
INFO: Run Behavior\ReadHtmlCacheBehavior [ RunTime:0.000655s ]
INFO: [ app_begin ] --END-- [ RunTime:0.000700s ]
SQL: SHOW COLUMNS FROM `grade` [ RunTime:0.0042s ]
SQL: SELECT * FROM `grade` WHERE `gid` = 12 LIMIT 1   [ RunTime:0.0002s ]
SQL: SHOW COLUMNS FROM `paper` [ RunTime:0.0037s ]
SQL: SELECT * FROM `paper` WHERE `pid` = 79 LIMIT 1   [ RunTime:0.0003s ]
SQL: SHOW COLUMNS FROM `painfo` [ RunTime:0.0059s ]
SQL: SELECT * FROM `painfo` WHERE `pid` = 79 LIMIT 1   [ RunTime:0.0005s ]
SQL: SHOW COLUMNS FROM `type` [ RunTime:0.0051s ]
SQL: SELECT * FROM `type` WHERE `typeid` = 69 LIMIT 1   [ RunTime:0.0003s ]
SQL: SHOW COLUMNS FROM `answer` [ RunTime:0.0055s ]
SQL: SELECT * FROM `answer` WHERE `gid` = 12 LIMIT 1   [ RunTime:0.0014s ]
SQL: SHOW COLUMNS FROM `test` [ RunTime:0.0042s ]
SQL: SELECT * FROM `test` WHERE `id` = 614 LIMIT 1   [ RunTime:0.0002s ]
SQL: SELECT * FROM `test` WHERE `id` = 615 LIMIT 1   [ RunTime:0.0003s ]
SQL: SELECT * FROM `test` WHERE `id` = 616 LIMIT 1   [ RunTime:0.0003s ]
SQL: SELECT * FROM `test` WHERE `id` = 617 LIMIT 1   [ RunTime:0.0002s ]
SQL: SELECT * FROM `test` WHERE `id` = 619 LIMIT 1   [ RunTime:0.0002s ]
SQL: SELECT * FROM `test` WHERE `id` = 620 LIMIT 1   [ RunTime:0.0002s ]
SQL: SELECT * FROM `test` WHERE `id` = 621 LIMIT 1   [ RunTime:0.0002s ]
SQL: SELECT * FROM `test` WHERE `id` = 623 LIMIT 1   [ RunTime:0.0002s ]
SQL: SELECT * FROM `test` WHERE `id` = 625 LIMIT 1   [ RunTime:0.0002s ]
SQL: SELECT * FROM `test` WHERE `id` = 626 LIMIT 1   [ RunTime:0.0002s ]
SQL: SHOW COLUMNS FROM `jtest` [ RunTime:0.0035s ]
SQL: SELECT * FROM `jtest` WHERE `id` = 200 LIMIT 1   [ RunTime:0.0002s ]
SQL: SELECT * FROM `jtest` WHERE `id` = 201 LIMIT 1   [ RunTime:0.0002s ]

[ 2017-10-24T14:36:03+08:00 ] 127.0.0.1 /nut/Home/Api/info?id=12
INFO: [ app_init ] --START--
INFO: Run Behavior\BuildLiteBehavior [ RunTime:0.000018s ]
INFO: [ app_init ] --END-- [ RunTime:0.000572s ]
INFO: [ app_begin ] --START--
INFO: Run Behavior\ReadHtmlCacheBehavior [ RunTime:0.000912s ]
INFO: [ app_begin ] --END-- [ RunTime:0.000986s ]
SQL: SHOW COLUMNS FROM `grade` [ RunTime:0.0035s ]
SQL: SELECT * FROM `grade` WHERE `gid` = 12 LIMIT 1   [ RunTime:0.0003s ]
SQL: SHOW COLUMNS FROM `paper` [ RunTime:0.0028s ]
SQL: SELECT * FROM `paper` WHERE `pid` = 79 LIMIT 1   [ RunTime:0.0002s ]
SQL: SHOW COLUMNS FROM `painfo` [ RunTime:0.0033s ]
SQL: SELECT * FROM `painfo` WHERE `pid` = 79 LIMIT 1   [ RunTime:0.0003s ]
SQL: SHOW COLUMNS FROM `type` [ RunTime:0.0034s ]
SQL: SELECT * FROM `type` WHERE `typeid` = 69 LIMIT 1   [ RunTime:0.0004s ]
SQL: SHOW COLUMNS FROM `answer` [ RunTime:0.0033s ]
SQL: SELECT * FROM `answer` WHERE `gid` = 12 LIMIT 1   [ RunTime:0.0003s ]
SQL: SHOW COLUMNS FROM `test` [ RunTime:0.0039s ]
SQL: SELECT * FROM `test` WHERE `id` = 614 LIMIT 1   [ RunTime:0.0004s ]
SQL: SELECT * FROM `test` WHERE `id` = 615 LIMIT 1   [ RunTime:0.0002s ]
SQL: SELECT * FROM `test` WHERE `id` = 616 LIMIT 1   [ RunTime:0.0002s ]
SQL: SELECT * FROM `test` WHERE `id` = 617 LIMIT 1   [ RunTime:0.0003s ]
SQL: SELECT * FROM `test` WHERE `id` = 619 LIMIT 1   [ RunTime:0.0006s ]
SQL: SELECT * FROM `test` WHERE `id` = 620 LIMIT 1   [ RunTime:0.0004s ]
SQL: SELECT * FROM `test` WHERE `id` = 621 LIMIT 1   [ RunTime:0.0003s ]
SQL: SELECT * FROM `test` WHERE `id` = 623 LIMIT 1   [ RunTime:0.0006s ]
SQL: SELECT * FROM `test` WHERE `id` = 625 LIMIT 1   [ RunTime:0.0003s ]
SQL: SELECT * FROM `test` WHERE `id` = 626 LIMIT 1   [ RunTime:0.0003s ]
SQL: SHOW COLUMNS FROM `jtest` [ RunTime:0.0053s ]
SQL: SELECT * FROM `jtest` WHERE `id` = 200 LIMIT 1   [ RunTime:0.0003s ]
SQL: SELECT * FROM `jtest` WHERE `id` = 201 LIMIT 1   [ RunTime:0.0002s ]

[ 2017-10-24T14:36:05+08:00 ] 127.0.0.1 /nut/Home/Api/info?id=12
INFO: [ app_init ] --START--
INFO: Run Behavior\BuildLiteBehavior [ RunTime:0.000013s ]
INFO: [ app_init ] --END-- [ RunTime:0.000485s ]
INFO: [ app_begin ] --START--
INFO: Run Behavior\ReadHtmlCacheBehavior [ RunTime:0.001297s ]
INFO: [ app_begin ] --END-- [ RunTime:0.001522s ]
SQL: SHOW COLUMNS FROM `grade` [ RunTime:0.0030s ]
SQL: SELECT * FROM `grade` WHERE `gid` = 12 LIMIT 1   [ RunTime:0.0004s ]
SQL: SHOW COLUMNS FROM `paper` [ RunTime:0.0031s ]
SQL: SELECT * FROM `paper` WHERE `pid` = 79 LIMIT 1   [ RunTime:0.0003s ]
SQL: SHOW COLUMNS FROM `painfo` [ RunTime:0.0023s ]
SQL: SELECT * FROM `painfo` WHERE `pid` = 79 LIMIT 1   [ RunTime:0.0003s ]
SQL: SHOW COLUMNS FROM `type` [ RunTime:0.0023s ]
SQL: SELECT * FROM `type` WHERE `typeid` = 69 LIMIT 1   [ RunTime:0.0002s ]
SQL: SHOW COLUMNS FROM `answer` [ RunTime:0.0024s ]
SQL: SELECT * FROM `answer` WHERE `gid` = 12 LIMIT 1   [ RunTime:0.0002s ]
SQL: SHOW COLUMNS FROM `test` [ RunTime:0.0025s ]
SQL: SELECT * FROM `test` WHERE `id` = 614 LIMIT 1   [ RunTime:0.0003s ]
SQL: SELECT * FROM `test` WHERE `id` = 615 LIMIT 1   [ RunTime:0.0004s ]
SQL: SELECT * FROM `test` WHERE `id` = 616 LIMIT 1   [ RunTime:0.0002s ]
SQL: SELECT * FROM `test` WHERE `id` = 617 LIMIT 1   [ RunTime:0.0002s ]
SQL: SELECT * FROM `test` WHERE `id` = 619 LIMIT 1   [ RunTime:0.0002s ]
SQL: SELECT * FROM `test` WHERE `id` = 620 LIMIT 1   [ RunTime:0.0002s ]
SQL: SELECT * FROM `test` WHERE `id` = 621 LIMIT 1   [ RunTime:0.0002s ]
SQL: SELECT * FROM `test` WHERE `id` = 623 LIMIT 1   [ RunTime:0.0002s ]
SQL: SELECT * FROM `test` WHERE `id` = 625 LIMIT 1   [ RunTime:0.0002s ]
SQL: SELECT * FROM `test` WHERE `id` = 626 LIMIT 1   [ RunTime:0.0002s ]
SQL: SHOW COLUMNS FROM `jtest` [ RunTime:0.0027s ]
SQL: SELECT * FROM `jtest` WHERE `id` = 200 LIMIT 1   [ RunTime:0.0002s ]
SQL: SELECT * FROM `jtest` WHERE `id` = 201 LIMIT 1   [ RunTime:0.0002s ]

[ 2017-10-24T14:36:06+08:00 ] 127.0.0.1 /nut/Home/Api/info?id=12
INFO: [ app_init ] --START--
INFO: Run Behavior\BuildLiteBehavior [ RunTime:0.000010s ]
INFO: [ app_init ] --END-- [ RunTime:0.000499s ]
INFO: [ app_begin ] --START--
INFO: Run Behavior\ReadHtmlCacheBehavior [ RunTime:0.001105s ]
INFO: [ app_begin ] --END-- [ RunTime:0.001155s ]
SQL: SHOW COLUMNS FROM `grade` [ RunTime:0.0037s ]
SQL: SELECT * FROM `grade` WHERE `gid` = 12 LIMIT 1   [ RunTime:0.0002s ]
SQL: SHOW COLUMNS FROM `paper` [ RunTime:0.0026s ]
SQL: SELECT * FROM `paper` WHERE `pid` = 79 LIMIT 1   [ RunTime:0.0003s ]
SQL: SHOW COLUMNS FROM `painfo` [ RunTime:0.0029s ]
SQL: SELECT * FROM `painfo` WHERE `pid` = 79 LIMIT 1   [ RunTime:0.0003s ]
SQL: SHOW COLUMNS FROM `type` [ RunTime:0.0025s ]
SQL: SELECT * FROM `type` WHERE `typeid` = 69 LIMIT 1   [ RunTime:0.0002s ]
SQL: SHOW COLUMNS FROM `answer` [ RunTime:0.0025s ]
SQL: SELECT * FROM `answer` WHERE `gid` = 12 LIMIT 1   [ RunTime:0.0002s ]
SQL: SHOW COLUMNS FROM `test` [ RunTime:0.0025s ]
SQL: SELECT * FROM `test` WHERE `id` = 614 LIMIT 1   [ RunTime:0.0003s ]
SQL: SELECT * FROM `test` WHERE `id` = 615 LIMIT 1   [ RunTime:0.0002s ]
SQL: SELECT * FROM `test` WHERE `id` = 616 LIMIT 1   [ RunTime:0.0002s ]
SQL: SELECT * FROM `test` WHERE `id` = 617 LIMIT 1   [ RunTime:0.0002s ]
SQL: SELECT * FROM `test` WHERE `id` = 619 LIMIT 1   [ RunTime:0.0002s ]
SQL: SELECT * FROM `test` WHERE `id` = 620 LIMIT 1   [ RunTime:0.0002s ]
SQL: SELECT * FROM `test` WHERE `id` = 621 LIMIT 1   [ RunTime:0.0002s ]
SQL: SELECT * FROM `test` WHERE `id` = 623 LIMIT 1   [ RunTime:0.0002s ]
SQL: SELECT * FROM `test` WHERE `id` = 625 LIMIT 1   [ RunTime:0.0002s ]
SQL: SELECT * FROM `test` WHERE `id` = 626 LIMIT 1   [ RunTime:0.0002s ]
SQL: SHOW COLUMNS FROM `jtest` [ RunTime:0.0027s ]
SQL: SELECT * FROM `jtest` WHERE `id` = 200 LIMIT 1   [ RunTime:0.0003s ]
SQL: SELECT * FROM `jtest` WHERE `id` = 201 LIMIT 1   [ RunTime:0.0002s ]

[ 2017-10-24T14:36:06+08:00 ] 127.0.0.1 /nut/Home/Api/info?id=12
INFO: [ app_init ] --START--
INFO: Run Behavior\BuildLiteBehavior [ RunTime:0.000022s ]
INFO: [ app_init ] --END-- [ RunTime:0.001480s ]
INFO: [ app_begin ] --START--
INFO: Run Behavior\ReadHtmlCacheBehavior [ RunTime:0.000719s ]
INFO: [ app_begin ] --END-- [ RunTime:0.000774s ]
SQL: SHOW COLUMNS FROM `grade` [ RunTime:0.0038s ]
SQL: SELECT * FROM `grade` WHERE `gid` = 12 LIMIT 1   [ RunTime:0.0003s ]
SQL: SHOW COLUMNS FROM `paper` [ RunTime:0.0028s ]
SQL: SELECT * FROM `paper` WHERE `pid` = 79 LIMIT 1   [ RunTime:0.0003s ]
SQL: SHOW COLUMNS FROM `painfo` [ RunTime:0.0024s ]
SQL: SELECT * FROM `painfo` WHERE `pid` = 79 LIMIT 1   [ RunTime:0.0003s ]
SQL: SHOW COLUMNS FROM `type` [ RunTime:0.0024s ]
SQL: SELECT * FROM `type` WHERE `typeid` = 69 LIMIT 1   [ RunTime:0.0002s ]
SQL: SHOW COLUMNS FROM `answer` [ RunTime:0.0022s ]
SQL: SELECT * FROM `answer` WHERE `gid` = 12 LIMIT 1   [ RunTime:0.0002s ]
SQL: SHOW COLUMNS FROM `test` [ RunTime:0.0027s ]
SQL: SELECT * FROM `test` WHERE `id` = 614 LIMIT 1   [ RunTime:0.0004s ]
SQL: SELECT * FROM `test` WHERE `id` = 615 LIMIT 1   [ RunTime:0.0003s ]
SQL: SELECT * FROM `test` WHERE `id` = 616 LIMIT 1   [ RunTime:0.0002s ]
SQL: SELECT * FROM `test` WHERE `id` = 617 LIMIT 1   [ RunTime:0.0002s ]
SQL: SELECT * FROM `test` WHERE `id` = 619 LIMIT 1   [ RunTime:0.0002s ]
SQL: SELECT * FROM `test` WHERE `id` = 620 LIMIT 1   [ RunTime:0.0003s ]
SQL: SELECT * FROM `test` WHERE `id` = 621 LIMIT 1   [ RunTime:0.0002s ]
SQL: SELECT * FROM `test` WHERE `id` = 623 LIMIT 1   [ RunTime:0.0002s ]
SQL: SELECT * FROM `test` WHERE `id` = 625 LIMIT 1   [ RunTime:0.0002s ]
SQL: SELECT * FROM `test` WHERE `id` = 626 LIMIT 1   [ RunTime:0.0002s ]
SQL: SHOW COLUMNS FROM `jtest` [ RunTime:0.0026s ]
SQL: SELECT * FROM `jtest` WHERE `id` = 200 LIMIT 1   [ RunTime:0.0002s ]
SQL: SELECT * FROM `jtest` WHERE `id` = 201 LIMIT 1   [ RunTime:0.0002s ]

[ 2017-10-24T14:36:07+08:00 ] 127.0.0.1 /nut/Home/Api/info?id=12
INFO: [ app_init ] --START--
INFO: Run Behavior\BuildLiteBehavior [ RunTime:0.000118s ]
INFO: [ app_init ] --END-- [ RunTime:0.001535s ]
INFO: [ app_begin ] --START--
INFO: Run Behavior\ReadHtmlCacheBehavior [ RunTime:0.000893s ]
INFO: [ app_begin ] --END-- [ RunTime:0.001017s ]
SQL: SHOW COLUMNS FROM `grade` [ RunTime:0.0026s ]
SQL: SELECT * FROM `grade` WHERE `gid` = 12 LIMIT 1   [ RunTime:0.0003s ]
SQL: SHOW COLUMNS FROM `paper` [ RunTime:0.0028s ]
SQL: SELECT * FROM `paper` WHERE `pid` = 79 LIMIT 1   [ RunTime:0.0003s ]
SQL: SHOW COLUMNS FROM `painfo` [ RunTime:0.0024s ]
SQL: SELECT * FROM `painfo` WHERE `pid` = 79 LIMIT 1   [ RunTime:0.0003s ]
SQL: SHOW COLUMNS FROM `type` [ RunTime:0.0023s ]
SQL: SELECT * FROM `type` WHERE `typeid` = 69 LIMIT 1   [ RunTime:0.0002s ]
SQL: SHOW COLUMNS FROM `answer` [ RunTime:0.0023s ]
SQL: SELECT * FROM `answer` WHERE `gid` = 12 LIMIT 1   [ RunTime:0.0002s ]
SQL: SHOW COLUMNS FROM `test` [ RunTime:0.0024s ]
SQL: SELECT * FROM `test` WHERE `id` = 614 LIMIT 1   [ RunTime:0.0003s ]
SQL: SELECT * FROM `test` WHERE `id` = 615 LIMIT 1   [ RunTime:0.0002s ]
SQL: SELECT * FROM `test` WHERE `id` = 616 LIMIT 1   [ RunTime:0.0002s ]
SQL: SELECT * FROM `test` WHERE `id` = 617 LIMIT 1   [ RunTime:0.0002s ]
SQL: SELECT * FROM `test` WHERE `id` = 619 LIMIT 1   [ RunTime:0.0002s ]
SQL: SELECT * FROM `test` WHERE `id` = 620 LIMIT 1   [ RunTime:0.0002s ]
SQL: SELECT * FROM `test` WHERE `id` = 621 LIMIT 1   [ RunTime:0.0002s ]
SQL: SELECT * FROM `test` WHERE `id` = 623 LIMIT 1   [ RunTime:0.0002s ]
SQL: SELECT * FROM `test` WHERE `id` = 625 LIMIT 1   [ RunTime:0.0002s ]
SQL: SELECT * FROM `test` WHERE `id` = 626 LIMIT 1   [ RunTime:0.0002s ]
SQL: SHOW COLUMNS FROM `jtest` [ RunTime:0.0026s ]
SQL: SELECT * FROM `jtest` WHERE `id` = 200 LIMIT 1   [ RunTime:0.0002s ]
SQL: SELECT * FROM `jtest` WHERE `id` = 201 LIMIT 1   [ RunTime:0.0002s ]

[ 2017-10-24T14:36:10+08:00 ] 127.0.0.1 /nut/Home/Api/userinfo?id=22
INFO: [ app_init ] --START--
INFO: Run Behavior\BuildLiteBehavior [ RunTime:0.000012s ]
INFO: [ app_init ] --END-- [ RunTime:0.000388s ]
INFO: [ app_begin ] --START--
INFO: Run Behavior\ReadHtmlCacheBehavior [ RunTime:0.000536s ]
INFO: [ app_begin ] --END-- [ RunTime:0.000577s ]
SQL: SHOW COLUMNS FROM `student` [ RunTime:0.0068s ]
SQL: SELECT * FROM `student` WHERE `sid` = 22 LIMIT 1   [ RunTime:0.0003s ]
SQL: SHOW COLUMNS FROM `grade` [ RunTime:0.0032s ]
SQL: SELECT SUM(score) AS tp_sum FROM `grade` WHERE ( sid=22 ) LIMIT 1   [ RunTime:0.0026s ]
SQL: SELECT * FROM `grade` WHERE `sid` = 22  [ RunTime:0.0002s ]
NOTIC: [2] Division by zero C:\xampp\htdocs\nut\App\Home\Controller\ApiController.class.php 第 278 行.

[ 2017-10-24T14:36:18+08:00 ] 127.0.0.1 /nut/Home/Api/testlist?id=21
INFO: [ app_init ] --START--
INFO: Run Behavior\BuildLiteBehavior [ RunTime:0.000017s ]
INFO: [ app_init ] --END-- [ RunTime:0.001473s ]
INFO: [ app_begin ] --START--
INFO: Run Behavior\ReadHtmlCacheBehavior [ RunTime:0.000852s ]
INFO: [ app_begin ] --END-- [ RunTime:0.000914s ]
SQL: SHOW COLUMNS FROM `grade` [ RunTime:0.0031s ]
SQL: SELECT * FROM `grade` WHERE `sid` = 21  [ RunTime:0.0004s ]
SQL: SHOW COLUMNS FROM `painfo` [ RunTime:0.0031s ]
SQL: SELECT * FROM `painfo` WHERE `pid` = 79 LIMIT 1   [ RunTime:0.0003s ]

[ 2017-10-24T14:36:20+08:00 ] 127.0.0.1 /nut/Home/Api/testlist?id=21
INFO: [ app_init ] --START--
INFO: Run Behavior\BuildLiteBehavior [ RunTime:0.000011s ]
INFO: [ app_init ] --END-- [ RunTime:0.000428s ]
INFO: [ app_begin ] --START--
INFO: Run Behavior\ReadHtmlCacheBehavior [ RunTime:0.000511s ]
INFO: [ app_begin ] --END-- [ RunTime:0.000548s ]
SQL: SHOW COLUMNS FROM `grade` [ RunTime:0.0034s ]
SQL: SELECT * FROM `grade` WHERE `sid` = 21  [ RunTime:0.0003s ]
SQL: SHOW COLUMNS FROM `painfo` [ RunTime:0.0025s ]
SQL: SELECT * FROM `painfo` WHERE `pid` = 79 LIMIT 1   [ RunTime:0.0003s ]

[ 2017-10-24T14:39:48+08:00 ] 127.0.0.1 /nut/Home/Api/testlist?id=21
INFO: [ app_init ] --START--
INFO: Run Behavior\BuildLiteBehavior [ RunTime:0.000011s ]
INFO: [ app_init ] --END-- [ RunTime:0.000532s ]
INFO: [ app_begin ] --START--
INFO: Run Behavior\ReadHtmlCacheBehavior [ RunTime:0.000588s ]
INFO: [ app_begin ] --END-- [ RunTime:0.000627s ]
SQL: SHOW COLUMNS FROM `grade` [ RunTime:0.0137s ]
SQL: SELECT * FROM `grade` WHERE `sid` = 21  [ RunTime:0.0003s ]
SQL: SHOW COLUMNS FROM `painfo` [ RunTime:0.0024s ]
SQL: SELECT * FROM `painfo` WHERE `pid` = 79 LIMIT 1   [ RunTime:0.0003s ]

[ 2017-10-24T15:10:51+08:00 ] 127.0.0.1 /nut/Home/Api/testlist?id=21
INFO: [ app_init ] --START--
INFO: Run Behavior\BuildLiteBehavior [ RunTime:0.000011s ]
INFO: [ app_init ] --END-- [ RunTime:0.000455s ]
INFO: [ app_begin ] --START--
INFO: Run Behavior\ReadHtmlCacheBehavior [ RunTime:0.000539s ]
INFO: [ app_begin ] --END-- [ RunTime:0.000576s ]
SQL: SHOW COLUMNS FROM `grade` [ RunTime:0.0027s ]
SQL: SELECT * FROM `grade` WHERE `sid` = 21  [ RunTime:0.0003s ]
SQL: SHOW COLUMNS FROM `painfo` [ RunTime:0.0023s ]
SQL: SELECT * FROM `painfo` WHERE `pid` = 79 LIMIT 1   [ RunTime:0.0002s ]

[ 2017-10-24T15:19:04+08:00 ] 127.0.0.1 /nut/Home/Api/testlist?id=21
INFO: [ app_init ] --START--
INFO: Run Behavior\BuildLiteBehavior [ RunTime:0.000027s ]
INFO: [ app_init ] --END-- [ RunTime:0.001303s ]
INFO: [ app_begin ] --START--
INFO: Run Behavior\ReadHtmlCacheBehavior [ RunTime:0.001672s ]
INFO: [ app_begin ] --END-- [ RunTime:0.001778s ]
SQL: SHOW COLUMNS FROM `grade` [ RunTime:0.0073s ]
SQL: SELECT * FROM `grade` WHERE `sid` = 21  [ RunTime:0.0006s ]
SQL: SHOW COLUMNS FROM `painfo` [ RunTime:0.0071s ]
SQL: SELECT * FROM `painfo` WHERE `pid` = 79 LIMIT 1   [ RunTime:0.0018s ]

[ 2017-10-24T15:19:05+08:00 ] 127.0.0.1 /nut/Home/Api/testlist?id=21
INFO: [ app_init ] --START--
INFO: Run Behavior\BuildLiteBehavior [ RunTime:0.000045s ]
INFO: [ app_init ] --END-- [ RunTime:0.001408s ]
INFO: [ app_begin ] --START--
INFO: Run Behavior\ReadHtmlCacheBehavior [ RunTime:0.001161s ]
INFO: [ app_begin ] --END-- [ RunTime:0.001258s ]
SQL: SHOW COLUMNS FROM `grade` [ RunTime:0.0056s ]
SQL: SELECT * FROM `grade` WHERE `sid` = 21  [ RunTime:0.0006s ]
SQL: SHOW COLUMNS FROM `painfo` [ RunTime:0.0089s ]
SQL: SELECT * FROM `painfo` WHERE `pid` = 79 LIMIT 1   [ RunTime:0.0021s ]

[ 2017-10-24T15:28:45+08:00 ] 127.0.0.1 /nut/Home/Api/testlist?id=21
INFO: [ app_init ] --START--
INFO: Run Behavior\BuildLiteBehavior [ RunTime:0.000023s ]
INFO: [ app_init ] --END-- [ RunTime:0.000981s ]
INFO: [ app_begin ] --START--
INFO: Run Behavior\ReadHtmlCacheBehavior [ RunTime:0.002023s ]
INFO: [ app_begin ] --END-- [ RunTime:0.002127s ]
SQL: SHOW COLUMNS FROM `grade` [ RunTime:0.0078s ]
SQL: SELECT * FROM `grade` WHERE `sid` = 21  [ RunTime:0.0010s ]
SQL: SHOW COLUMNS FROM `painfo` [ RunTime:0.0040s ]
SQL: SELECT * FROM `painfo` WHERE `pid` = 79 LIMIT 1   [ RunTime:0.0005s ]

[ 2017-10-24T15:28:45+08:00 ] 127.0.0.1 /nut/Home/Api/testlist?id=21
INFO: [ app_init ] --START--
INFO: Run Behavior\BuildLiteBehavior [ RunTime:0.000027s ]
INFO: [ app_init ] --END-- [ RunTime:0.000999s ]
INFO: [ app_begin ] --START--
INFO: Run Behavior\ReadHtmlCacheBehavior [ RunTime:0.001585s ]
INFO: [ app_begin ] --END-- [ RunTime:0.001708s ]
SQL: SHOW COLUMNS FROM `grade` [ RunTime:0.0037s ]
SQL: SELECT * FROM `grade` WHERE `sid` = 21  [ RunTime:0.0005s ]
SQL: SHOW COLUMNS FROM `painfo` [ RunTime:0.0043s ]
SQL: SELECT * FROM `painfo` WHERE `pid` = 79 LIMIT 1   [ RunTime:0.0012s ]

[ 2017-10-24T15:33:09+08:00 ] 127.0.0.1 /nut/Home/Api/testlist?id=21
INFO: [ app_init ] --START--
INFO: Run Behavior\BuildLiteBehavior [ RunTime:0.000016s ]
INFO: [ app_init ] --END-- [ RunTime:0.000548s ]
INFO: [ app_begin ] --START--
INFO: Run Behavior\ReadHtmlCacheBehavior [ RunTime:0.001146s ]
INFO: [ app_begin ] --END-- [ RunTime:0.001237s ]
SQL: SHOW COLUMNS FROM `grade` [ RunTime:0.0069s ]
SQL: SELECT * FROM `grade` WHERE `sid` = 21  [ RunTime:0.0009s ]
SQL: SHOW COLUMNS FROM `painfo` [ RunTime:0.0082s ]
SQL: SELECT * FROM `painfo` WHERE `pid` = 79 LIMIT 1   [ RunTime:0.0005s ]

[ 2017-10-24T15:33:09+08:00 ] 127.0.0.1 /nut/Home/Api/testlist?id=21
INFO: [ app_init ] --START--
INFO: Run Behavior\BuildLiteBehavior [ RunTime:0.000016s ]
INFO: [ app_init ] --END-- [ RunTime:0.000611s ]
INFO: [ app_begin ] --START--
INFO: Run Behavior\ReadHtmlCacheBehavior [ RunTime:0.001037s ]
INFO: [ app_begin ] --END-- [ RunTime:0.001135s ]
SQL: SHOW COLUMNS FROM `grade` [ RunTime:0.0064s ]
SQL: SELECT * FROM `grade` WHERE `sid` = 21  [ RunTime:0.0005s ]
SQL: SHOW COLUMNS FROM `painfo` [ RunTime:0.0091s ]
SQL: SELECT * FROM `painfo` WHERE `pid` = 79 LIMIT 1   [ RunTime:0.0005s ]

[ 2017-10-24T15:34:05+08:00 ] 127.0.0.1 /nut/Home/Api/testlist?id=21
INFO: [ app_init ] --START--
INFO: Run Behavior\BuildLiteBehavior [ RunTime:0.000023s ]
INFO: [ app_init ] --END-- [ RunTime:0.000709s ]
INFO: [ app_begin ] --START--
INFO: Run Behavior\ReadHtmlCacheBehavior [ RunTime:0.001474s ]
INFO: [ app_begin ] --END-- [ RunTime:0.001555s ]
SQL: SHOW COLUMNS FROM `grade` [ RunTime:0.0047s ]
SQL: SELECT * FROM `grade` WHERE `sid` = 21  [ RunTime:0.0003s ]
SQL: SHOW COLUMNS FROM `painfo` [ RunTime:0.0045s ]
SQL: SELECT * FROM `painfo` WHERE `pid` = 79 LIMIT 1   [ RunTime:0.0003s ]

[ 2017-10-24T15:34:05+08:00 ] 127.0.0.1 /nut/Home/Api/testlist?id=21
INFO: [ app_init ] --START--
INFO: Run Behavior\BuildLiteBehavior [ RunTime:0.000023s ]
INFO: [ app_init ] --END-- [ RunTime:0.000717s ]
INFO: [ app_begin ] --START--
INFO: Run Behavior\ReadHtmlCacheBehavior [ RunTime:0.000903s ]
INFO: [ app_begin ] --END-- [ RunTime:0.000978s ]
SQL: SHOW COLUMNS FROM `grade` [ RunTime:0.0054s ]
SQL: SELECT * FROM `grade` WHERE `sid` = 21  [ RunTime:0.0013s ]
SQL: SHOW COLUMNS FROM `painfo` [ RunTime:0.0043s ]
SQL: SELECT * FROM `painfo` WHERE `pid` = 79 LIMIT 1   [ RunTime:0.0004s ]

[ 2017-10-24T15:37:32+08:00 ] 127.0.0.1 /nut/Home/Api/userinfo?id=22
INFO: [ app_init ] --START--
INFO: Run Behavior\BuildLiteBehavior [ RunTime:0.000012s ]
INFO: [ app_init ] --END-- [ RunTime:0.000707s ]
INFO: [ app_begin ] --START--
INFO: Run Behavior\ReadHtmlCacheBehavior [ RunTime:0.000741s ]
INFO: [ app_begin ] --END-- [ RunTime:0.000785s ]
SQL: SHOW COLUMNS FROM `student` [ RunTime:0.0052s ]
SQL: SELECT * FROM `student` WHERE `sid` = 22 LIMIT 1   [ RunTime:0.0005s ]
SQL: SHOW COLUMNS FROM `grade` [ RunTime:0.0039s ]
SQL: SELECT SUM(score) AS tp_sum FROM `grade` WHERE ( sid=22 ) LIMIT 1   [ RunTime:0.0005s ]
SQL: SELECT * FROM `grade` WHERE `sid` = 22  [ RunTime:0.0002s ]
NOTIC: [2] Division by zero C:\xampp\htdocs\nut\App\Home\Controller\ApiController.class.php 第 278 行.

[ 2017-10-24T15:37:33+08:00 ] 127.0.0.1 /nut/Home/Api/testlist?id=21
INFO: [ app_init ] --START--
INFO: Run Behavior\BuildLiteBehavior [ RunTime:0.000018s ]
INFO: [ app_init ] --END-- [ RunTime:0.000669s ]
INFO: [ app_begin ] --START--
INFO: Run Behavior\ReadHtmlCacheBehavior [ RunTime:0.000789s ]
INFO: [ app_begin ] --END-- [ RunTime:0.000858s ]
SQL: SHOW COLUMNS FROM `grade` [ RunTime:0.0038s ]
SQL: SELECT * FROM `grade` WHERE `sid` = 21  [ RunTime:0.0005s ]
SQL: SHOW COLUMNS FROM `painfo` [ RunTime:0.0036s ]
SQL: SELECT * FROM `painfo` WHERE `pid` = 79 LIMIT 1   [ RunTime:0.0004s ]

[ 2017-10-24T15:40:08+08:00 ] 127.0.0.1 /nut/Home/Api/testlist?id=21
INFO: [ app_init ] --START--
INFO: Run Behavior\BuildLiteBehavior [ RunTime:0.000023s ]
INFO: [ app_init ] --END-- [ RunTime:0.001077s ]
INFO: [ app_begin ] --START--
INFO: Run Behavior\ReadHtmlCacheBehavior [ RunTime:0.001422s ]
INFO: [ app_begin ] --END-- [ RunTime:0.001517s ]
SQL: SHOW COLUMNS FROM `grade` [ RunTime:0.0063s ]
SQL: SELECT * FROM `grade` WHERE `sid` = 21  [ RunTime:0.0005s ]
SQL: SHOW COLUMNS FROM `painfo` [ RunTime:0.0057s ]
SQL: SELECT * FROM `painfo` WHERE `pid` = 79 LIMIT 1   [ RunTime:0.0008s ]

[ 2017-10-24T15:40:08+08:00 ] 127.0.0.1 /nut/Home/Api/testlist?id=21
INFO: [ app_init ] --START--
INFO: Run Behavior\BuildLiteBehavior [ RunTime:0.000020s ]
INFO: [ app_init ] --END-- [ RunTime:0.002222s ]
INFO: [ app_begin ] --START--
INFO: Run Behavior\ReadHtmlCacheBehavior [ RunTime:0.001793s ]
INFO: [ app_begin ] --END-- [ RunTime:0.001918s ]
SQL: SHOW COLUMNS FROM `grade` [ RunTime:0.0058s ]
SQL: SELECT * FROM `grade` WHERE `sid` = 21  [ RunTime:0.0005s ]
SQL: SHOW COLUMNS FROM `painfo` [ RunTime:0.0054s ]
SQL: SELECT * FROM `painfo` WHERE `pid` = 79 LIMIT 1   [ RunTime:0.0008s ]

[ 2017-10-24T15:40:25+08:00 ] 127.0.0.1 /nut/Home/Api/userinfo?id=22
INFO: [ app_init ] --START--
INFO: Run Behavior\BuildLiteBehavior [ RunTime:0.000024s ]
INFO: [ app_init ] --END-- [ RunTime:0.000775s ]
INFO: [ app_begin ] --START--
INFO: Run Behavior\ReadHtmlCacheBehavior [ RunTime:0.001535s ]
INFO: [ app_begin ] --END-- [ RunTime:0.001744s ]
SQL: SHOW COLUMNS FROM `student` [ RunTime:0.0027s ]
SQL: SELECT * FROM `student` WHERE `sid` = 22 LIMIT 1   [ RunTime:0.0003s ]
SQL: SHOW COLUMNS FROM `grade` [ RunTime:0.0024s ]
SQL: SELECT SUM(score) AS tp_sum FROM `grade` WHERE ( sid=22 ) LIMIT 1   [ RunTime:0.0002s ]
SQL: SELECT * FROM `grade` WHERE `sid` = 22  [ RunTime:0.0002s ]
NOTIC: [2] Division by zero C:\xampp\htdocs\nut\App\Home\Controller\ApiController.class.php 第 278 行.

[ 2017-10-24T15:40:42+08:00 ] 127.0.0.1 /nut/Home/Api/testlist?id=21
INFO: [ app_init ] --START--
INFO: Run Behavior\BuildLiteBehavior [ RunTime:0.000074s ]
INFO: [ app_init ] --END-- [ RunTime:0.001599s ]
INFO: [ app_begin ] --START--
INFO: Run Behavior\ReadHtmlCacheBehavior [ RunTime:0.001089s ]
INFO: [ app_begin ] --END-- [ RunTime:0.001178s ]
SQL: SHOW COLUMNS FROM `grade` [ RunTime:0.0073s ]
SQL: SELECT * FROM `grade` WHERE `sid` = 21  [ RunTime:0.0006s ]
SQL: SHOW COLUMNS FROM `painfo` [ RunTime:0.0064s ]
SQL: SELECT * FROM `painfo` WHERE `pid` = 79 LIMIT 1   [ RunTime:0.0009s ]

[ 2017-10-24T15:40:42+08:00 ] 127.0.0.1 /nut/Home/Api/testlist?id=21
INFO: [ app_init ] --START--
INFO: Run Behavior\BuildLiteBehavior [ RunTime:0.000024s ]
INFO: [ app_init ] --END-- [ RunTime:0.001289s ]
INFO: [ app_begin ] --START--
INFO: Run Behavior\ReadHtmlCacheBehavior [ RunTime:0.001099s ]
INFO: [ app_begin ] --END-- [ RunTime:0.001231s ]
SQL: SHOW COLUMNS FROM `grade` [ RunTime:0.0074s ]
SQL: SELECT * FROM `grade` WHERE `sid` = 21  [ RunTime:0.0004s ]
SQL: SHOW COLUMNS FROM `painfo` [ RunTime:0.0167s ]
SQL: SELECT * FROM `painfo` WHERE `pid` = 79 LIMIT 1   [ RunTime:0.0014s ]

[ 2017-10-24T15:46:33+08:00 ] 127.0.0.1 /nut/Home/Api/testlist?id=21
INFO: [ app_init ] --START--
INFO: Run Behavior\BuildLiteBehavior [ RunTime:0.000019s ]
INFO: [ app_init ] --END-- [ RunTime:0.001635s ]
INFO: [ app_begin ] --START--
INFO: Run Behavior\ReadHtmlCacheBehavior [ RunTime:0.001004s ]
INFO: [ app_begin ] --END-- [ RunTime:0.001078s ]
SQL: SHOW COLUMNS FROM `grade` [ RunTime:0.0059s ]
SQL: SELECT * FROM `grade` WHERE `sid` = 21  [ RunTime:0.0003s ]
SQL: SHOW COLUMNS FROM `painfo` [ RunTime:0.0055s ]
SQL: SELECT * FROM `painfo` WHERE `pid` = 79 LIMIT 1   [ RunTime:0.0009s ]

[ 2017-10-24T15:46:54+08:00 ] 127.0.0.1 /nut/Home/Api/paper?code=lUUcf
INFO: [ app_init ] --START--
INFO: Run Behavior\BuildLiteBehavior [ RunTime:0.000012s ]
INFO: [ app_init ] --END-- [ RunTime:0.000372s ]
INFO: [ app_begin ] --START--
INFO: Run Behavior\ReadHtmlCacheBehavior [ RunTime:0.000675s ]
INFO: [ app_begin ] --END-- [ RunTime:0.000730s ]
SQL: SHOW COLUMNS FROM `painfo` [ RunTime:0.0066s ]
SQL: SELECT * FROM `painfo` WHERE `code` = 'lUUcf' LIMIT 1   [ RunTime:0.0010s ]
SQL: SELECT * FROM `painfo` WHERE `pid` = 79 LIMIT 1   [ RunTime:0.0002s ]
SQL: SHOW COLUMNS FROM `paper` [ RunTime:0.0034s ]
SQL: SELECT * FROM `paper` WHERE `pid` = 79 LIMIT 1   [ RunTime:0.0004s ]
SQL: SHOW COLUMNS FROM `test` [ RunTime:0.0035s ]
SQL: SELECT * FROM `test` WHERE `tyid` = 's' AND `id` = 614 LIMIT 1   [ RunTime:0.0020s ]
SQL: SELECT * FROM `test` WHERE `tyid` = 's' AND `id` = 615 LIMIT 1   [ RunTime:0.0004s ]
SQL: SELECT * FROM `test` WHERE `tyid` = 's' AND `id` = 616 LIMIT 1   [ RunTime:0.0006s ]
SQL: SELECT * FROM `test` WHERE `tyid` = 's' AND `id` = 617 LIMIT 1   [ RunTime:0.0003s ]
SQL: SELECT * FROM `test` WHERE `tyid` = 's' AND `id` = 619 LIMIT 1   [ RunTime:0.0004s ]
SQL: SELECT * FROM `test` WHERE `tyid` = 's' AND `id` = 620 LIMIT 1   [ RunTime:0.0006s ]
SQL: SELECT * FROM `test` WHERE `tyid` = 's' AND `id` = 621 LIMIT 1   [ RunTime:0.0003s ]
SQL: SELECT * FROM `test` WHERE `tyid` = 'd' AND `id` = 623 LIMIT 1   [ RunTime:0.0004s ]
SQL: SELECT * FROM `test` WHERE `tyid` = 'd' AND `id` = 625 LIMIT 1   [ RunTime:0.0004s ]
SQL: SELECT * FROM `test` WHERE `tyid` = 'd' AND `id` = 626 LIMIT 1   [ RunTime:0.0002s ]
SQL: SHOW COLUMNS FROM `jtest` [ RunTime:0.0036s ]
SQL: SELECT * FROM `jtest` WHERE `id` = 200 LIMIT 1   [ RunTime:0.0003s ]
SQL: SELECT * FROM `jtest` WHERE `id` = 201 LIMIT 1   [ RunTime:0.0002s ]

[ 2017-10-24T15:47:12+08:00 ] 127.0.0.1 /nut/Home/Api/testlist?id=21
INFO: [ app_init ] --START--
INFO: Run Behavior\BuildLiteBehavior [ RunTime:0.000022s ]
INFO: [ app_init ] --END-- [ RunTime:0.000711s ]
INFO: [ app_begin ] --START--
INFO: Run Behavior\ReadHtmlCacheBehavior [ RunTime:0.001034s ]
INFO: [ app_begin ] --END-- [ RunTime:0.001126s ]
SQL: SHOW COLUMNS FROM `grade` [ RunTime:0.0049s ]
SQL: SELECT * FROM `grade` WHERE `sid` = 21  [ RunTime:0.0005s ]
SQL: SHOW COLUMNS FROM `painfo` [ RunTime:0.0064s ]
SQL: SELECT * FROM `painfo` WHERE `pid` = 79 LIMIT 1   [ RunTime:0.0004s ]

[ 2017-10-24T15:47:12+08:00 ] 127.0.0.1 /nut/Home/Api/testlist?id=21
INFO: [ app_init ] --START--
INFO: Run Behavior\BuildLiteBehavior [ RunTime:0.000022s ]
INFO: [ app_init ] --END-- [ RunTime:0.000869s ]
INFO: [ app_begin ] --START--
INFO: Run Behavior\ReadHtmlCacheBehavior [ RunTime:0.002048s ]
INFO: [ app_begin ] --END-- [ RunTime:0.002155s ]
SQL: SHOW COLUMNS FROM `grade` [ RunTime:0.0054s ]
SQL: SELECT * FROM `grade` WHERE `sid` = 21  [ RunTime:0.0005s ]
SQL: SHOW COLUMNS FROM `painfo` [ RunTime:0.0063s ]
SQL: SELECT * FROM `painfo` WHERE `pid` = 79 LIMIT 1   [ RunTime:0.0004s ]

[ 2017-10-24T15:47:12+08:00 ] 127.0.0.1 /nut/Home/Api/testlist?id=21
INFO: [ app_init ] --START--
INFO: Run Behavior\BuildLiteBehavior [ RunTime:0.000029s ]
INFO: [ app_init ] --END-- [ RunTime:0.002791s ]
INFO: [ app_begin ] --START--
INFO: Run Behavior\ReadHtmlCacheBehavior [ RunTime:0.001439s ]
INFO: [ app_begin ] --END-- [ RunTime:0.001573s ]
SQL: SHOW COLUMNS FROM `grade` [ RunTime:0.0081s ]
SQL: SELECT * FROM `grade` WHERE `sid` = 21  [ RunTime:0.0004s ]
SQL: SHOW COLUMNS FROM `painfo` [ RunTime:0.0051s ]
SQL: SELECT * FROM `painfo` WHERE `pid` = 79 LIMIT 1   [ RunTime:0.0005s ]

[ 2017-10-24T15:47:12+08:00 ] 127.0.0.1 /nut/Home/Api/testlist?id=21
INFO: [ app_init ] --START--
INFO: Run Behavior\BuildLiteBehavior [ RunTime:0.000026s ]
INFO: [ app_init ] --END-- [ RunTime:0.000846s ]
INFO: [ app_begin ] --START--
INFO: Run Behavior\ReadHtmlCacheBehavior [ RunTime:0.011479s ]
INFO: [ app_begin ] --END-- [ RunTime:0.011593s ]
SQL: SHOW COLUMNS FROM `grade` [ RunTime:0.0069s ]
SQL: SELECT * FROM `grade` WHERE `sid` = 21  [ RunTime:0.0005s ]
SQL: SHOW COLUMNS FROM `painfo` [ RunTime:0.0046s ]
SQL: SELECT * FROM `painfo` WHERE `pid` = 79 LIMIT 1   [ RunTime:0.0006s ]

[ 2017-10-24T15:47:12+08:00 ] 127.0.0.1 /nut/Home/Api/testlist?id=21
INFO: [ app_init ] --START--
INFO: Run Behavior\BuildLiteBehavior [ RunTime:0.000030s ]
INFO: [ app_init ] --END-- [ RunTime:0.001114s ]
INFO: [ app_begin ] --START--
INFO: Run Behavior\ReadHtmlCacheBehavior [ RunTime:0.011569s ]
INFO: [ app_begin ] --END-- [ RunTime:0.011813s ]
SQL: SHOW COLUMNS FROM `grade` [ RunTime:0.0051s ]
SQL: SELECT * FROM `grade` WHERE `sid` = 21  [ RunTime:0.0004s ]
SQL: SHOW COLUMNS FROM `painfo` [ RunTime:0.0046s ]
SQL: SELECT * FROM `painfo` WHERE `pid` = 79 LIMIT 1   [ RunTime:0.0005s ]

[ 2017-10-24T15:48:46+08:00 ] 127.0.0.1 /nut/Home/Api/testlist?id=21
INFO: [ app_init ] --START--
INFO: Run Behavior\BuildLiteBehavior [ RunTime:0.000017s ]
INFO: [ app_init ] --END-- [ RunTime:0.000728s ]
INFO: [ app_begin ] --START--
INFO: Run Behavior\ReadHtmlCacheBehavior [ RunTime:0.001004s ]
INFO: [ app_begin ] --END-- [ RunTime:0.001067s ]
SQL: SHOW COLUMNS FROM `grade` [ RunTime:0.0035s ]
SQL: SELECT * FROM `grade` WHERE `sid` = 21  [ RunTime:0.0015s ]
SQL: SHOW COLUMNS FROM `painfo` [ RunTime:0.0047s ]
SQL: SELECT * FROM `painfo` WHERE `pid` = 79 LIMIT 1   [ RunTime:0.0005s ]

[ 2017-10-24T15:48:46+08:00 ] 127.0.0.1 /nut/Home/Api/testlist?id=21
INFO: [ app_init ] --START--
INFO: Run Behavior\BuildLiteBehavior [ RunTime:0.000015s ]
INFO: [ app_init ] --END-- [ RunTime:0.000470s ]
INFO: [ app_begin ] --START--
INFO: Run Behavior\ReadHtmlCacheBehavior [ RunTime:0.000643s ]
INFO: [ app_begin ] --END-- [ RunTime:0.000708s ]
SQL: SHOW COLUMNS FROM `grade` [ RunTime:0.0036s ]
SQL: SELECT * FROM `grade` WHERE `sid` = 21  [ RunTime:0.0004s ]
SQL: SHOW COLUMNS FROM `painfo` [ RunTime:0.0032s ]
SQL: SELECT * FROM `painfo` WHERE `pid` = 79 LIMIT 1   [ RunTime:0.0003s ]

[ 2017-10-24T16:57:07+08:00 ] 127.0.0.1 /nut/Home/Api/testlist?id=21
INFO: [ app_init ] --START--
INFO: Run Behavior\BuildLiteBehavior [ RunTime:0.000023s ]
INFO: [ app_init ] --END-- [ RunTime:0.000985s ]
INFO: [ app_begin ] --START--
INFO: Run Behavior\ReadHtmlCacheBehavior [ RunTime:0.001287s ]
INFO: [ app_begin ] --END-- [ RunTime:0.001358s ]
SQL: SHOW COLUMNS FROM `grade` [ RunTime:0.0142s ]
SQL: SELECT * FROM `grade` WHERE `sid` = 21  [ RunTime:0.0005s ]
SQL: SHOW COLUMNS FROM `painfo` [ RunTime:0.0064s ]
SQL: SELECT * FROM `painfo` WHERE `pid` = 79 LIMIT 1   [ RunTime:0.0007s ]

[ 2017-10-24T16:57:07+08:00 ] 127.0.0.1 /nut/Home/Api/testlist?id=21
INFO: [ app_init ] --START--
INFO: Run Behavior\BuildLiteBehavior [ RunTime:0.000018s ]
INFO: [ app_init ] --END-- [ RunTime:0.000877s ]
INFO: [ app_begin ] --START--
INFO: Run Behavior\ReadHtmlCacheBehavior [ RunTime:0.000745s ]
INFO: [ app_begin ] --END-- [ RunTime:0.000811s ]
SQL: SHOW COLUMNS FROM `grade` [ RunTime:0.0034s ]
SQL: SELECT * FROM `grade` WHERE `sid` = 21  [ RunTime:0.0064s ]
SQL: SHOW COLUMNS FROM `painfo` [ RunTime:0.0081s ]
SQL: SELECT * FROM `painfo` WHERE `pid` = 79 LIMIT 1   [ RunTime:0.0004s ]

[ 2017-10-24T16:58:53+08:00 ] 127.0.0.1 /nut/Home/Api/testlist?id=21
INFO: [ app_init ] --START--
INFO: Run Behavior\BuildLiteBehavior [ RunTime:0.000022s ]
INFO: [ app_init ] --END-- [ RunTime:0.002121s ]
INFO: [ app_begin ] --START--
INFO: Run Behavior\ReadHtmlCacheBehavior [ RunTime:0.001115s ]
INFO: [ app_begin ] --END-- [ RunTime:0.001192s ]
SQL: SHOW COLUMNS FROM `grade` [ RunTime:0.0179s ]
SQL: SELECT * FROM `grade` WHERE `sid` = 21  [ RunTime:0.0022s ]
SQL: SHOW COLUMNS FROM `painfo` [ RunTime:0.0031s ]
SQL: SELECT * FROM `painfo` WHERE `pid` = 79 LIMIT 1   [ RunTime:0.0007s ]

[ 2017-10-24T17:11:41+08:00 ] 127.0.0.1 /nut/Home/Api/testlist?id=21
INFO: [ app_init ] --START--
INFO: Run Behavior\BuildLiteBehavior [ RunTime:0.000020s ]
INFO: [ app_init ] --END-- [ RunTime:0.000759s ]
INFO: [ app_begin ] --START--
INFO: Run Behavior\ReadHtmlCacheBehavior [ RunTime:0.001927s ]
INFO: [ app_begin ] --END-- [ RunTime:0.002034s ]
SQL: SHOW COLUMNS FROM `grade` [ RunTime:0.0081s ]
SQL: SELECT * FROM `grade` WHERE `sid` = 21  [ RunTime:0.0007s ]
SQL: SHOW COLUMNS FROM `painfo` [ RunTime:0.0067s ]
SQL: SELECT * FROM `painfo` WHERE `pid` = 79 LIMIT 1   [ RunTime:0.0010s ]

[ 2017-10-24T17:11:41+08:00 ] 127.0.0.1 /nut/Home/Api/testlist?id=21
INFO: [ app_init ] --START--
INFO: Run Behavior\BuildLiteBehavior [ RunTime:0.000021s ]
INFO: [ app_init ] --END-- [ RunTime:0.000790s ]
INFO: [ app_begin ] --START--
INFO: Run Behavior\ReadHtmlCacheBehavior [ RunTime:0.002364s ]
INFO: [ app_begin ] --END-- [ RunTime:0.002468s ]
SQL: SHOW COLUMNS FROM `grade` [ RunTime:0.0083s ]
SQL: SELECT * FROM `grade` WHERE `sid` = 21  [ RunTime:0.0004s ]
SQL: SHOW COLUMNS FROM `painfo` [ RunTime:0.0108s ]
SQL: SELECT * FROM `painfo` WHERE `pid` = 79 LIMIT 1   [ RunTime:0.0006s ]

[ 2017-10-24T17:12:20+08:00 ] 127.0.0.1 /nut/Home/Api/testlist?id=21
INFO: [ app_init ] --START--
INFO: Run Behavior\BuildLiteBehavior [ RunTime:0.000012s ]
INFO: [ app_init ] --END-- [ RunTime:0.000380s ]
INFO: [ app_begin ] --START--
INFO: Run Behavior\ReadHtmlCacheBehavior [ RunTime:0.000476s ]
INFO: [ app_begin ] --END-- [ RunTime:0.000514s ]
SQL: SHOW COLUMNS FROM `grade` [ RunTime:0.0062s ]
SQL: SELECT * FROM `grade` WHERE `sid` = 21  [ RunTime:0.0005s ]
SQL: SHOW COLUMNS FROM `painfo` [ RunTime:0.0034s ]
SQL: SELECT * FROM `painfo` WHERE `pid` = 79 LIMIT 1   [ RunTime:0.0003s ]

[ 2017-10-24T17:12:20+08:00 ] 127.0.0.1 /nut/Home/Api/testlist?id=21
INFO: [ app_init ] --START--
INFO: Run Behavior\BuildLiteBehavior [ RunTime:0.000013s ]
INFO: [ app_init ] --END-- [ RunTime:0.000407s ]
INFO: [ app_begin ] --START--
INFO: Run Behavior\ReadHtmlCacheBehavior [ RunTime:0.000683s ]
INFO: [ app_begin ] --END-- [ RunTime:0.000726s ]
SQL: SHOW COLUMNS FROM `grade` [ RunTime:0.0031s ]
SQL: SELECT * FROM `grade` WHERE `sid` = 21  [ RunTime:0.0003s ]
SQL: SHOW COLUMNS FROM `painfo` [ RunTime:0.0023s ]
SQL: SELECT * FROM `painfo` WHERE `pid` = 79 LIMIT 1   [ RunTime:0.0003s ]

[ 2017-10-24T17:15:41+08:00 ] 127.0.0.1 /nut/Home/Api/testlist?id=21
INFO: [ app_init ] --START--
INFO: Run Behavior\BuildLiteBehavior [ RunTime:0.000028s ]
INFO: [ app_init ] --END-- [ RunTime:0.002881s ]
INFO: [ app_begin ] --START--
INFO: Run Behavior\ReadHtmlCacheBehavior [ RunTime:0.002222s ]
INFO: [ app_begin ] --END-- [ RunTime:0.002324s ]
SQL: SHOW COLUMNS FROM `grade` [ RunTime:0.0065s ]
SQL: SELECT * FROM `grade` WHERE `sid` = 21  [ RunTime:0.0005s ]
SQL: SHOW COLUMNS FROM `painfo` [ RunTime:0.0054s ]
SQL: SELECT * FROM `painfo` WHERE `pid` = 79 LIMIT 1   [ RunTime:0.0005s ]

[ 2017-10-24T17:15:41+08:00 ] 127.0.0.1 /nut/Home/Api/testlist?id=21
INFO: [ app_init ] --START--
INFO: Run Behavior\BuildLiteBehavior [ RunTime:0.000021s ]
INFO: [ app_init ] --END-- [ RunTime:0.000768s ]
INFO: [ app_begin ] --START--
INFO: Run Behavior\ReadHtmlCacheBehavior [ RunTime:0.001227s ]
INFO: [ app_begin ] --END-- [ RunTime:0.001329s ]
SQL: SHOW COLUMNS FROM `grade` [ RunTime:0.0059s ]
SQL: SELECT * FROM `grade` WHERE `sid` = 21  [ RunTime:0.0006s ]
SQL: SHOW COLUMNS FROM `painfo` [ RunTime:0.0061s ]
SQL: SELECT * FROM `painfo` WHERE `pid` = 79 LIMIT 1   [ RunTime:0.0007s ]

[ 2017-10-24T17:21:12+08:00 ] 127.0.0.1 /nut/Home/Api/testlist?id=21
INFO: [ app_init ] --START--
INFO: Run Behavior\BuildLiteBehavior [ RunTime:0.000076s ]
INFO: [ app_init ] --END-- [ RunTime:0.002533s ]
INFO: [ app_begin ] --START--
INFO: Run Behavior\ReadHtmlCacheBehavior [ RunTime:0.001655s ]
INFO: [ app_begin ] --END-- [ RunTime:0.001973s ]
SQL: SHOW COLUMNS FROM `grade` [ RunTime:0.0061s ]
SQL: SELECT * FROM `grade` WHERE `sid` = 21  [ RunTime:0.0005s ]
SQL: SHOW COLUMNS FROM `painfo` [ RunTime:0.0059s ]
SQL: SELECT * FROM `painfo` WHERE `pid` = 79 LIMIT 1   [ RunTime:0.0013s ]

[ 2017-10-24T17:21:12+08:00 ] 127.0.0.1 /nut/Home/Api/testlist?id=21
INFO: [ app_init ] --START--
INFO: Run Behavior\BuildLiteBehavior [ RunTime:0.000023s ]
INFO: [ app_init ] --END-- [ RunTime:0.001003s ]
INFO: [ app_begin ] --START--
INFO: Run Behavior\ReadHtmlCacheBehavior [ RunTime:0.001806s ]
INFO: [ app_begin ] --END-- [ RunTime:0.001889s ]
SQL: SHOW COLUMNS FROM `grade` [ RunTime:0.0052s ]
SQL: SELECT * FROM `grade` WHERE `sid` = 21  [ RunTime:0.0005s ]
SQL: SHOW COLUMNS FROM `painfo` [ RunTime:0.0073s ]
SQL: SELECT * FROM `painfo` WHERE `pid` = 79 LIMIT 1   [ RunTime:0.0006s ]

[ 2017-10-24T17:22:39+08:00 ] 127.0.0.1 /nut/Home/Api/testlist?id=21
INFO: [ app_init ] --START--
INFO: Run Behavior\BuildLiteBehavior [ RunTime:0.000023s ]
INFO: [ app_init ] --END-- [ RunTime:0.000882s ]
INFO: [ app_begin ] --START--
INFO: Run Behavior\ReadHtmlCacheBehavior [ RunTime:0.002028s ]
INFO: [ app_begin ] --END-- [ RunTime:0.002329s ]
SQL: SHOW COLUMNS FROM `grade` [ RunTime:0.0104s ]
SQL: SELECT * FROM `grade` WHERE `sid` = 21  [ RunTime:0.0009s ]
SQL: SHOW COLUMNS FROM `painfo` [ RunTime:0.0062s ]
SQL: SELECT * FROM `painfo` WHERE `pid` = 79 LIMIT 1   [ RunTime:0.0006s ]

[ 2017-10-24T17:22:39+08:00 ] 127.0.0.1 /nut/Home/Api/testlist?id=21
INFO: [ app_init ] --START--
INFO: Run Behavior\BuildLiteBehavior [ RunTime:0.000027s ]
INFO: [ app_init ] --END-- [ RunTime:0.002062s ]
INFO: [ app_begin ] --START--
INFO: Run Behavior\ReadHtmlCacheBehavior [ RunTime:0.001543s ]
INFO: [ app_begin ] --END-- [ RunTime:0.002570s ]
SQL: SHOW COLUMNS FROM `grade` [ RunTime:0.0079s ]
SQL: SELECT * FROM `grade` WHERE `sid` = 21  [ RunTime:0.0009s ]
SQL: SHOW COLUMNS FROM `painfo` [ RunTime:0.0062s ]
SQL: SELECT * FROM `painfo` WHERE `pid` = 79 LIMIT 1   [ RunTime:0.0006s ]

[ 2017-10-24T17:23:29+08:00 ] 127.0.0.1 /nut/Home/Api/testlist?id=21
INFO: [ app_init ] --START--
INFO: Run Behavior\BuildLiteBehavior [ RunTime:0.000014s ]
INFO: [ app_init ] --END-- [ RunTime:0.000445s ]
INFO: [ app_begin ] --START--
INFO: Run Behavior\ReadHtmlCacheBehavior [ RunTime:0.001148s ]
INFO: [ app_begin ] --END-- [ RunTime:0.001377s ]
SQL: SHOW COLUMNS FROM `grade` [ RunTime:0.0037s ]
SQL: SELECT * FROM `grade` WHERE `sid` = 21  [ RunTime:0.0003s ]
SQL: SHOW COLUMNS FROM `painfo` [ RunTime:0.0040s ]
SQL: SELECT * FROM `painfo` WHERE `pid` = 79 LIMIT 1   [ RunTime:0.0005s ]

[ 2017-10-24T17:23:29+08:00 ] 127.0.0.1 /nut/Home/Api/testlist?id=21
INFO: [ app_init ] --START--
INFO: Run Behavior\BuildLiteBehavior [ RunTime:0.000017s ]
INFO: [ app_init ] --END-- [ RunTime:0.000611s ]
INFO: [ app_begin ] --START--
INFO: Run Behavior\ReadHtmlCacheBehavior [ RunTime:0.002742s ]
INFO: [ app_begin ] --END-- [ RunTime:0.002804s ]
SQL: SHOW COLUMNS FROM `grade` [ RunTime:0.0033s ]
SQL: SELECT * FROM `grade` WHERE `sid` = 21  [ RunTime:0.0003s ]
SQL: SHOW COLUMNS FROM `painfo` [ RunTime:0.0042s ]
SQL: SELECT * FROM `painfo` WHERE `pid` = 79 LIMIT 1   [ RunTime:0.0004s ]

[ 2017-10-24T17:52:41+08:00 ] 127.0.0.1 /nut/Home/Api/testlist?id=21
INFO: [ app_init ] --START--
INFO: Run Behavior\BuildLiteBehavior [ RunTime:0.000032s ]
INFO: [ app_init ] --END-- [ RunTime:0.001489s ]
INFO: [ app_begin ] --START--
INFO: Run Behavior\ReadHtmlCacheBehavior [ RunTime:0.001530s ]
INFO: [ app_begin ] --END-- [ RunTime:0.001632s ]
SQL: SHOW COLUMNS FROM `grade` [ RunTime:0.0234s ]
SQL: SELECT * FROM `grade` WHERE `sid` = 21  [ RunTime:0.0045s ]
SQL: SHOW COLUMNS FROM `painfo` [ RunTime:0.0052s ]
SQL: SELECT * FROM `painfo` WHERE `pid` = 79 LIMIT 1   [ RunTime:0.0012s ]

[ 2017-10-24T17:55:12+08:00 ] 127.0.0.1 /nut/Home/Api/paper?code=lUUcf
INFO: [ app_init ] --START--
INFO: Run Behavior\BuildLiteBehavior [ RunTime:0.000018s ]
INFO: [ app_init ] --END-- [ RunTime:0.001473s ]
INFO: [ app_begin ] --START--
INFO: Run Behavior\ReadHtmlCacheBehavior [ RunTime:0.001130s ]
INFO: [ app_begin ] --END-- [ RunTime:0.001234s ]
SQL: SHOW COLUMNS FROM `painfo` [ RunTime:0.0037s ]
SQL: SELECT * FROM `painfo` WHERE `code` = 'lUUcf' LIMIT 1   [ RunTime:0.0018s ]
SQL: SELECT * FROM `painfo` WHERE `pid` = 79 LIMIT 1   [ RunTime:0.0002s ]
SQL: SHOW COLUMNS FROM `paper` [ RunTime:0.0069s ]
SQL: SELECT * FROM `paper` WHERE `pid` = 79 LIMIT 1   [ RunTime:0.0006s ]
SQL: SHOW COLUMNS FROM `test` [ RunTime:0.0033s ]
SQL: SELECT * FROM `test` WHERE `tyid` = 's' AND `id` = 614 LIMIT 1   [ RunTime:0.0004s ]
SQL: SELECT * FROM `test` WHERE `tyid` = 's' AND `id` = 615 LIMIT 1   [ RunTime:0.0002s ]
SQL: SELECT * FROM `test` WHERE `tyid` = 's' AND `id` = 616 LIMIT 1   [ RunTime:0.0002s ]
SQL: SELECT * FROM `test` WHERE `tyid` = 's' AND `id` = 617 LIMIT 1   [ RunTime:0.0002s ]
SQL: SELECT * FROM `test` WHERE `tyid` = 's' AND `id` = 619 LIMIT 1   [ RunTime:0.0003s ]
SQL: SELECT * FROM `test` WHERE `tyid` = 's' AND `id` = 620 LIMIT 1   [ RunTime:0.0009s ]
SQL: SELECT * FROM `test` WHERE `tyid` = 's' AND `id` = 621 LIMIT 1   [ RunTime:0.0005s ]
SQL: SELECT * FROM `test` WHERE `tyid` = 'd' AND `id` = 623 LIMIT 1   [ RunTime:0.0004s ]
SQL: SELECT * FROM `test` WHERE `tyid` = 'd' AND `id` = 625 LIMIT 1   [ RunTime:0.0009s ]
SQL: SELECT * FROM `test` WHERE `tyid` = 'd' AND `id` = 626 LIMIT 1   [ RunTime:0.0003s ]
SQL: SHOW COLUMNS FROM `jtest` [ RunTime:0.0070s ]
SQL: SELECT * FROM `jtest` WHERE `id` = 200 LIMIT 1   [ RunTime:0.0004s ]
SQL: SELECT * FROM `jtest` WHERE `id` = 201 LIMIT 1   [ RunTime:0.0002s ]

[ 2017-10-24T17:55:31+08:00 ] 127.0.0.1 /nut/Home/Api/testlist?id=21
INFO: [ app_init ] --START--
INFO: Run Behavior\BuildLiteBehavior [ RunTime:0.000022s ]
INFO: [ app_init ] --END-- [ RunTime:0.000826s ]
INFO: [ app_begin ] --START--
INFO: Run Behavior\ReadHtmlCacheBehavior [ RunTime:0.002771s ]
INFO: [ app_begin ] --END-- [ RunTime:0.002878s ]
SQL: SHOW COLUMNS FROM `grade` [ RunTime:0.0049s ]
SQL: SELECT * FROM `grade` WHERE `sid` = 21  [ RunTime:0.0010s ]
SQL: SHOW COLUMNS FROM `painfo` [ RunTime:0.0053s ]
SQL: SELECT * FROM `painfo` WHERE `pid` = 79 LIMIT 1   [ RunTime:0.0004s ]

[ 2017-10-24T17:55:31+08:00 ] 127.0.0.1 /nut/Home/Api/testlist?id=21
INFO: [ app_init ] --START--
INFO: Run Behavior\BuildLiteBehavior [ RunTime:0.000024s ]
INFO: [ app_init ] --END-- [ RunTime:0.001029s ]
INFO: [ app_begin ] --START--
INFO: Run Behavior\ReadHtmlCacheBehavior [ RunTime:0.001298s ]
INFO: [ app_begin ] --END-- [ RunTime:0.001405s ]
SQL: SHOW COLUMNS FROM `grade` [ RunTime:0.0136s ]
SQL: SELECT * FROM `grade` WHERE `sid` = 21  [ RunTime:0.0004s ]
SQL: SHOW COLUMNS FROM `painfo` [ RunTime:0.0047s ]
SQL: SELECT * FROM `painfo` WHERE `pid` = 79 LIMIT 1   [ RunTime:0.0005s ]

[ 2017-10-24T17:55:31+08:00 ] 127.0.0.1 /nut/Home/Api/testlist?id=21
INFO: [ app_init ] --START--
INFO: Run Behavior\BuildLiteBehavior [ RunTime:0.000022s ]
INFO: [ app_init ] --END-- [ RunTime:0.000933s ]
INFO: [ app_begin ] --START--
INFO: Run Behavior\ReadHtmlCacheBehavior [ RunTime:0.001143s ]
INFO: [ app_begin ] --END-- [ RunTime:0.001238s ]
SQL: SHOW COLUMNS FROM `grade` [ RunTime:0.0045s ]
SQL: SELECT * FROM `grade` WHERE `sid` = 21  [ RunTime:0.0004s ]
SQL: SHOW COLUMNS FROM `painfo` [ RunTime:0.0044s ]
SQL: SELECT * FROM `painfo` WHERE `pid` = 79 LIMIT 1   [ RunTime:0.0005s ]

[ 2017-10-24T17:55:31+08:00 ] 127.0.0.1 /nut/Home/Api/testlist?id=21
INFO: [ app_init ] --START--
INFO: Run Behavior\BuildLiteBehavior [ RunTime:0.000026s ]
INFO: [ app_init ] --END-- [ RunTime:0.007052s ]
INFO: [ app_begin ] --START--
INFO: Run Behavior\ReadHtmlCacheBehavior [ RunTime:0.001235s ]
INFO: [ app_begin ] --END-- [ RunTime:0.003316s ]
SQL: SHOW COLUMNS FROM `grade` [ RunTime:0.0053s ]
SQL: SELECT * FROM `grade` WHERE `sid` = 21  [ RunTime:0.0016s ]
SQL: SHOW COLUMNS FROM `painfo` [ RunTime:0.0059s ]
SQL: SELECT * FROM `painfo` WHERE `pid` = 79 LIMIT 1   [ RunTime:0.0027s ]

[ 2017-10-24T17:55:31+08:00 ] 127.0.0.1 /nut/Home/Api/testlist?id=21
INFO: [ app_init ] --START--
INFO: Run Behavior\BuildLiteBehavior [ RunTime:0.000027s ]
INFO: [ app_init ] --END-- [ RunTime:0.001455s ]
INFO: [ app_begin ] --START--
INFO: Run Behavior\ReadHtmlCacheBehavior [ RunTime:0.016378s ]
INFO: [ app_begin ] --END-- [ RunTime:0.016480s ]
SQL: SHOW COLUMNS FROM `grade` [ RunTime:0.0048s ]
SQL: SELECT * FROM `grade` WHERE `sid` = 21  [ RunTime:0.0003s ]
SQL: SHOW COLUMNS FROM `painfo` [ RunTime:0.0038s ]
SQL: SELECT * FROM `painfo` WHERE `pid` = 79 LIMIT 1   [ RunTime:0.0005s ]

[ 2017-10-24T17:55:34+08:00 ] 127.0.0.1 /nut/Home/Api/paper?code=lUUcf
INFO: [ app_init ] --START--
INFO: Run Behavior\BuildLiteBehavior [ RunTime:0.000017s ]
INFO: [ app_init ] --END-- [ RunTime:0.000602s ]
INFO: [ app_begin ] --START--
INFO: Run Behavior\ReadHtmlCacheBehavior [ RunTime:0.000629s ]
INFO: [ app_begin ] --END-- [ RunTime:0.000669s ]
SQL: SHOW COLUMNS FROM `painfo` [ RunTime:0.0062s ]
SQL: SELECT * FROM `painfo` WHERE `code` = 'lUUcf' LIMIT 1   [ RunTime:0.0004s ]
SQL: SELECT * FROM `painfo` WHERE `pid` = 79 LIMIT 1   [ RunTime:0.0002s ]
SQL: SHOW COLUMNS FROM `paper` [ RunTime:0.0073s ]
SQL: SELECT * FROM `paper` WHERE `pid` = 79 LIMIT 1   [ RunTime:0.0009s ]
SQL: SHOW COLUMNS FROM `test` [ RunTime:0.0054s ]
SQL: SELECT * FROM `test` WHERE `tyid` = 's' AND `id` = 614 LIMIT 1   [ RunTime:0.0007s ]
SQL: SELECT * FROM `test` WHERE `tyid` = 's' AND `id` = 615 LIMIT 1   [ RunTime:0.0003s ]
SQL: SELECT * FROM `test` WHERE `tyid` = 's' AND `id` = 616 LIMIT 1   [ RunTime:0.0002s ]
SQL: SELECT * FROM `test` WHERE `tyid` = 's' AND `id` = 617 LIMIT 1   [ RunTime:0.0003s ]
SQL: SELECT * FROM `test` WHERE `tyid` = 's' AND `id` = 619 LIMIT 1   [ RunTime:0.0002s ]
SQL: SELECT * FROM `test` WHERE `tyid` = 's' AND `id` = 620 LIMIT 1   [ RunTime:0.0002s ]
SQL: SELECT * FROM `test` WHERE `tyid` = 's' AND `id` = 621 LIMIT 1   [ RunTime:0.0002s ]
SQL: SELECT * FROM `test` WHERE `tyid` = 'd' AND `id` = 623 LIMIT 1   [ RunTime:0.0002s ]
SQL: SELECT * FROM `test` WHERE `tyid` = 'd' AND `id` = 625 LIMIT 1   [ RunTime:0.0002s ]
SQL: SELECT * FROM `test` WHERE `tyid` = 'd' AND `id` = 626 LIMIT 1   [ RunTime:0.0002s ]
SQL: SHOW COLUMNS FROM `jtest` [ RunTime:0.0040s ]
SQL: SELECT * FROM `jtest` WHERE `id` = 200 LIMIT 1   [ RunTime:0.0003s ]
SQL: SELECT * FROM `jtest` WHERE `id` = 201 LIMIT 1   [ RunTime:0.0002s ]

[ 2017-10-24T17:55:39+08:00 ] 127.0.0.1 /nut/Home/Api/paper?code=lUUcf
INFO: [ app_init ] --START--
INFO: Run Behavior\BuildLiteBehavior [ RunTime:0.000011s ]
INFO: [ app_init ] --END-- [ RunTime:0.000390s ]
INFO: [ app_begin ] --START--
INFO: Run Behavior\ReadHtmlCacheBehavior [ RunTime:0.001000s ]
INFO: [ app_begin ] --END-- [ RunTime:0.001166s ]
SQL: SHOW COLUMNS FROM `painfo` [ RunTime:0.0030s ]
SQL: SELECT * FROM `painfo` WHERE `code` = 'lUUcf' LIMIT 1   [ RunTime:0.0004s ]
SQL: SELECT * FROM `painfo` WHERE `pid` = 79 LIMIT 1   [ RunTime:0.0002s ]
SQL: SHOW COLUMNS FROM `paper` [ RunTime:0.0054s ]
SQL: SELECT * FROM `paper` WHERE `pid` = 79 LIMIT 1   [ RunTime:0.0008s ]
SQL: SHOW COLUMNS FROM `test` [ RunTime:0.0049s ]
SQL: SELECT * FROM `test` WHERE `tyid` = 's' AND `id` = 614 LIMIT 1   [ RunTime:0.0003s ]
SQL: SELECT * FROM `test` WHERE `tyid` = 's' AND `id` = 615 LIMIT 1   [ RunTime:0.0002s ]
SQL: SELECT * FROM `test` WHERE `tyid` = 's' AND `id` = 616 LIMIT 1   [ RunTime:0.0002s ]
SQL: SELECT * FROM `test` WHERE `tyid` = 's' AND `id` = 617 LIMIT 1   [ RunTime:0.0002s ]
SQL: SELECT * FROM `test` WHERE `tyid` = 's' AND `id` = 619 LIMIT 1   [ RunTime:0.0002s ]
SQL: SELECT * FROM `test` WHERE `tyid` = 's' AND `id` = 620 LIMIT 1   [ RunTime:0.0002s ]
SQL: SELECT * FROM `test` WHERE `tyid` = 's' AND `id` = 621 LIMIT 1   [ RunTime:0.0002s ]
SQL: SELECT * FROM `test` WHERE `tyid` = 'd' AND `id` = 623 LIMIT 1   [ RunTime:0.0002s ]
SQL: SELECT * FROM `test` WHERE `tyid` = 'd' AND `id` = 625 LIMIT 1   [ RunTime:0.0002s ]
SQL: SELECT * FROM `test` WHERE `tyid` = 'd' AND `id` = 626 LIMIT 1   [ RunTime:0.0002s ]
SQL: SHOW COLUMNS FROM `jtest` [ RunTime:0.0053s ]
SQL: SELECT * FROM `jtest` WHERE `id` = 200 LIMIT 1   [ RunTime:0.0008s ]
SQL: SELECT * FROM `jtest` WHERE `id` = 201 LIMIT 1   [ RunTime:0.0003s ]

[ 2017-10-24T17:55:47+08:00 ] 127.0.0.1 /nut/Home/Api/userinfo?id=22
INFO: [ app_init ] --START--
INFO: Run Behavior\BuildLiteBehavior [ RunTime:0.000016s ]
INFO: [ app_init ] --END-- [ RunTime:0.000679s ]
INFO: [ app_begin ] --START--
INFO: Run Behavior\ReadHtmlCacheBehavior [ RunTime:0.000740s ]
INFO: [ app_begin ] --END-- [ RunTime:0.000799s ]
SQL: SHOW COLUMNS FROM `student` [ RunTime:0.0032s ]
SQL: SELECT * FROM `student` WHERE `sid` = 22 LIMIT 1   [ RunTime:0.0005s ]
SQL: SHOW COLUMNS FROM `grade` [ RunTime:0.0025s ]
SQL: SELECT SUM(score) AS tp_sum FROM `grade` WHERE ( sid=22 ) LIMIT 1   [ RunTime:0.0016s ]
SQL: SELECT * FROM `grade` WHERE `sid` = 22  [ RunTime:0.0002s ]
NOTIC: [2] Division by zero C:\xampp\htdocs\nut\App\Home\Controller\ApiController.class.php 第 278 行.

[ 2017-10-24T17:55:49+08:00 ] 127.0.0.1 /nut/Home/Api/testlist?id=21
INFO: [ app_init ] --START--
INFO: Run Behavior\BuildLiteBehavior [ RunTime:0.000026s ]
INFO: [ app_init ] --END-- [ RunTime:0.000537s ]
INFO: [ app_begin ] --START--
INFO: Run Behavior\ReadHtmlCacheBehavior [ RunTime:0.000633s ]
INFO: [ app_begin ] --END-- [ RunTime:0.000674s ]
SQL: SHOW COLUMNS FROM `grade` [ RunTime:0.0055s ]
SQL: SELECT * FROM `grade` WHERE `sid` = 21  [ RunTime:0.0004s ]
SQL: SHOW COLUMNS FROM `painfo` [ RunTime:0.0030s ]
SQL: SELECT * FROM `painfo` WHERE `pid` = 79 LIMIT 1   [ RunTime:0.0003s ]

[ 2017-10-24T17:55:52+08:00 ] 127.0.0.1 /nut/Home/Api/paper?code=lUUcf
INFO: [ app_init ] --START--
INFO: Run Behavior\BuildLiteBehavior [ RunTime:0.000017s ]
INFO: [ app_init ] --END-- [ RunTime:0.000850s ]
INFO: [ app_begin ] --START--
INFO: Run Behavior\ReadHtmlCacheBehavior [ RunTime:0.000511s ]
INFO: [ app_begin ] --END-- [ RunTime:0.000563s ]
SQL: SHOW COLUMNS FROM `painfo` [ RunTime:0.0046s ]
SQL: SELECT * FROM `painfo` WHERE `code` = 'lUUcf' LIMIT 1   [ RunTime:0.0006s ]
SQL: SELECT * FROM `painfo` WHERE `pid` = 79 LIMIT 1   [ RunTime:0.0004s ]
SQL: SHOW COLUMNS FROM `paper` [ RunTime:0.0035s ]
SQL: SELECT * FROM `paper` WHERE `pid` = 79 LIMIT 1   [ RunTime:0.0003s ]
SQL: SHOW COLUMNS FROM `test` [ RunTime:0.0035s ]
SQL: SELECT * FROM `test` WHERE `tyid` = 's' AND `id` = 614 LIMIT 1   [ RunTime:0.0004s ]
SQL: SELECT * FROM `test` WHERE `tyid` = 's' AND `id` = 615 LIMIT 1   [ RunTime:0.0003s ]
SQL: SELECT * FROM `test` WHERE `tyid` = 's' AND `id` = 616 LIMIT 1   [ RunTime:0.0002s ]
SQL: SELECT * FROM `test` WHERE `tyid` = 's' AND `id` = 617 LIMIT 1   [ RunTime:0.0002s ]
SQL: SELECT * FROM `test` WHERE `tyid` = 's' AND `id` = 619 LIMIT 1   [ RunTime:0.0002s ]
SQL: SELECT * FROM `test` WHERE `tyid` = 's' AND `id` = 620 LIMIT 1   [ RunTime:0.0002s ]
SQL: SELECT * FROM `test` WHERE `tyid` = 's' AND `id` = 621 LIMIT 1   [ RunTime:0.0002s ]
SQL: SELECT * FROM `test` WHERE `tyid` = 'd' AND `id` = 623 LIMIT 1   [ RunTime:0.0002s ]
SQL: SELECT * FROM `test` WHERE `tyid` = 'd' AND `id` = 625 LIMIT 1   [ RunTime:0.0002s ]
SQL: SELECT * FROM `test` WHERE `tyid` = 'd' AND `id` = 626 LIMIT 1   [ RunTime:0.0003s ]
SQL: SHOW COLUMNS FROM `jtest` [ RunTime:0.0035s ]
SQL: SELECT * FROM `jtest` WHERE `id` = 200 LIMIT 1   [ RunTime:0.0010s ]
SQL: SELECT * FROM `jtest` WHERE `id` = 201 LIMIT 1   [ RunTime:0.0005s ]

[ 2017-10-24T17:56:23+08:00 ] 127.0.0.1 /nut/Home/Api/testlist?id=21
INFO: [ app_init ] --START--
INFO: Run Behavior\BuildLiteBehavior [ RunTime:0.000023s ]
INFO: [ app_init ] --END-- [ RunTime:0.000722s ]
INFO: [ app_begin ] --START--
INFO: Run Behavior\ReadHtmlCacheBehavior [ RunTime:0.001012s ]
INFO: [ app_begin ] --END-- [ RunTime:0.001097s ]
SQL: SHOW COLUMNS FROM `grade` [ RunTime:0.0054s ]
SQL: SELECT * FROM `grade` WHERE `sid` = 21  [ RunTime:0.0005s ]
SQL: SHOW COLUMNS FROM `painfo` [ RunTime:0.0057s ]
SQL: SELECT * FROM `painfo` WHERE `pid` = 79 LIMIT 1   [ RunTime:0.0004s ]

[ 2017-10-24T17:56:23+08:00 ] 127.0.0.1 /nut/Home/Api/testlist?id=21
INFO: [ app_init ] --START--
INFO: Run Behavior\BuildLiteBehavior [ RunTime:0.000024s ]
INFO: [ app_init ] --END-- [ RunTime:0.000884s ]
INFO: [ app_begin ] --START--
INFO: Run Behavior\ReadHtmlCacheBehavior [ RunTime:0.001989s ]
INFO: [ app_begin ] --END-- [ RunTime:0.002107s ]
SQL: SHOW COLUMNS FROM `grade` [ RunTime:0.0055s ]
SQL: SELECT * FROM `grade` WHERE `sid` = 21  [ RunTime:0.0003s ]
SQL: SHOW COLUMNS FROM `painfo` [ RunTime:0.0044s ]
SQL: SELECT * FROM `painfo` WHERE `pid` = 79 LIMIT 1   [ RunTime:0.0012s ]

[ 2017-10-24T17:56:23+08:00 ] 127.0.0.1 /nut/Home/Api/testlist?id=21
INFO: [ app_init ] --START--
INFO: Run Behavior\BuildLiteBehavior [ RunTime:0.000050s ]
INFO: [ app_init ] --END-- [ RunTime:0.001135s ]
INFO: [ app_begin ] --START--
INFO: Run Behavior\ReadHtmlCacheBehavior [ RunTime:0.001077s ]
INFO: [ app_begin ] --END-- [ RunTime:0.001175s ]
SQL: SHOW COLUMNS FROM `grade` [ RunTime:0.0046s ]
SQL: SELECT * FROM `grade` WHERE `sid` = 21  [ RunTime:0.0006s ]
SQL: SHOW COLUMNS FROM `painfo` [ RunTime:0.0055s ]
SQL: SELECT * FROM `painfo` WHERE `pid` = 79 LIMIT 1   [ RunTime:0.0005s ]

[ 2017-10-24T17:56:23+08:00 ] 127.0.0.1 /nut/Home/Api/testlist?id=21
INFO: [ app_init ] --START--
INFO: Run Behavior\BuildLiteBehavior [ RunTime:0.000022s ]
INFO: [ app_init ] --END-- [ RunTime:0.000758s ]
INFO: [ app_begin ] --START--
INFO: Run Behavior\ReadHtmlCacheBehavior [ RunTime:0.001084s ]
INFO: [ app_begin ] --END-- [ RunTime:0.001175s ]
SQL: SHOW COLUMNS FROM `grade` [ RunTime:0.0048s ]
SQL: SELECT * FROM `grade` WHERE `sid` = 21  [ RunTime:0.0013s ]
SQL: SHOW COLUMNS FROM `painfo` [ RunTime:0.0043s ]
SQL: SELECT * FROM `painfo` WHERE `pid` = 79 LIMIT 1   [ RunTime:0.0016s ]

[ 2017-10-24T17:56:23+08:00 ] 127.0.0.1 /nut/Home/Api/testlist?id=21
INFO: [ app_init ] --START--
INFO: Run Behavior\BuildLiteBehavior [ RunTime:0.000025s ]
INFO: [ app_init ] --END-- [ RunTime:0.001899s ]
INFO: [ app_begin ] --START--
INFO: Run Behavior\ReadHtmlCacheBehavior [ RunTime:0.001343s ]
INFO: [ app_begin ] --END-- [ RunTime:0.001470s ]
SQL: SHOW COLUMNS FROM `grade` [ RunTime:0.0052s ]
SQL: SELECT * FROM `grade` WHERE `sid` = 21  [ RunTime:0.0004s ]
SQL: SHOW COLUMNS FROM `painfo` [ RunTime:0.0156s ]
SQL: SELECT * FROM `painfo` WHERE `pid` = 79 LIMIT 1   [ RunTime:0.0012s ]

[ 2017-10-24T17:56:23+08:00 ] 127.0.0.1 /nut/Home/Api/testlist?id=21
INFO: [ app_init ] --START--
INFO: Run Behavior\BuildLiteBehavior [ RunTime:0.000024s ]
INFO: [ app_init ] --END-- [ RunTime:0.000842s ]
INFO: [ app_begin ] --START--
INFO: Run Behavior\ReadHtmlCacheBehavior [ RunTime:0.001299s ]
INFO: [ app_begin ] --END-- [ RunTime:0.001391s ]
SQL: SHOW COLUMNS FROM `grade` [ RunTime:0.0154s ]
SQL: SELECT * FROM `grade` WHERE `sid` = 21  [ RunTime:0.0003s ]
SQL: SHOW COLUMNS FROM `painfo` [ RunTime:0.0063s ]
SQL: SELECT * FROM `painfo` WHERE `pid` = 79 LIMIT 1   [ RunTime:0.0005s ]

[ 2017-10-24T17:56:23+08:00 ] 127.0.0.1 /nut/Home/Api/testlist?id=21
INFO: [ app_init ] --START--
INFO: Run Behavior\BuildLiteBehavior [ RunTime:0.000023s ]
INFO: [ app_init ] --END-- [ RunTime:0.056105s ]
INFO: [ app_begin ] --START--
INFO: Run Behavior\ReadHtmlCacheBehavior [ RunTime:0.001691s ]
INFO: [ app_begin ] --END-- [ RunTime:0.001900s ]
SQL: SHOW COLUMNS FROM `grade` [ RunTime:0.0067s ]
SQL: SELECT * FROM `grade` WHERE `sid` = 21  [ RunTime:0.0009s ]
SQL: SHOW COLUMNS FROM `painfo` [ RunTime:0.0062s ]
SQL: SELECT * FROM `painfo` WHERE `pid` = 79 LIMIT 1   [ RunTime:0.0004s ]

[ 2017-10-24T17:56:23+08:00 ] 127.0.0.1 /nut/Home/Api/testlist?id=21
INFO: [ app_init ] --START--
INFO: Run Behavior\BuildLiteBehavior [ RunTime:0.000022s ]
INFO: [ app_init ] --END-- [ RunTime:0.000761s ]
INFO: [ app_begin ] --START--
INFO: Run Behavior\ReadHtmlCacheBehavior [ RunTime:0.017805s ]
INFO: [ app_begin ] --END-- [ RunTime:0.017914s ]
SQL: SHOW COLUMNS FROM `grade` [ RunTime:0.0114s ]
SQL: SELECT * FROM `grade` WHERE `sid` = 21  [ RunTime:0.0035s ]
SQL: SHOW COLUMNS FROM `painfo` [ RunTime:0.0080s ]
SQL: SELECT * FROM `painfo` WHERE `pid` = 79 LIMIT 1   [ RunTime:0.0006s ]

[ 2017-10-24T17:58:08+08:00 ] 127.0.0.1 /nut/Home/Api/testlist?id=21
INFO: [ app_init ] --START--
INFO: Run Behavior\BuildLiteBehavior [ RunTime:0.000017s ]
INFO: [ app_init ] --END-- [ RunTime:0.000630s ]
INFO: [ app_begin ] --START--
INFO: Run Behavior\ReadHtmlCacheBehavior [ RunTime:0.000725s ]
INFO: [ app_begin ] --END-- [ RunTime:0.000787s ]
SQL: SHOW COLUMNS FROM `grade` [ RunTime:0.0048s ]
SQL: SELECT * FROM `grade` WHERE `sid` = 21  [ RunTime:0.0009s ]
SQL: SHOW COLUMNS FROM `painfo` [ RunTime:0.0040s ]
SQL: SELECT * FROM `painfo` WHERE `pid` = 79 LIMIT 1   [ RunTime:0.0004s ]

[ 2017-10-24T17:58:08+08:00 ] 127.0.0.1 /nut/Home/Api/testlist?id=21
INFO: [ app_init ] --START--
INFO: Run Behavior\BuildLiteBehavior [ RunTime:0.000018s ]
INFO: [ app_init ] --END-- [ RunTime:0.000583s ]
INFO: [ app_begin ] --START--
INFO: Run Behavior\ReadHtmlCacheBehavior [ RunTime:0.000921s ]
INFO: [ app_begin ] --END-- [ RunTime:0.000994s ]
SQL: SHOW COLUMNS FROM `grade` [ RunTime:0.0037s ]
SQL: SELECT * FROM `grade` WHERE `sid` = 21  [ RunTime:0.0004s ]
SQL: SHOW COLUMNS FROM `painfo` [ RunTime:0.0042s ]
SQL: SELECT * FROM `painfo` WHERE `pid` = 79 LIMIT 1   [ RunTime:0.0005s ]

[ 2017-10-24T17:58:36+08:00 ] 127.0.0.1 /nut/Home/Api/paper?code=lUUcf
INFO: [ app_init ] --START--
INFO: Run Behavior\BuildLiteBehavior [ RunTime:0.000012s ]
INFO: [ app_init ] --END-- [ RunTime:0.000392s ]
INFO: [ app_begin ] --START--
INFO: Run Behavior\ReadHtmlCacheBehavior [ RunTime:0.000654s ]
INFO: [ app_begin ] --END-- [ RunTime:0.000717s ]
SQL: SHOW COLUMNS FROM `painfo` [ RunTime:0.0039s ]
SQL: SELECT * FROM `painfo` WHERE `code` = 'lUUcf' LIMIT 1   [ RunTime:0.0003s ]
SQL: SELECT * FROM `painfo` WHERE `pid` = 79 LIMIT 1   [ RunTime:0.0002s ]
SQL: SHOW COLUMNS FROM `paper` [ RunTime:0.0051s ]
SQL: SELECT * FROM `paper` WHERE `pid` = 79 LIMIT 1   [ RunTime:0.0003s ]
SQL: SHOW COLUMNS FROM `test` [ RunTime:0.0032s ]
SQL: SELECT * FROM `test` WHERE `tyid` = 's' AND `id` = 614 LIMIT 1   [ RunTime:0.0003s ]
SQL: SELECT * FROM `test` WHERE `tyid` = 's' AND `id` = 615 LIMIT 1   [ RunTime:0.0003s ]
SQL: SELECT * FROM `test` WHERE `tyid` = 's' AND `id` = 616 LIMIT 1   [ RunTime:0.0003s ]
SQL: SELECT * FROM `test` WHERE `tyid` = 's' AND `id` = 617 LIMIT 1   [ RunTime:0.0002s ]
SQL: SELECT * FROM `test` WHERE `tyid` = 's' AND `id` = 619 LIMIT 1   [ RunTime:0.0002s ]
SQL: SELECT * FROM `test` WHERE `tyid` = 's' AND `id` = 620 LIMIT 1   [ RunTime:0.0002s ]
SQL: SELECT * FROM `test` WHERE `tyid` = 's' AND `id` = 621 LIMIT 1   [ RunTime:0.0002s ]
SQL: SELECT * FROM `test` WHERE `tyid` = 'd' AND `id` = 623 LIMIT 1   [ RunTime:0.0009s ]
SQL: SELECT * FROM `test` WHERE `tyid` = 'd' AND `id` = 625 LIMIT 1   [ RunTime:0.0002s ]
SQL: SELECT * FROM `test` WHERE `tyid` = 'd' AND `id` = 626 LIMIT 1   [ RunTime:0.0003s ]
SQL: SHOW COLUMNS FROM `jtest` [ RunTime:0.0040s ]
SQL: SELECT * FROM `jtest` WHERE `id` = 200 LIMIT 1   [ RunTime:0.0010s ]
SQL: SELECT * FROM `jtest` WHERE `id` = 201 LIMIT 1   [ RunTime:0.0005s ]

[ 2017-10-24T18:00:40+08:00 ] 127.0.0.1 /nut/Home/Api/paper?code=lUUcf
INFO: [ app_init ] --START--
INFO: Run Behavior\BuildLiteBehavior [ RunTime:0.000012s ]
INFO: [ app_init ] --END-- [ RunTime:0.000409s ]
INFO: [ app_begin ] --START--
INFO: Run Behavior\ReadHtmlCacheBehavior [ RunTime:0.000737s ]
INFO: [ app_begin ] --END-- [ RunTime:0.000799s ]
SQL: SHOW COLUMNS FROM `painfo` [ RunTime:0.0039s ]
SQL: SELECT * FROM `painfo` WHERE `code` = 'lUUcf' LIMIT 1   [ RunTime:0.0003s ]
SQL: SELECT * FROM `painfo` WHERE `pid` = 79 LIMIT 1   [ RunTime:0.0002s ]
SQL: SHOW COLUMNS FROM `paper` [ RunTime:0.0028s ]
SQL: SELECT * FROM `paper` WHERE `pid` = 79 LIMIT 1   [ RunTime:0.0003s ]
SQL: SHOW COLUMNS FROM `test` [ RunTime:0.0028s ]
SQL: SELECT * FROM `test` WHERE `tyid` = 's' AND `id` = 614 LIMIT 1   [ RunTime:0.0003s ]
SQL: SELECT * FROM `test` WHERE `tyid` = 's' AND `id` = 615 LIMIT 1   [ RunTime:0.0003s ]
SQL: SELECT * FROM `test` WHERE `tyid` = 's' AND `id` = 616 LIMIT 1   [ RunTime:0.0002s ]
SQL: SELECT * FROM `test` WHERE `tyid` = 's' AND `id` = 617 LIMIT 1   [ RunTime:0.0002s ]
SQL: SELECT * FROM `test` WHERE `tyid` = 's' AND `id` = 619 LIMIT 1   [ RunTime:0.0002s ]
SQL: SELECT * FROM `test` WHERE `tyid` = 's' AND `id` = 620 LIMIT 1   [ RunTime:0.0002s ]
SQL: SELECT * FROM `test` WHERE `tyid` = 's' AND `id` = 621 LIMIT 1   [ RunTime:0.0002s ]
SQL: SELECT * FROM `test` WHERE `tyid` = 'd' AND `id` = 623 LIMIT 1   [ RunTime:0.0007s ]
SQL: SELECT * FROM `test` WHERE `tyid` = 'd' AND `id` = 625 LIMIT 1   [ RunTime:0.0002s ]
SQL: SELECT * FROM `test` WHERE `tyid` = 'd' AND `id` = 626 LIMIT 1   [ RunTime:0.0002s ]
SQL: SHOW COLUMNS FROM `jtest` [ RunTime:0.0037s ]
SQL: SELECT * FROM `jtest` WHERE `id` = 200 LIMIT 1   [ RunTime:0.0003s ]
SQL: SELECT * FROM `jtest` WHERE `id` = 201 LIMIT 1   [ RunTime:0.0002s ]

[ 2017-10-24T18:04:21+08:00 ] 127.0.0.1 /nut/Home/Api/testlist?id=21
INFO: [ app_init ] --START--
INFO: Run Behavior\BuildLiteBehavior [ RunTime:0.000023s ]
INFO: [ app_init ] --END-- [ RunTime:0.000658s ]
INFO: [ app_begin ] --START--
INFO: Run Behavior\ReadHtmlCacheBehavior [ RunTime:0.002809s ]
INFO: [ app_begin ] --END-- [ RunTime:0.002948s ]
SQL: SHOW COLUMNS FROM `grade` [ RunTime:0.0060s ]
SQL: SELECT * FROM `grade` WHERE `sid` = 21  [ RunTime:0.0016s ]
SQL: SHOW COLUMNS FROM `painfo` [ RunTime:0.0062s ]
SQL: SELECT * FROM `painfo` WHERE `pid` = 79 LIMIT 1   [ RunTime:0.0006s ]

[ 2017-10-24T18:04:21+08:00 ] 127.0.0.1 /nut/Home/Api/testlist?id=21
INFO: [ app_init ] --START--
INFO: Run Behavior\BuildLiteBehavior [ RunTime:0.000022s ]
INFO: [ app_init ] --END-- [ RunTime:0.001038s ]
INFO: [ app_begin ] --START--
INFO: Run Behavior\ReadHtmlCacheBehavior [ RunTime:0.002082s ]
INFO: [ app_begin ] --END-- [ RunTime:0.002188s ]
SQL: SHOW COLUMNS FROM `grade` [ RunTime:0.0054s ]
SQL: SELECT * FROM `grade` WHERE `sid` = 21  [ RunTime:0.0005s ]
SQL: SHOW COLUMNS FROM `painfo` [ RunTime:0.0069s ]
SQL: SELECT * FROM `painfo` WHERE `pid` = 79 LIMIT 1   [ RunTime:0.0018s ]

[ 2017-10-24T18:04:24+08:00 ] 127.0.0.1 /nut/Home/Api/paper?code=lUUcf
INFO: [ app_init ] --START--
INFO: Run Behavior\BuildLiteBehavior [ RunTime:0.000020s ]
INFO: [ app_init ] --END-- [ RunTime:0.000633s ]
INFO: [ app_begin ] --START--
INFO: Run Behavior\ReadHtmlCacheBehavior [ RunTime:0.000981s ]
INFO: [ app_begin ] --END-- [ RunTime:0.001113s ]
SQL: SHOW COLUMNS FROM `painfo` [ RunTime:0.0033s ]
SQL: SELECT * FROM `painfo` WHERE `code` = 'lUUcf' LIMIT 1   [ RunTime:0.0003s ]
SQL: SELECT * FROM `painfo` WHERE `pid` = 79 LIMIT 1   [ RunTime:0.0002s ]
SQL: SHOW COLUMNS FROM `paper` [ RunTime:0.0034s ]
SQL: SELECT * FROM `paper` WHERE `pid` = 79 LIMIT 1   [ RunTime:0.0003s ]
SQL: SHOW COLUMNS FROM `test` [ RunTime:0.0050s ]
SQL: SELECT * FROM `test` WHERE `tyid` = 's' AND `id` = 614 LIMIT 1   [ RunTime:0.0004s ]
SQL: SELECT * FROM `test` WHERE `tyid` = 's' AND `id` = 615 LIMIT 1   [ RunTime:0.0003s ]
SQL: SELECT * FROM `test` WHERE `tyid` = 's' AND `id` = 616 LIMIT 1   [ RunTime:0.0007s ]
SQL: SELECT * FROM `test` WHERE `tyid` = 's' AND `id` = 617 LIMIT 1   [ RunTime:0.0005s ]
SQL: SELECT * FROM `test` WHERE `tyid` = 's' AND `id` = 619 LIMIT 1   [ RunTime:0.0004s ]
SQL: SELECT * FROM `test` WHERE `tyid` = 's' AND `id` = 620 LIMIT 1   [ RunTime:0.0004s ]
SQL: SELECT * FROM `test` WHERE `tyid` = 's' AND `id` = 621 LIMIT 1   [ RunTime:0.0004s ]
SQL: SELECT * FROM `test` WHERE `tyid` = 'd' AND `id` = 623 LIMIT 1   [ RunTime:0.0003s ]
SQL: SELECT * FROM `test` WHERE `tyid` = 'd' AND `id` = 625 LIMIT 1   [ RunTime:0.0004s ]
SQL: SELECT * FROM `test` WHERE `tyid` = 'd' AND `id` = 626 LIMIT 1   [ RunTime:0.0006s ]
SQL: SHOW COLUMNS FROM `jtest` [ RunTime:0.0085s ]
SQL: SELECT * FROM `jtest` WHERE `id` = 200 LIMIT 1   [ RunTime:0.0003s ]
SQL: SELECT * FROM `jtest` WHERE `id` = 201 LIMIT 1   [ RunTime:0.0002s ]

[ 2017-10-24T18:04:44+08:00 ] 127.0.0.1 /nut/Home/Api/testlist?id=21
INFO: [ app_init ] --START--
INFO: Run Behavior\BuildLiteBehavior [ RunTime:0.000023s ]
INFO: [ app_init ] --END-- [ RunTime:0.000764s ]
INFO: [ app_begin ] --START--
INFO: Run Behavior\ReadHtmlCacheBehavior [ RunTime:0.000985s ]
INFO: [ app_begin ] --END-- [ RunTime:0.001077s ]
SQL: SHOW COLUMNS FROM `grade` [ RunTime:0.0052s ]
SQL: SELECT * FROM `grade` WHERE `sid` = 21  [ RunTime:0.0004s ]
SQL: SHOW COLUMNS FROM `painfo` [ RunTime:0.0045s ]
SQL: SELECT * FROM `painfo` WHERE `pid` = 79 LIMIT 1   [ RunTime:0.0005s ]

[ 2017-10-24T18:04:44+08:00 ] 127.0.0.1 /nut/Home/Api/testlist?id=21
INFO: [ app_init ] --START--
INFO: Run Behavior\BuildLiteBehavior [ RunTime:0.000023s ]
INFO: [ app_init ] --END-- [ RunTime:0.000772s ]
INFO: [ app_begin ] --START--
INFO: Run Behavior\ReadHtmlCacheBehavior [ RunTime:0.001068s ]
INFO: [ app_begin ] --END-- [ RunTime:0.001168s ]
SQL: SHOW COLUMNS FROM `grade` [ RunTime:0.0056s ]
SQL: SELECT * FROM `grade` WHERE `sid` = 21  [ RunTime:0.0011s ]
SQL: SHOW COLUMNS FROM `painfo` [ RunTime:0.0397s ]
SQL: SELECT * FROM `painfo` WHERE `pid` = 79 LIMIT 1   [ RunTime:0.0005s ]

[ 2017-10-24T18:04:44+08:00 ] 127.0.0.1 /nut/Home/Api/testlist?id=21
INFO: [ app_init ] --START--
INFO: Run Behavior\BuildLiteBehavior [ RunTime:0.001354s ]
INFO: [ app_init ] --END-- [ RunTime:0.002073s ]
INFO: [ app_begin ] --START--
INFO: Run Behavior\ReadHtmlCacheBehavior [ RunTime:0.001056s ]
INFO: [ app_begin ] --END-- [ RunTime:0.001209s ]
SQL: SHOW COLUMNS FROM `grade` [ RunTime:0.0070s ]
SQL: SELECT * FROM `grade` WHERE `sid` = 21  [ RunTime:0.0005s ]
SQL: SHOW COLUMNS FROM `painfo` [ RunTime:0.0095s ]
SQL: SELECT * FROM `painfo` WHERE `pid` = 79 LIMIT 1   [ RunTime:0.0055s ]

[ 2017-10-24T18:04:44+08:00 ] 127.0.0.1 /nut/Home/Api/testlist?id=21
INFO: [ app_init ] --START--
INFO: Run Behavior\BuildLiteBehavior [ RunTime:0.000022s ]
INFO: [ app_init ] --END-- [ RunTime:0.001092s ]
INFO: [ app_begin ] --START--
INFO: Run Behavior\ReadHtmlCacheBehavior [ RunTime:0.001638s ]
INFO: [ app_begin ] --END-- [ RunTime:0.001745s ]
SQL: SHOW COLUMNS FROM `grade` [ RunTime:0.0051s ]
SQL: SELECT * FROM `grade` WHERE `sid` = 21  [ RunTime:0.0009s ]
SQL: SHOW COLUMNS FROM `painfo` [ RunTime:0.0046s ]
SQL: SELECT * FROM `painfo` WHERE `pid` = 79 LIMIT 1   [ RunTime:0.0009s ]

[ 2017-10-24T18:04:44+08:00 ] 127.0.0.1 /nut/Home/Api/testlist?id=21
INFO: [ app_init ] --START--
INFO: Run Behavior\BuildLiteBehavior [ RunTime:0.000024s ]
INFO: [ app_init ] --END-- [ RunTime:0.001427s ]
INFO: [ app_begin ] --START--
INFO: Run Behavior\ReadHtmlCacheBehavior [ RunTime:0.002513s ]
INFO: [ app_begin ] --END-- [ RunTime:0.002603s ]
SQL: SHOW COLUMNS FROM `grade` [ RunTime:0.0049s ]
SQL: SELECT * FROM `grade` WHERE `sid` = 21  [ RunTime:0.0005s ]
SQL: SHOW COLUMNS FROM `painfo` [ RunTime:0.0048s ]
SQL: SELECT * FROM `painfo` WHERE `pid` = 79 LIMIT 1   [ RunTime:0.0018s ]

[ 2017-10-24T18:05:21+08:00 ] ::1 /nut/Home/Api/paper?code=lUUcf
INFO: [ app_init ] --START--
INFO: Run Behavior\BuildLiteBehavior [ RunTime:0.000020s ]
INFO: [ app_init ] --END-- [ RunTime:0.001292s ]
INFO: [ app_begin ] --START--
INFO: Run Behavior\ReadHtmlCacheBehavior [ RunTime:0.001171s ]
INFO: [ app_begin ] --END-- [ RunTime:0.001278s ]
SQL: SHOW COLUMNS FROM `painfo` [ RunTime:0.0035s ]
SQL: SELECT * FROM `painfo` WHERE `code` = 'lUUcf' LIMIT 1   [ RunTime:0.0004s ]
SQL: SELECT * FROM `painfo` WHERE `pid` = 79 LIMIT 1   [ RunTime:0.0002s ]
SQL: SHOW COLUMNS FROM `paper` [ RunTime:0.0029s ]
SQL: SELECT * FROM `paper` WHERE `pid` = 79 LIMIT 1   [ RunTime:0.0002s ]
SQL: SHOW COLUMNS FROM `test` [ RunTime:0.0025s ]
SQL: SELECT * FROM `test` WHERE `tyid` = 's' AND `id` = 614 LIMIT 1   [ RunTime:0.0004s ]
SQL: SELECT * FROM `test` WHERE `tyid` = 's' AND `id` = 615 LIMIT 1   [ RunTime:0.0003s ]
SQL: SELECT * FROM `test` WHERE `tyid` = 's' AND `id` = 616 LIMIT 1   [ RunTime:0.0003s ]
SQL: SELECT * FROM `test` WHERE `tyid` = 's' AND `id` = 617 LIMIT 1   [ RunTime:0.0002s ]
SQL: SELECT * FROM `test` WHERE `tyid` = 's' AND `id` = 619 LIMIT 1   [ RunTime:0.0003s ]
SQL: SELECT * FROM `test` WHERE `tyid` = 's' AND `id` = 620 LIMIT 1   [ RunTime:0.0002s ]
SQL: SELECT * FROM `test` WHERE `tyid` = 's' AND `id` = 621 LIMIT 1   [ RunTime:0.0002s ]
SQL: SELECT * FROM `test` WHERE `tyid` = 'd' AND `id` = 623 LIMIT 1   [ RunTime:0.0002s ]
SQL: SELECT * FROM `test` WHERE `tyid` = 'd' AND `id` = 625 LIMIT 1   [ RunTime:0.0002s ]
SQL: SELECT * FROM `test` WHERE `tyid` = 'd' AND `id` = 626 LIMIT 1   [ RunTime:0.0002s ]
SQL: SHOW COLUMNS FROM `jtest` [ RunTime:0.0037s ]
SQL: SELECT * FROM `jtest` WHERE `id` = 200 LIMIT 1   [ RunTime:0.0003s ]
SQL: SELECT * FROM `jtest` WHERE `id` = 201 LIMIT 1   [ RunTime:0.0002s ]

[ 2017-10-24T18:06:45+08:00 ] 127.0.0.1 /nut/Home/Api/testlist?id=21
INFO: [ app_init ] --START--
INFO: Run Behavior\BuildLiteBehavior [ RunTime:0.000036s ]
INFO: [ app_init ] --END-- [ RunTime:0.001620s ]
INFO: [ app_begin ] --START--
INFO: Run Behavior\ReadHtmlCacheBehavior [ RunTime:0.001599s ]
INFO: [ app_begin ] --END-- [ RunTime:0.001706s ]
SQL: SHOW COLUMNS FROM `grade` [ RunTime:0.0047s ]
SQL: SELECT * FROM `grade` WHERE `sid` = 21  [ RunTime:0.0005s ]
SQL: SHOW COLUMNS FROM `painfo` [ RunTime:0.0050s ]
SQL: SELECT * FROM `painfo` WHERE `pid` = 79 LIMIT 1   [ RunTime:0.0004s ]

[ 2017-10-24T18:06:45+08:00 ] 127.0.0.1 /nut/Home/Api/testlist?id=21
INFO: [ app_init ] --START--
INFO: Run Behavior\BuildLiteBehavior [ RunTime:0.000024s ]
INFO: [ app_init ] --END-- [ RunTime:0.002102s ]
INFO: [ app_begin ] --START--
INFO: Run Behavior\ReadHtmlCacheBehavior [ RunTime:0.001600s ]
INFO: [ app_begin ] --END-- [ RunTime:0.001707s ]
SQL: SHOW COLUMNS FROM `grade` [ RunTime:0.0044s ]
SQL: SELECT * FROM `grade` WHERE `sid` = 21  [ RunTime:0.0004s ]
SQL: SHOW COLUMNS FROM `painfo` [ RunTime:0.0054s ]
SQL: SELECT * FROM `painfo` WHERE `pid` = 79 LIMIT 1   [ RunTime:0.0004s ]

[ 2017-10-24T18:07:27+08:00 ] 127.0.0.1 /nut/Home/Api/paper?code=lUUcf
INFO: [ app_init ] --START--
INFO: Run Behavior\BuildLiteBehavior [ RunTime:0.000012s ]
INFO: [ app_init ] --END-- [ RunTime:0.000635s ]
INFO: [ app_begin ] --START--
INFO: Run Behavior\ReadHtmlCacheBehavior [ RunTime:0.001299s ]
INFO: [ app_begin ] --END-- [ RunTime:0.001399s ]
SQL: SHOW COLUMNS FROM `painfo` [ RunTime:0.0050s ]
SQL: SELECT * FROM `painfo` WHERE `code` = 'lUUcf' LIMIT 1   [ RunTime:0.0014s ]
SQL: SELECT * FROM `painfo` WHERE `pid` = 79 LIMIT 1   [ RunTime:0.0003s ]
SQL: SHOW COLUMNS FROM `paper` [ RunTime:0.0047s ]
SQL: SELECT * FROM `paper` WHERE `pid` = 79 LIMIT 1   [ RunTime:0.0011s ]
SQL: SHOW COLUMNS FROM `test` [ RunTime:0.0045s ]
SQL: SELECT * FROM `test` WHERE `tyid` = 's' AND `id` = 614 LIMIT 1   [ RunTime:0.0004s ]
SQL: SELECT * FROM `test` WHERE `tyid` = 's' AND `id` = 615 LIMIT 1   [ RunTime:0.0003s ]
SQL: SELECT * FROM `test` WHERE `tyid` = 's' AND `id` = 616 LIMIT 1   [ RunTime:0.0002s ]
SQL: SELECT * FROM `test` WHERE `tyid` = 's' AND `id` = 617 LIMIT 1   [ RunTime:0.0002s ]
SQL: SELECT * FROM `test` WHERE `tyid` = 's' AND `id` = 619 LIMIT 1   [ RunTime:0.0002s ]
SQL: SELECT * FROM `test` WHERE `tyid` = 's' AND `id` = 620 LIMIT 1   [ RunTime:0.0003s ]
SQL: SELECT * FROM `test` WHERE `tyid` = 's' AND `id` = 621 LIMIT 1   [ RunTime:0.0004s ]
SQL: SELECT * FROM `test` WHERE `tyid` = 'd' AND `id` = 623 LIMIT 1   [ RunTime:0.0003s ]
SQL: SELECT * FROM `test` WHERE `tyid` = 'd' AND `id` = 625 LIMIT 1   [ RunTime:0.0002s ]
SQL: SELECT * FROM `test` WHERE `tyid` = 'd' AND `id` = 626 LIMIT 1   [ RunTime:0.0002s ]
SQL: SHOW COLUMNS FROM `jtest` [ RunTime:0.0033s ]
SQL: SELECT * FROM `jtest` WHERE `id` = 200 LIMIT 1   [ RunTime:0.0002s ]
SQL: SELECT * FROM `jtest` WHERE `id` = 201 LIMIT 1   [ RunTime:0.0001s ]

[ 2017-10-24T18:08:09+08:00 ] 127.0.0.1 /nut/Home/Api/paper?code=lUUcf
INFO: [ app_init ] --START--
INFO: Run Behavior\BuildLiteBehavior [ RunTime:0.000014s ]
INFO: [ app_init ] --END-- [ RunTime:0.000730s ]
INFO: [ app_begin ] --START--
INFO: Run Behavior\ReadHtmlCacheBehavior [ RunTime:0.000614s ]
INFO: [ app_begin ] --END-- [ RunTime:0.000667s ]
SQL: SHOW COLUMNS FROM `painfo` [ RunTime:0.0069s ]
SQL: SELECT * FROM `painfo` WHERE `code` = 'lUUcf' LIMIT 1   [ RunTime:0.0004s ]
SQL: SELECT * FROM `painfo` WHERE `pid` = 79 LIMIT 1   [ RunTime:0.0003s ]
SQL: SHOW COLUMNS FROM `paper` [ RunTime:0.0074s ]
SQL: SELECT * FROM `paper` WHERE `pid` = 79 LIMIT 1   [ RunTime:0.0003s ]
SQL: SHOW COLUMNS FROM `test` [ RunTime:0.0026s ]
SQL: SELECT * FROM `test` WHERE `tyid` = 's' AND `id` = 614 LIMIT 1   [ RunTime:0.0004s ]
SQL: SELECT * FROM `test` WHERE `tyid` = 's' AND `id` = 615 LIMIT 1   [ RunTime:0.0003s ]
SQL: SELECT * FROM `test` WHERE `tyid` = 's' AND `id` = 616 LIMIT 1   [ RunTime:0.0016s ]
SQL: SELECT * FROM `test` WHERE `tyid` = 's' AND `id` = 617 LIMIT 1   [ RunTime:0.0006s ]
SQL: SELECT * FROM `test` WHERE `tyid` = 's' AND `id` = 619 LIMIT 1   [ RunTime:0.0003s ]
SQL: SELECT * FROM `test` WHERE `tyid` = 's' AND `id` = 620 LIMIT 1   [ RunTime:0.0002s ]
SQL: SELECT * FROM `test` WHERE `tyid` = 's' AND `id` = 621 LIMIT 1   [ RunTime:0.0005s ]
SQL: SELECT * FROM `test` WHERE `tyid` = 'd' AND `id` = 623 LIMIT 1   [ RunTime:0.0003s ]
SQL: SELECT * FROM `test` WHERE `tyid` = 'd' AND `id` = 625 LIMIT 1   [ RunTime:0.0002s ]
SQL: SELECT * FROM `test` WHERE `tyid` = 'd' AND `id` = 626 LIMIT 1   [ RunTime:0.0002s ]
SQL: SHOW COLUMNS FROM `jtest` [ RunTime:0.0032s ]
SQL: SELECT * FROM `jtest` WHERE `id` = 200 LIMIT 1   [ RunTime:0.0003s ]
SQL: SELECT * FROM `jtest` WHERE `id` = 201 LIMIT 1   [ RunTime:0.0002s ]

[ 2017-10-24T18:11:30+08:00 ] 127.0.0.1 /nut/Home/Api/testlist?id=21
INFO: [ app_init ] --START--
INFO: Run Behavior\BuildLiteBehavior [ RunTime:0.000082s ]
INFO: [ app_init ] --END-- [ RunTime:0.001523s ]
INFO: [ app_begin ] --START--
INFO: Run Behavior\ReadHtmlCacheBehavior [ RunTime:0.002989s ]
INFO: [ app_begin ] --END-- [ RunTime:0.003187s ]
SQL: SHOW COLUMNS FROM `grade` [ RunTime:0.0057s ]
SQL: SELECT * FROM `grade` WHERE `sid` = 21  [ RunTime:0.0018s ]
SQL: SHOW COLUMNS FROM `painfo` [ RunTime:0.0053s ]
SQL: SELECT * FROM `painfo` WHERE `pid` = 79 LIMIT 1   [ RunTime:0.0005s ]

[ 2017-10-24T18:11:30+08:00 ] 127.0.0.1 /nut/Home/Api/testlist?id=21
INFO: [ app_init ] --START--
INFO: Run Behavior\BuildLiteBehavior [ RunTime:0.000036s ]
INFO: [ app_init ] --END-- [ RunTime:0.002258s ]
INFO: [ app_begin ] --START--
INFO: Run Behavior\ReadHtmlCacheBehavior [ RunTime:0.001251s ]
INFO: [ app_begin ] --END-- [ RunTime:0.001355s ]
SQL: SHOW COLUMNS FROM `grade` [ RunTime:0.0125s ]
SQL: SELECT * FROM `grade` WHERE `sid` = 21  [ RunTime:0.0005s ]
SQL: SHOW COLUMNS FROM `painfo` [ RunTime:0.0057s ]
SQL: SELECT * FROM `painfo` WHERE `pid` = 79 LIMIT 1   [ RunTime:0.0015s ]

[ 2017-10-24T18:11:50+08:00 ] 127.0.0.1 /nut/Home/Api/paper?code=lUUcf
INFO: [ app_init ] --START--
INFO: Run Behavior\BuildLiteBehavior [ RunTime:0.000015s ]
INFO: [ app_init ] --END-- [ RunTime:0.000408s ]
INFO: [ app_begin ] --START--
INFO: Run Behavior\ReadHtmlCacheBehavior [ RunTime:0.000589s ]
INFO: [ app_begin ] --END-- [ RunTime:0.000631s ]
SQL: SHOW COLUMNS FROM `painfo` [ RunTime:0.0034s ]
SQL: SELECT * FROM `painfo` WHERE `code` = 'lUUcf' LIMIT 1   [ RunTime:0.0006s ]
SQL: SELECT * FROM `painfo` WHERE `pid` = 79 LIMIT 1   [ RunTime:0.0002s ]
SQL: SHOW COLUMNS FROM `paper` [ RunTime:0.0079s ]
SQL: SELECT * FROM `paper` WHERE `pid` = 79 LIMIT 1   [ RunTime:0.0005s ]
SQL: SHOW COLUMNS FROM `test` [ RunTime:0.0075s ]
SQL: SELECT * FROM `test` WHERE `tyid` = 's' AND `id` = 614 LIMIT 1   [ RunTime:0.0043s ]
SQL: SELECT * FROM `test` WHERE `tyid` = 's' AND `id` = 615 LIMIT 1   [ RunTime:0.0005s ]
SQL: SELECT * FROM `test` WHERE `tyid` = 's' AND `id` = 616 LIMIT 1   [ RunTime:0.0007s ]
SQL: SELECT * FROM `test` WHERE `tyid` = 's' AND `id` = 617 LIMIT 1   [ RunTime:0.0012s ]
SQL: SELECT * FROM `test` WHERE `tyid` = 's' AND `id` = 619 LIMIT 1   [ RunTime:0.0005s ]
SQL: SELECT * FROM `test` WHERE `tyid` = 's' AND `id` = 620 LIMIT 1   [ RunTime:0.0006s ]
SQL: SELECT * FROM `test` WHERE `tyid` = 's' AND `id` = 621 LIMIT 1   [ RunTime:0.0003s ]
SQL: SELECT * FROM `test` WHERE `tyid` = 'd' AND `id` = 623 LIMIT 1   [ RunTime:0.0003s ]
SQL: SELECT * FROM `test` WHERE `tyid` = 'd' AND `id` = 625 LIMIT 1   [ RunTime:0.0002s ]
SQL: SELECT * FROM `test` WHERE `tyid` = 'd' AND `id` = 626 LIMIT 1   [ RunTime:0.0003s ]
SQL: SHOW COLUMNS FROM `jtest` [ RunTime:0.0039s ]
SQL: SELECT * FROM `jtest` WHERE `id` = 200 LIMIT 1   [ RunTime:0.0004s ]
SQL: SELECT * FROM `jtest` WHERE `id` = 201 LIMIT 1   [ RunTime:0.0006s ]

[ 2017-10-24T18:12:16+08:00 ] 127.0.0.1 /nut/Home/Api/userinfo?id=22
INFO: [ app_init ] --START--
INFO: Run Behavior\BuildLiteBehavior [ RunTime:0.000016s ]
INFO: [ app_init ] --END-- [ RunTime:0.001134s ]
INFO: [ app_begin ] --START--
INFO: Run Behavior\ReadHtmlCacheBehavior [ RunTime:0.001042s ]
INFO: [ app_begin ] --END-- [ RunTime:0.001142s ]
SQL: SHOW COLUMNS FROM `student` [ RunTime:0.0029s ]
SQL: SELECT * FROM `student` WHERE `sid` = 22 LIMIT 1   [ RunTime:0.0010s ]
SQL: SHOW COLUMNS FROM `grade` [ RunTime:0.0025s ]
SQL: SELECT SUM(score) AS tp_sum FROM `grade` WHERE ( sid=22 ) LIMIT 1   [ RunTime:0.0005s ]
SQL: SELECT * FROM `grade` WHERE `sid` = 22  [ RunTime:0.0002s ]
NOTIC: [2] Division by zero C:\xampp\htdocs\nut\App\Home\Controller\ApiController.class.php 第 278 行.

[ 2017-10-24T18:12:18+08:00 ] 127.0.0.1 /nut/Home/Api/testlist?id=21
INFO: [ app_init ] --START--
INFO: Run Behavior\BuildLiteBehavior [ RunTime:0.000012s ]
INFO: [ app_init ] --END-- [ RunTime:0.000515s ]
INFO: [ app_begin ] --START--
INFO: Run Behavior\ReadHtmlCacheBehavior [ RunTime:0.000587s ]
INFO: [ app_begin ] --END-- [ RunTime:0.000626s ]
SQL: SHOW COLUMNS FROM `grade` [ RunTime:0.0039s ]
SQL: SELECT * FROM `grade` WHERE `sid` = 21  [ RunTime:0.0003s ]
SQL: SHOW COLUMNS FROM `painfo` [ RunTime:0.0025s ]
SQL: SELECT * FROM `painfo` WHERE `pid` = 79 LIMIT 1   [ RunTime:0.0004s ]

[ 2017-10-24T18:12:20+08:00 ] 127.0.0.1 /nut/Home/Api/userinfo?id=22
INFO: [ app_init ] --START--
INFO: Run Behavior\BuildLiteBehavior [ RunTime:0.000015s ]
INFO: [ app_init ] --END-- [ RunTime:0.000475s ]
INFO: [ app_begin ] --START--
INFO: Run Behavior\ReadHtmlCacheBehavior [ RunTime:0.000651s ]
INFO: [ app_begin ] --END-- [ RunTime:0.000713s ]
SQL: SHOW COLUMNS FROM `student` [ RunTime:0.0029s ]
SQL: SELECT * FROM `student` WHERE `sid` = 22 LIMIT 1   [ RunTime:0.0003s ]
SQL: SHOW COLUMNS FROM `grade` [ RunTime:0.0026s ]
SQL: SELECT SUM(score) AS tp_sum FROM `grade` WHERE ( sid=22 ) LIMIT 1   [ RunTime:0.0002s ]
SQL: SELECT * FROM `grade` WHERE `sid` = 22  [ RunTime:0.0002s ]
NOTIC: [2] Division by zero C:\xampp\htdocs\nut\App\Home\Controller\ApiController.class.php 第 278 行.

