[ 2017-10-31T14:54:27+08:00 ] 127.0.0.1 /nut/Home/Api/testlist?id=21
INFO: [ app_init ] --START--
INFO: Run Behavior\BuildLiteBehavior [ RunTime:0.000016s ]
INFO: [ app_init ] --END-- [ RunTime:0.001766s ]
INFO: [ app_begin ] --START--
INFO: Run Behavior\ReadHtmlCacheBehavior [ RunTime:0.001050s ]
INFO: [ app_begin ] --END-- [ RunTime:0.001119s ]
SQL: SHOW COLUMNS FROM `grade` [ RunTime:0.0166s ]
SQL: SELECT * FROM `grade` WHERE `sid` = 21  [ RunTime:0.0017s ]
SQL: SHOW COLUMNS FROM `painfo` [ RunTime:0.0079s ]
SQL: SELECT * FROM `painfo` WHERE `pid` = 79 LIMIT 1   [ RunTime:0.0012s ]

[ 2017-10-31T14:54:27+08:00 ] 127.0.0.1 /nut/Home/Api/testlist?id=21
INFO: [ app_init ] --START--
INFO: Run Behavior\BuildLiteBehavior [ RunTime:0.000020s ]
INFO: [ app_init ] --END-- [ RunTime:0.001767s ]
INFO: [ app_begin ] --START--
INFO: Run Behavior\ReadHtmlCacheBehavior [ RunTime:0.001087s ]
INFO: [ app_begin ] --END-- [ RunTime:0.001148s ]
SQL: SHOW COLUMNS FROM `grade` [ RunTime:0.0167s ]
SQL: SELECT * FROM `grade` WHERE `sid` = 21  [ RunTime:0.0017s ]
SQL: SHOW COLUMNS FROM `painfo` [ RunTime:0.0140s ]
SQL: SELECT * FROM `painfo` WHERE `pid` = 79 LIMIT 1   [ RunTime:0.0005s ]

[ 2017-10-31T14:56:31+08:00 ] 127.0.0.1 /nut/Home/Api/paper?code=lUUcf
INFO: [ app_init ] --START--
INFO: Run Behavior\BuildLiteBehavior [ RunTime:0.000016s ]
INFO: [ app_init ] --END-- [ RunTime:0.000679s ]
INFO: [ app_begin ] --START--
INFO: Run Behavior\ReadHtmlCacheBehavior [ RunTime:0.001169s ]
INFO: [ app_begin ] --END-- [ RunTime:0.001248s ]
SQL: SHOW COLUMNS FROM `painfo` [ RunTime:0.0041s ]
SQL: SELECT * FROM `painfo` WHERE `code` = 'lUUcf' LIMIT 1   [ RunTime:0.0012s ]
SQL: SELECT * FROM `painfo` WHERE `pid` = 79 LIMIT 1   [ RunTime:0.0002s ]
SQL: SHOW COLUMNS FROM `paper` [ RunTime:0.0049s ]
SQL: SELECT * FROM `paper` WHERE `pid` = 79 LIMIT 1   [ RunTime:0.0003s ]
SQL: SHOW COLUMNS FROM `test` [ RunTime:0.0049s ]
SQL: SELECT * FROM `test` WHERE `tyid` = 's' AND `id` = 614 LIMIT 1   [ RunTime:0.0007s ]
SQL: SELECT * FROM `test` WHERE `tyid` = 's' AND `id` = 615 LIMIT 1   [ RunTime:0.0005s ]
SQL: SELECT * FROM `test` WHERE `tyid` = 's' AND `id` = 616 LIMIT 1   [ RunTime:0.0003s ]
SQL: SELECT * FROM `test` WHERE `tyid` = 's' AND `id` = 617 LIMIT 1   [ RunTime:0.0002s ]
SQL: SELECT * FROM `test` WHERE `tyid` = 's' AND `id` = 619 LIMIT 1   [ RunTime:0.0001s ]
SQL: SELECT * FROM `test` WHERE `tyid` = 's' AND `id` = 620 LIMIT 1   [ RunTime:0.0002s ]
SQL: SELECT * FROM `test` WHERE `tyid` = 's' AND `id` = 621 LIMIT 1   [ RunTime:0.0001s ]
SQL: SELECT * FROM `test` WHERE `tyid` = 'd' AND `id` = 623 LIMIT 1   [ RunTime:0.0001s ]
SQL: SELECT * FROM `test` WHERE `tyid` = 'd' AND `id` = 625 LIMIT 1   [ RunTime:0.0001s ]
SQL: SELECT * FROM `test` WHERE `tyid` = 'd' AND `id` = 626 LIMIT 1   [ RunTime:0.0001s ]
SQL: SHOW COLUMNS FROM `jtest` [ RunTime:0.0042s ]
SQL: SELECT * FROM `jtest` WHERE `id` = 200 LIMIT 1   [ RunTime:0.0003s ]
SQL: SELECT * FROM `jtest` WHERE `id` = 201 LIMIT 1   [ RunTime:0.0002s ]

[ 2017-10-31T14:56:55+08:00 ] 127.0.0.1 /nut/Home/Api/ans
INFO: [ app_init ] --START--
INFO: Run Behavior\BuildLiteBehavior [ RunTime:0.000017s ]
INFO: [ app_init ] --END-- [ RunTime:0.001636s ]
INFO: [ app_begin ] --START--
INFO: Run Behavior\ReadHtmlCacheBehavior [ RunTime:0.000815s ]
INFO: [ app_begin ] --END-- [ RunTime:0.000889s ]
SQL: SHOW COLUMNS FROM `test` [ RunTime:0.0056s ]
SQL: SELECT * FROM `test` WHERE `id` = 614 LIMIT 1   [ RunTime:0.0004s ]
SQL: SELECT * FROM `test` WHERE `id` = 615 LIMIT 1   [ RunTime:0.0003s ]
SQL: SELECT * FROM `test` WHERE `id` = 616 LIMIT 1   [ RunTime:0.0002s ]
SQL: SELECT * FROM `test` WHERE `id` = 617 LIMIT 1   [ RunTime:0.0002s ]
SQL: SELECT * FROM `test` WHERE `id` = 619 LIMIT 1   [ RunTime:0.0002s ]
SQL: SELECT * FROM `test` WHERE `id` = 620 LIMIT 1   [ RunTime:0.0002s ]
SQL: SELECT * FROM `test` WHERE `id` = 621 LIMIT 1   [ RunTime:0.0002s ]
SQL: SELECT * FROM `test` WHERE `id` = 623 LIMIT 1   [ RunTime:0.0002s ]
SQL: SELECT * FROM `test` WHERE `id` = 625 LIMIT 1   [ RunTime:0.0002s ]
SQL: SELECT * FROM `test` WHERE `id` = 626 LIMIT 1   [ RunTime:0.0002s ]
SQL: SHOW COLUMNS FROM `jtest` [ RunTime:0.0105s ]
SQL: SELECT * FROM `jtest` WHERE `id` = 200 LIMIT 1   [ RunTime:0.0006s ]
SQL: SELECT * FROM `jtest` WHERE `id` = 201 LIMIT 1   [ RunTime:0.0003s ]
SQL: SHOW COLUMNS FROM `grade` [ RunTime:0.0065s ]
SQL: INSERT INTO `grade` (`sid`,`pid`,`score`,`subtime`) VALUES ('22','69','12','2017-10-31 14:56:55') [ RunTime:0.0073s ]
SQL: SHOW COLUMNS FROM `answer` [ RunTime:0.0077s ]
SQL: INSERT INTO `answer` (`sans`,`dans`,`jans`,`gid`) VALUES ('D,C,D,D,D,ABCD,B','BCD,BCD,BCD','N,N','29') [ RunTime:0.0022s ]
INFO: [ app_end ] --START--
INFO: Run Behavior\ShowPageTraceBehavior [ RunTime:0.001623s ]
INFO: [ app_end ] --END-- [ RunTime:0.001711s ]

[ 2017-10-31T14:58:05+08:00 ] 127.0.0.1 /nut/Home/Api/ans
INFO: [ app_init ] --START--
INFO: Run Behavior\BuildLiteBehavior [ RunTime:0.000016s ]
INFO: [ app_init ] --END-- [ RunTime:0.000503s ]
INFO: [ app_begin ] --START--
INFO: Run Behavior\ReadHtmlCacheBehavior [ RunTime:0.000466s ]
INFO: [ app_begin ] --END-- [ RunTime:0.000508s ]
SQL: SHOW COLUMNS FROM `test` [ RunTime:0.0086s ]
SQL: SELECT * FROM `test` WHERE `id` = 614 LIMIT 1   [ RunTime:0.0004s ]
SQL: SELECT * FROM `test` WHERE `id` = 615 LIMIT 1   [ RunTime:0.0002s ]
SQL: SELECT * FROM `test` WHERE `id` = 616 LIMIT 1   [ RunTime:0.0002s ]
SQL: SELECT * FROM `test` WHERE `id` = 617 LIMIT 1   [ RunTime:0.0002s ]
SQL: SELECT * FROM `test` WHERE `id` = 619 LIMIT 1   [ RunTime:0.0002s ]
SQL: SELECT * FROM `test` WHERE `id` = 620 LIMIT 1   [ RunTime:0.0002s ]
SQL: SELECT * FROM `test` WHERE `id` = 621 LIMIT 1   [ RunTime:0.0002s ]
SQL: SELECT * FROM `test` WHERE `id` = 623 LIMIT 1   [ RunTime:0.0002s ]
SQL: SELECT * FROM `test` WHERE `id` = 625 LIMIT 1   [ RunTime:0.0002s ]
SQL: SELECT * FROM `test` WHERE `id` = 626 LIMIT 1   [ RunTime:0.0002s ]
SQL: SHOW COLUMNS FROM `jtest` [ RunTime:0.0046s ]
SQL: SELECT * FROM `jtest` WHERE `id` = 200 LIMIT 1   [ RunTime:0.0018s ]
SQL: SELECT * FROM `jtest` WHERE `id` = 201 LIMIT 1   [ RunTime:0.0012s ]
SQL: SHOW COLUMNS FROM `grade` [ RunTime:0.0044s ]
SQL: INSERT INTO `grade` (`sid`,`pid`,`score`,`subtime`) VALUES ('22','69','12','2017-10-31 14:58:05') [ RunTime:0.0030s ]
SQL: SHOW COLUMNS FROM `answer` [ RunTime:0.0038s ]
SQL: INSERT INTO `answer` (`sans`,`dans`,`jans`,`gid`) VALUES ('D,C,D,D,D,ABCD,B','BCD,BCD,BCD','N,N','30') [ RunTime:0.0022s ]
INFO: [ app_end ] --START--
INFO: Run Behavior\ShowPageTraceBehavior [ RunTime:0.000657s ]
INFO: [ app_end ] --END-- [ RunTime:0.000696s ]

[ 2017-10-31T14:58:13+08:00 ] 127.0.0.1 /nut/Home/Api/ans
INFO: [ app_init ] --START--
INFO: Run Behavior\BuildLiteBehavior [ RunTime:0.000018s ]
INFO: [ app_init ] --END-- [ RunTime:0.000554s ]
INFO: [ app_begin ] --START--
INFO: Run Behavior\ReadHtmlCacheBehavior [ RunTime:0.000492s ]
INFO: [ app_begin ] --END-- [ RunTime:0.000538s ]
SQL: SHOW COLUMNS FROM `test` [ RunTime:0.0048s ]
SQL: SELECT * FROM `test` WHERE `id` = 614 LIMIT 1   [ RunTime:0.0003s ]
SQL: SELECT * FROM `test` WHERE `id` = 615 LIMIT 1   [ RunTime:0.0002s ]
SQL: SELECT * FROM `test` WHERE `id` = 616 LIMIT 1   [ RunTime:0.0002s ]
SQL: SELECT * FROM `test` WHERE `id` = 617 LIMIT 1   [ RunTime:0.0002s ]
SQL: SELECT * FROM `test` WHERE `id` = 619 LIMIT 1   [ RunTime:0.0002s ]
SQL: SELECT * FROM `test` WHERE `id` = 620 LIMIT 1   [ RunTime:0.0002s ]
SQL: SELECT * FROM `test` WHERE `id` = 621 LIMIT 1   [ RunTime:0.0002s ]
SQL: SELECT * FROM `test` WHERE `id` = 623 LIMIT 1   [ RunTime:0.0002s ]
SQL: SELECT * FROM `test` WHERE `id` = 625 LIMIT 1   [ RunTime:0.0002s ]
SQL: SELECT * FROM `test` WHERE `id` = 626 LIMIT 1   [ RunTime:0.0002s ]
SQL: SHOW COLUMNS FROM `jtest` [ RunTime:0.0043s ]
SQL: SELECT * FROM `jtest` WHERE `id` = 200 LIMIT 1   [ RunTime:0.0004s ]
SQL: SELECT * FROM `jtest` WHERE `id` = 201 LIMIT 1   [ RunTime:0.0002s ]
SQL: SHOW COLUMNS FROM `grade` [ RunTime:0.0049s ]
SQL: INSERT INTO `grade` (`sid`,`pid`,`score`,`subtime`) VALUES ('22','69','12','2017-10-31 14:58:13') [ RunTime:0.0027s ]
SQL: SHOW COLUMNS FROM `answer` [ RunTime:0.0044s ]
SQL: INSERT INTO `answer` (`sans`,`dans`,`jans`,`gid`) VALUES ('D,C,D,D,D,ABCD,B','BCD,BCD,BCD','N,N','31') [ RunTime:0.0028s ]
INFO: [ app_end ] --START--
INFO: Run Behavior\ShowPageTraceBehavior [ RunTime:0.000810s ]
INFO: [ app_end ] --END-- [ RunTime:0.000866s ]

[ 2017-10-31T15:01:00+08:00 ] 127.0.0.1 /nut/Home/Api/ans
INFO: [ app_init ] --START--
INFO: Run Behavior\BuildLiteBehavior [ RunTime:0.000010s ]
INFO: [ app_init ] --END-- [ RunTime:0.000829s ]
INFO: [ app_begin ] --START--
INFO: Run Behavior\ReadHtmlCacheBehavior [ RunTime:0.000937s ]
INFO: [ app_begin ] --END-- [ RunTime:0.000989s ]
SQL: SHOW COLUMNS FROM `test` [ RunTime:0.0110s ]
SQL: SELECT * FROM `test` WHERE `id` = 614 LIMIT 1   [ RunTime:0.0018s ]
SQL: SELECT * FROM `test` WHERE `id` = 615 LIMIT 1   [ RunTime:0.0016s ]
SQL: SELECT * FROM `test` WHERE `id` = 616 LIMIT 1   [ RunTime:0.0003s ]
SQL: SELECT * FROM `test` WHERE `id` = 617 LIMIT 1   [ RunTime:0.0008s ]
SQL: SELECT * FROM `test` WHERE `id` = 619 LIMIT 1   [ RunTime:0.0004s ]
SQL: SELECT * FROM `test` WHERE `id` = 620 LIMIT 1   [ RunTime:0.0008s ]
SQL: SELECT * FROM `test` WHERE `id` = 621 LIMIT 1   [ RunTime:0.0005s ]
SQL: SELECT * FROM `test` WHERE `id` = 623 LIMIT 1   [ RunTime:0.0002s ]
SQL: SELECT * FROM `test` WHERE `id` = 625 LIMIT 1   [ RunTime:0.0002s ]
SQL: SELECT * FROM `test` WHERE `id` = 626 LIMIT 1   [ RunTime:0.0002s ]
SQL: SHOW COLUMNS FROM `jtest` [ RunTime:0.0033s ]
SQL: SELECT * FROM `jtest` WHERE `id` = 200 LIMIT 1   [ RunTime:0.0003s ]
SQL: SELECT * FROM `jtest` WHERE `id` = 201 LIMIT 1   [ RunTime:0.0002s ]
SQL: SHOW COLUMNS FROM `grade` [ RunTime:0.0043s ]
SQL: INSERT INTO `grade` (`sid`,`pid`,`score`,`subtime`) VALUES ('22','69','12','2017-10-31 15:01:00') [ RunTime:0.0053s ]
SQL: SHOW COLUMNS FROM `answer` [ RunTime:0.0044s ]
SQL: INSERT INTO `answer` (`sans`,`dans`,`jans`,`gid`) VALUES ('D,C,D,D,D,ABCD,B','BCD,BCD,BCD','N,N','32') [ RunTime:0.0020s ]
INFO: [ app_end ] --START--
INFO: Run Behavior\ShowPageTraceBehavior [ RunTime:0.001499s ]
INFO: [ app_end ] --END-- [ RunTime:0.001587s ]

[ 2017-10-31T15:02:44+08:00 ] 127.0.0.1 /nut/Home/Api/paper?code=lUUcf
INFO: [ app_init ] --START--
INFO: Run Behavior\BuildLiteBehavior [ RunTime:0.000074s ]
INFO: [ app_init ] --END-- [ RunTime:0.001376s ]
INFO: [ app_begin ] --START--
INFO: Run Behavior\ReadHtmlCacheBehavior [ RunTime:0.002765s ]
INFO: [ app_begin ] --END-- [ RunTime:0.002838s ]
SQL: SHOW COLUMNS FROM `painfo` [ RunTime:0.0064s ]
SQL: SELECT * FROM `painfo` WHERE `code` = 'lUUcf' LIMIT 1   [ RunTime:0.0013s ]
SQL: SELECT * FROM `painfo` WHERE `pid` = 79 LIMIT 1   [ RunTime:0.0003s ]
SQL: SHOW COLUMNS FROM `paper` [ RunTime:0.0068s ]
SQL: SELECT * FROM `paper` WHERE `pid` = 79 LIMIT 1   [ RunTime:0.0005s ]
SQL: SHOW COLUMNS FROM `test` [ RunTime:0.0130s ]
SQL: SELECT * FROM `test` WHERE `tyid` = 's' AND `id` = 614 LIMIT 1   [ RunTime:0.0006s ]
SQL: SELECT * FROM `test` WHERE `tyid` = 's' AND `id` = 615 LIMIT 1   [ RunTime:0.0003s ]
SQL: SELECT * FROM `test` WHERE `tyid` = 's' AND `id` = 616 LIMIT 1   [ RunTime:0.0003s ]
SQL: SELECT * FROM `test` WHERE `tyid` = 's' AND `id` = 617 LIMIT 1   [ RunTime:0.0003s ]
SQL: SELECT * FROM `test` WHERE `tyid` = 's' AND `id` = 619 LIMIT 1   [ RunTime:0.0010s ]
SQL: SELECT * FROM `test` WHERE `tyid` = 's' AND `id` = 620 LIMIT 1   [ RunTime:0.0003s ]
SQL: SELECT * FROM `test` WHERE `tyid` = 's' AND `id` = 621 LIMIT 1   [ RunTime:0.0003s ]
SQL: SELECT * FROM `test` WHERE `tyid` = 'd' AND `id` = 623 LIMIT 1   [ RunTime:0.0003s ]
SQL: SELECT * FROM `test` WHERE `tyid` = 'd' AND `id` = 625 LIMIT 1   [ RunTime:0.0007s ]
SQL: SELECT * FROM `test` WHERE `tyid` = 'd' AND `id` = 626 LIMIT 1   [ RunTime:0.0003s ]
SQL: SHOW COLUMNS FROM `jtest` [ RunTime:0.0119s ]
SQL: SELECT * FROM `jtest` WHERE `id` = 200 LIMIT 1   [ RunTime:0.0023s ]
SQL: SELECT * FROM `jtest` WHERE `id` = 201 LIMIT 1   [ RunTime:0.0048s ]

[ 2017-10-31T15:04:54+08:00 ] 127.0.0.1 /nut/Home/Api/ans
INFO: [ app_init ] --START--
INFO: Run Behavior\BuildLiteBehavior [ RunTime:0.000034s ]
INFO: [ app_init ] --END-- [ RunTime:0.001624s ]
INFO: [ app_begin ] --START--
INFO: Run Behavior\ReadHtmlCacheBehavior [ RunTime:0.001196s ]
INFO: [ app_begin ] --END-- [ RunTime:0.001285s ]
SQL: SHOW COLUMNS FROM `test` [ RunTime:0.0159s ]
SQL: SELECT * FROM `test` WHERE `id` = 614 LIMIT 1   [ RunTime:0.0007s ]
SQL: SELECT * FROM `test` WHERE `id` = 615 LIMIT 1   [ RunTime:0.0003s ]
SQL: SELECT * FROM `test` WHERE `id` = 616 LIMIT 1   [ RunTime:0.0003s ]
SQL: SELECT * FROM `test` WHERE `id` = 617 LIMIT 1   [ RunTime:0.0003s ]
SQL: SELECT * FROM `test` WHERE `id` = 619 LIMIT 1   [ RunTime:0.0002s ]
SQL: SELECT * FROM `test` WHERE `id` = 620 LIMIT 1   [ RunTime:0.0002s ]
SQL: SELECT * FROM `test` WHERE `id` = 621 LIMIT 1   [ RunTime:0.0015s ]
SQL: SELECT * FROM `test` WHERE `id` = 623 LIMIT 1   [ RunTime:0.0005s ]
SQL: SELECT * FROM `test` WHERE `id` = 625 LIMIT 1   [ RunTime:0.0003s ]
SQL: SELECT * FROM `test` WHERE `id` = 626 LIMIT 1   [ RunTime:0.0002s ]
SQL: SHOW COLUMNS FROM `jtest` [ RunTime:0.0080s ]
SQL: SELECT * FROM `jtest` WHERE `id` = 200 LIMIT 1   [ RunTime:0.0008s ]
SQL: SELECT * FROM `jtest` WHERE `id` = 201 LIMIT 1   [ RunTime:0.0003s ]
SQL: SHOW COLUMNS FROM `grade` [ RunTime:0.0054s ]
SQL: INSERT INTO `grade` (`sid`,`pid`,`score`,`subtime`) VALUES ('22','69','12','2017-10-31 15:04:54') [ RunTime:0.0068s ]
SQL: SHOW COLUMNS FROM `answer` [ RunTime:0.0147s ]
SQL: INSERT INTO `answer` (`sans`,`dans`,`jans`,`gid`) VALUES ('D,C,D,D,D,ABCD,B','BCD,BCD,BCD','N,N','33') [ RunTime:0.0021s ]

[ 2017-10-31T15:05:06+08:00 ] 127.0.0.1 /nut/Home/Api/paper?code=lUUcf
INFO: [ app_init ] --START--
INFO: Run Behavior\BuildLiteBehavior [ RunTime:0.000015s ]
INFO: [ app_init ] --END-- [ RunTime:0.000670s ]
INFO: [ app_begin ] --START--
INFO: Run Behavior\ReadHtmlCacheBehavior [ RunTime:0.001581s ]
INFO: [ app_begin ] --END-- [ RunTime:0.001624s ]
SQL: SHOW COLUMNS FROM `painfo` [ RunTime:0.0046s ]
SQL: SELECT * FROM `painfo` WHERE `code` = 'lUUcf' LIMIT 1   [ RunTime:0.0008s ]
SQL: SELECT * FROM `painfo` WHERE `pid` = 79 LIMIT 1   [ RunTime:0.0004s ]
SQL: SHOW COLUMNS FROM `paper` [ RunTime:0.0051s ]
SQL: SELECT * FROM `paper` WHERE `pid` = 79 LIMIT 1   [ RunTime:0.0004s ]
SQL: SHOW COLUMNS FROM `test` [ RunTime:0.0043s ]
SQL: SELECT * FROM `test` WHERE `tyid` = 's' AND `id` = 614 LIMIT 1   [ RunTime:0.0003s ]
SQL: SELECT * FROM `test` WHERE `tyid` = 's' AND `id` = 615 LIMIT 1   [ RunTime:0.0003s ]
SQL: SELECT * FROM `test` WHERE `tyid` = 's' AND `id` = 616 LIMIT 1   [ RunTime:0.0002s ]
SQL: SELECT * FROM `test` WHERE `tyid` = 's' AND `id` = 617 LIMIT 1   [ RunTime:0.0002s ]
SQL: SELECT * FROM `test` WHERE `tyid` = 's' AND `id` = 619 LIMIT 1   [ RunTime:0.0002s ]
SQL: SELECT * FROM `test` WHERE `tyid` = 's' AND `id` = 620 LIMIT 1   [ RunTime:0.0002s ]
SQL: SELECT * FROM `test` WHERE `tyid` = 's' AND `id` = 621 LIMIT 1   [ RunTime:0.0002s ]
SQL: SELECT * FROM `test` WHERE `tyid` = 'd' AND `id` = 623 LIMIT 1   [ RunTime:0.0002s ]
SQL: SELECT * FROM `test` WHERE `tyid` = 'd' AND `id` = 625 LIMIT 1   [ RunTime:0.0003s ]
SQL: SELECT * FROM `test` WHERE `tyid` = 'd' AND `id` = 626 LIMIT 1   [ RunTime:0.0002s ]
SQL: SHOW COLUMNS FROM `jtest` [ RunTime:0.0036s ]
SQL: SELECT * FROM `jtest` WHERE `id` = 200 LIMIT 1   [ RunTime:0.0003s ]
SQL: SELECT * FROM `jtest` WHERE `id` = 201 LIMIT 1   [ RunTime:0.0003s ]

[ 2017-10-31T15:05:24+08:00 ] 127.0.0.1 /nut/Home/Api/ans
INFO: [ app_init ] --START--
INFO: Run Behavior\BuildLiteBehavior [ RunTime:0.000011s ]
INFO: [ app_init ] --END-- [ RunTime:0.000362s ]
INFO: [ app_begin ] --START--
INFO: Run Behavior\ReadHtmlCacheBehavior [ RunTime:0.000532s ]
INFO: [ app_begin ] --END-- [ RunTime:0.000572s ]
SQL: SHOW COLUMNS FROM `test` [ RunTime:0.0045s ]
SQL: SELECT * FROM `test` WHERE `id` = 614 LIMIT 1   [ RunTime:0.0003s ]
SQL: SELECT * FROM `test` WHERE `id` = 615 LIMIT 1   [ RunTime:0.0002s ]
SQL: SELECT * FROM `test` WHERE `id` = 616 LIMIT 1   [ RunTime:0.0002s ]
SQL: SELECT * FROM `test` WHERE `id` = 617 LIMIT 1   [ RunTime:0.0002s ]
SQL: SELECT * FROM `test` WHERE `id` = 619 LIMIT 1   [ RunTime:0.0002s ]
SQL: SELECT * FROM `test` WHERE `id` = 620 LIMIT 1   [ RunTime:0.0002s ]
SQL: SELECT * FROM `test` WHERE `id` = 621 LIMIT 1   [ RunTime:0.0002s ]
SQL: SELECT * FROM `test` WHERE `id` = 623 LIMIT 1   [ RunTime:0.0002s ]
SQL: SELECT * FROM `test` WHERE `id` = 625 LIMIT 1   [ RunTime:0.0002s ]
SQL: SELECT * FROM `test` WHERE `id` = 626 LIMIT 1   [ RunTime:0.0002s ]
SQL: SHOW COLUMNS FROM `jtest` [ RunTime:0.0038s ]
SQL: SELECT * FROM `jtest` WHERE `id` = 200 LIMIT 1   [ RunTime:0.0002s ]
SQL: SELECT * FROM `jtest` WHERE `id` = 201 LIMIT 1   [ RunTime:0.0002s ]
SQL: SHOW COLUMNS FROM `grade` [ RunTime:0.0048s ]
SQL: INSERT INTO `grade` (`sid`,`pid`,`score`,`subtime`) VALUES ('22','69','12','2017-10-31 15:05:24') [ RunTime:0.0030s ]
SQL: SHOW COLUMNS FROM `answer` [ RunTime:0.0065s ]
SQL: INSERT INTO `answer` (`sans`,`dans`,`jans`,`gid`) VALUES ('D,C,D,D,D,ABCD,B','BCD,BCD,BCD','N,N','34') [ RunTime:0.0018s ]

