[ 2017-10-12T12:49:59+08:00 ] 127.0.0.1 /nut/Home/Api/login?name=nut&password=123
INFO: [ app_init ] --START--
INFO: Run Behavior\BuildLiteBehavior [ RunTime:0.000013s ]
INFO: [ app_init ] --END-- [ RunTime:0.001288s ]
INFO: [ app_begin ] --START--
INFO: Run Behavior\ReadHtmlCacheBehavior [ RunTime:0.000855s ]
INFO: [ app_begin ] --END-- [ RunTime:0.000917s ]
SQL: SHOW COLUMNS FROM `student` [ RunTime:0.0068s ]
SQL: SELECT * FROM `student` WHERE `sname` = 'nut' AND `password` = '202cb962ac59075b964b07152d234b70' LIMIT 1   [ RunTime:0.0008s ]
INFO: [ app_end ] --START--
INFO: Run Behavior\ShowPageTraceBehavior [ RunTime:0.000849s ]
INFO: [ app_end ] --END-- [ RunTime:0.000888s ]

[ 2017-10-12T12:49:59+08:00 ] 127.0.0.1 /nut/Home/Api/testlist?id=21
INFO: [ app_init ] --START--
INFO: Run Behavior\BuildLiteBehavior [ RunTime:0.000010s ]
INFO: [ app_init ] --END-- [ RunTime:0.000427s ]
INFO: [ app_begin ] --START--
INFO: Run Behavior\ReadHtmlCacheBehavior [ RunTime:0.000545s ]
INFO: [ app_begin ] --END-- [ RunTime:0.000587s ]
SQL: SHOW COLUMNS FROM `grade` [ RunTime:0.0031s ]
SQL: SELECT * FROM `grade` WHERE `sid` = 21  [ RunTime:0.0004s ]
SQL: SHOW COLUMNS FROM `painfo` [ RunTime:0.0033s ]
SQL: SELECT * FROM `painfo` WHERE `pid` = 79 LIMIT 1   [ RunTime:0.0003s ]

[ 2017-10-12T12:49:59+08:00 ] 127.0.0.1 /nut/Home/Api/testlist?id=21
INFO: [ app_init ] --START--
INFO: Run Behavior\BuildLiteBehavior [ RunTime:0.000010s ]
INFO: [ app_init ] --END-- [ RunTime:0.000388s ]
INFO: [ app_begin ] --START--
INFO: Run Behavior\ReadHtmlCacheBehavior [ RunTime:0.000647s ]
INFO: [ app_begin ] --END-- [ RunTime:0.000688s ]
SQL: SHOW COLUMNS FROM `grade` [ RunTime:0.0029s ]
SQL: SELECT * FROM `grade` WHERE `sid` = 21  [ RunTime:0.0002s ]
SQL: SHOW COLUMNS FROM `painfo` [ RunTime:0.0026s ]
SQL: SELECT * FROM `painfo` WHERE `pid` = 79 LIMIT 1   [ RunTime:0.0003s ]

[ 2017-10-12T12:50:04+08:00 ] 127.0.0.1 /nut/Home/Api/testlist?id=21
INFO: [ app_init ] --START--
INFO: Run Behavior\BuildLiteBehavior [ RunTime:0.000021s ]
INFO: [ app_init ] --END-- [ RunTime:0.000709s ]
INFO: [ app_begin ] --START--
INFO: Run Behavior\ReadHtmlCacheBehavior [ RunTime:0.000765s ]
INFO: [ app_begin ] --END-- [ RunTime:0.000826s ]
SQL: SHOW COLUMNS FROM `grade` [ RunTime:0.0040s ]
SQL: SELECT * FROM `grade` WHERE `sid` = 21  [ RunTime:0.0006s ]
SQL: SHOW COLUMNS FROM `painfo` [ RunTime:0.0046s ]
SQL: SELECT * FROM `painfo` WHERE `pid` = 79 LIMIT 1   [ RunTime:0.0005s ]

[ 2017-10-12T12:50:07+08:00 ] 127.0.0.1 /nut/Home/Api/testlist?id=21
INFO: [ app_init ] --START--
INFO: Run Behavior\BuildLiteBehavior [ RunTime:0.000017s ]
INFO: [ app_init ] --END-- [ RunTime:0.000486s ]
INFO: [ app_begin ] --START--
INFO: Run Behavior\ReadHtmlCacheBehavior [ RunTime:0.001102s ]
INFO: [ app_begin ] --END-- [ RunTime:0.001239s ]
SQL: SHOW COLUMNS FROM `grade` [ RunTime:0.0031s ]
SQL: SELECT * FROM `grade` WHERE `sid` = 21  [ RunTime:0.0003s ]
SQL: SHOW COLUMNS FROM `painfo` [ RunTime:0.0030s ]
SQL: SELECT * FROM `painfo` WHERE `pid` = 79 LIMIT 1   [ RunTime:0.0002s ]

[ 2017-10-12T12:50:15+08:00 ] 127.0.0.1 /nut/Home/Api/testlist?id=21
INFO: [ app_init ] --START--
INFO: Run Behavior\BuildLiteBehavior [ RunTime:0.000018s ]
INFO: [ app_init ] --END-- [ RunTime:0.000550s ]
INFO: [ app_begin ] --START--
INFO: Run Behavior\ReadHtmlCacheBehavior [ RunTime:0.000697s ]
INFO: [ app_begin ] --END-- [ RunTime:0.000752s ]
SQL: SHOW COLUMNS FROM `grade` [ RunTime:0.0030s ]
SQL: SELECT * FROM `grade` WHERE `sid` = 21  [ RunTime:0.0004s ]
SQL: SHOW COLUMNS FROM `painfo` [ RunTime:0.0028s ]
SQL: SELECT * FROM `painfo` WHERE `pid` = 79 LIMIT 1   [ RunTime:0.0003s ]

[ 2017-10-12T12:50:20+08:00 ] 127.0.0.1 /nut/Home/Api/testlist?id=21
INFO: [ app_init ] --START--
INFO: Run Behavior\BuildLiteBehavior [ RunTime:0.000012s ]
INFO: [ app_init ] --END-- [ RunTime:0.000371s ]
INFO: [ app_begin ] --START--
INFO: Run Behavior\ReadHtmlCacheBehavior [ RunTime:0.000528s ]
INFO: [ app_begin ] --END-- [ RunTime:0.000582s ]
SQL: SHOW COLUMNS FROM `grade` [ RunTime:0.0032s ]
SQL: SELECT * FROM `grade` WHERE `sid` = 21  [ RunTime:0.0002s ]
SQL: SHOW COLUMNS FROM `painfo` [ RunTime:0.0023s ]
SQL: SELECT * FROM `painfo` WHERE `pid` = 79 LIMIT 1   [ RunTime:0.0002s ]

[ 2017-10-12T12:50:22+08:00 ] 127.0.0.1 /nut/Home/Api/testlist?id=21
INFO: [ app_init ] --START--
INFO: Run Behavior\BuildLiteBehavior [ RunTime:0.000013s ]
INFO: [ app_init ] --END-- [ RunTime:0.000472s ]
INFO: [ app_begin ] --START--
INFO: Run Behavior\ReadHtmlCacheBehavior [ RunTime:0.000548s ]
INFO: [ app_begin ] --END-- [ RunTime:0.000588s ]
SQL: SHOW COLUMNS FROM `grade` [ RunTime:0.0024s ]
SQL: SELECT * FROM `grade` WHERE `sid` = 21  [ RunTime:0.0003s ]
SQL: SHOW COLUMNS FROM `painfo` [ RunTime:0.0024s ]
SQL: SELECT * FROM `painfo` WHERE `pid` = 79 LIMIT 1   [ RunTime:0.0002s ]

[ 2017-10-12T12:50:23+08:00 ] 127.0.0.1 /nut/Home/Api/testlist?id=21
INFO: [ app_init ] --START--
INFO: Run Behavior\BuildLiteBehavior [ RunTime:0.000011s ]
INFO: [ app_init ] --END-- [ RunTime:0.000376s ]
INFO: [ app_begin ] --START--
INFO: Run Behavior\ReadHtmlCacheBehavior [ RunTime:0.000542s ]
INFO: [ app_begin ] --END-- [ RunTime:0.000597s ]
SQL: SHOW COLUMNS FROM `grade` [ RunTime:0.0030s ]
SQL: SELECT * FROM `grade` WHERE `sid` = 21  [ RunTime:0.0002s ]
SQL: SHOW COLUMNS FROM `painfo` [ RunTime:0.0026s ]
SQL: SELECT * FROM `painfo` WHERE `pid` = 79 LIMIT 1   [ RunTime:0.0003s ]

[ 2017-10-12T12:50:26+08:00 ] 127.0.0.1 /nut/Home/Api/testlist?id=21
INFO: [ app_init ] --START--
INFO: Run Behavior\BuildLiteBehavior [ RunTime:0.000011s ]
INFO: [ app_init ] --END-- [ RunTime:0.000434s ]
INFO: [ app_begin ] --START--
INFO: Run Behavior\ReadHtmlCacheBehavior [ RunTime:0.000530s ]
INFO: [ app_begin ] --END-- [ RunTime:0.000566s ]
SQL: SHOW COLUMNS FROM `grade` [ RunTime:0.0025s ]
SQL: SELECT * FROM `grade` WHERE `sid` = 21  [ RunTime:0.0002s ]
SQL: SHOW COLUMNS FROM `painfo` [ RunTime:0.0028s ]
SQL: SELECT * FROM `painfo` WHERE `pid` = 79 LIMIT 1   [ RunTime:0.0003s ]

[ 2017-10-12T12:50:28+08:00 ] 127.0.0.1 /nut/Home/Api/testlist?id=21
INFO: [ app_init ] --START--
INFO: Run Behavior\BuildLiteBehavior [ RunTime:0.000010s ]
INFO: [ app_init ] --END-- [ RunTime:0.000407s ]
INFO: [ app_begin ] --START--
INFO: Run Behavior\ReadHtmlCacheBehavior [ RunTime:0.000439s ]
INFO: [ app_begin ] --END-- [ RunTime:0.000474s ]
SQL: SHOW COLUMNS FROM `grade` [ RunTime:0.0030s ]
SQL: SELECT * FROM `grade` WHERE `sid` = 21  [ RunTime:0.0003s ]
SQL: SHOW COLUMNS FROM `painfo` [ RunTime:0.0023s ]
SQL: SELECT * FROM `painfo` WHERE `pid` = 79 LIMIT 1   [ RunTime:0.0003s ]

[ 2017-10-12T12:50:43+08:00 ] 127.0.0.1 /nut/Home/Api/info?id=12
INFO: [ app_init ] --START--
INFO: Run Behavior\BuildLiteBehavior [ RunTime:0.000019s ]
INFO: [ app_init ] --END-- [ RunTime:0.000642s ]
INFO: [ app_begin ] --START--
INFO: Run Behavior\ReadHtmlCacheBehavior [ RunTime:0.000752s ]
INFO: [ app_begin ] --END-- [ RunTime:0.000822s ]
SQL: SHOW COLUMNS FROM `grade` [ RunTime:0.0032s ]
SQL: SELECT * FROM `grade` WHERE `gid` = 12 LIMIT 1   [ RunTime:0.0003s ]
SQL: SHOW COLUMNS FROM `paper` [ RunTime:0.0051s ]
SQL: SELECT * FROM `paper` WHERE `pid` = 79 LIMIT 1   [ RunTime:0.0003s ]
SQL: SHOW COLUMNS FROM `painfo` [ RunTime:0.0030s ]
SQL: SELECT * FROM `painfo` WHERE `pid` = 79 LIMIT 1   [ RunTime:0.0003s ]
SQL: SHOW COLUMNS FROM `type` [ RunTime:0.0030s ]
SQL: SELECT * FROM `type` WHERE `typeid` = 69 LIMIT 1   [ RunTime:0.0006s ]
SQL: SHOW COLUMNS FROM `answer` [ RunTime:0.0048s ]
SQL: SELECT * FROM `answer` WHERE `gid` = 12 LIMIT 1   [ RunTime:0.0003s ]
SQL: SHOW COLUMNS FROM `test` [ RunTime:0.0033s ]
SQL: SELECT * FROM `test` WHERE `id` = 614 LIMIT 1   [ RunTime:0.0004s ]
SQL: SELECT * FROM `test` WHERE `id` = 615 LIMIT 1   [ RunTime:0.0002s ]
SQL: SELECT * FROM `test` WHERE `id` = 616 LIMIT 1   [ RunTime:0.0002s ]
SQL: SELECT * FROM `test` WHERE `id` = 617 LIMIT 1   [ RunTime:0.0003s ]
SQL: SELECT * FROM `test` WHERE `id` = 619 LIMIT 1   [ RunTime:0.0002s ]
SQL: SELECT * FROM `test` WHERE `id` = 620 LIMIT 1   [ RunTime:0.0002s ]
SQL: SELECT * FROM `test` WHERE `id` = 621 LIMIT 1   [ RunTime:0.0002s ]
SQL: SELECT * FROM `test` WHERE `id` = 623 LIMIT 1   [ RunTime:0.0002s ]
SQL: SELECT * FROM `test` WHERE `id` = 625 LIMIT 1   [ RunTime:0.0002s ]
SQL: SELECT * FROM `test` WHERE `id` = 626 LIMIT 1   [ RunTime:0.0002s ]
SQL: SHOW COLUMNS FROM `jtest` [ RunTime:0.0032s ]
SQL: SELECT * FROM `jtest` WHERE `id` = 200 LIMIT 1   [ RunTime:0.0003s ]
SQL: SELECT * FROM `jtest` WHERE `id` = 201 LIMIT 1   [ RunTime:0.0002s ]

[ 2017-10-12T12:52:08+08:00 ] ::1 /nut/
INFO: [ app_init ] --START--
INFO: Run Behavior\BuildLiteBehavior [ RunTime:0.000010s ]
INFO: [ app_init ] --END-- [ RunTime:0.000677s ]
INFO: [ app_begin ] --START--
INFO: Run Behavior\ReadHtmlCacheBehavior [ RunTime:0.000930s ]
INFO: [ app_begin ] --END-- [ RunTime:0.000977s ]
INFO: [ view_parse ] --START--
INFO: [ template_filter ] --START--
INFO: Run Behavior\ContentReplaceBehavior [ RunTime:0.000046s ]
INFO: [ template_filter ] --END-- [ RunTime:0.000087s ]
INFO: Run Behavior\ParseTemplateBehavior [ RunTime:0.009505s ]
INFO: [ view_parse ] --END-- [ RunTime:0.009685s ]
INFO: [ view_filter ] --START--
INFO: Run Behavior\WriteHtmlCacheBehavior [ RunTime:0.001102s ]
INFO: [ view_filter ] --END-- [ RunTime:0.001140s ]
INFO: [ app_end ] --START--
INFO: Run Behavior\ShowPageTraceBehavior [ RunTime:0.000992s ]
INFO: [ app_end ] --END-- [ RunTime:0.001042s ]

[ 2017-10-12T12:52:11+08:00 ] ::1 /nut/Home/Login/index.html
INFO: [ app_init ] --START--
INFO: Run Behavior\BuildLiteBehavior [ RunTime:0.000012s ]
INFO: [ app_init ] --END-- [ RunTime:0.000430s ]
INFO: [ app_begin ] --START--
INFO: Run Behavior\ReadHtmlCacheBehavior [ RunTime:0.000687s ]
INFO: [ app_begin ] --END-- [ RunTime:0.000723s ]
INFO: [ view_parse ] --START--
INFO: [ template_filter ] --START--
INFO: Run Behavior\ContentReplaceBehavior [ RunTime:0.000038s ]
INFO: [ template_filter ] --END-- [ RunTime:0.000084s ]
INFO: Run Behavior\ParseTemplateBehavior [ RunTime:0.006995s ]
INFO: [ view_parse ] --END-- [ RunTime:0.007053s ]
INFO: [ view_filter ] --START--
INFO: Run Behavior\WriteHtmlCacheBehavior [ RunTime:0.000649s ]
INFO: [ view_filter ] --END-- [ RunTime:0.000680s ]
INFO: [ app_end ] --START--
INFO: Run Behavior\ShowPageTraceBehavior [ RunTime:0.000840s ]
INFO: [ app_end ] --END-- [ RunTime:0.000883s ]

[ 2017-10-12T12:52:14+08:00 ] ::1 /nut/Home/Login/login.html
INFO: [ app_init ] --START--
INFO: Run Behavior\BuildLiteBehavior [ RunTime:0.000010s ]
INFO: [ app_init ] --END-- [ RunTime:0.000496s ]
INFO: [ app_begin ] --START--
INFO: Run Behavior\ReadHtmlCacheBehavior [ RunTime:0.000998s ]
INFO: [ app_begin ] --END-- [ RunTime:0.001047s ]
SQL: SHOW COLUMNS FROM `student` [ RunTime:0.0031s ]
SQL: SELECT * FROM `student` WHERE `sname` = 'nut' AND `password` = '202cb962ac59075b964b07152d234b70' LIMIT 1   [ RunTime:0.0024s ]
INFO: [ app_end ] --START--
INFO: Run Behavior\ShowPageTraceBehavior [ RunTime:0.002062s ]
INFO: [ app_end ] --END-- [ RunTime:0.002134s ]

[ 2017-10-12T12:52:14+08:00 ] ::1 /nut/Home/Student/testlist.html
INFO: [ app_init ] --START--
INFO: Run Behavior\BuildLiteBehavior [ RunTime:0.000010s ]
INFO: [ app_init ] --END-- [ RunTime:0.000442s ]
INFO: [ app_begin ] --START--
INFO: Run Behavior\ReadHtmlCacheBehavior [ RunTime:0.000747s ]
INFO: [ app_begin ] --END-- [ RunTime:0.000788s ]
NOTIC: [2048] Declaration of Home\Controller\StudentController::error() should be compatible with Think\Controller::error($message = '', $jumpUrl = '', $ajax = false) C:\xampp\htdocs\nut\App\Home\Controller\StudentController.class.php 第 163 行.
SQL: SHOW COLUMNS FROM `grade` [ RunTime:0.0025s ]
SQL: SELECT COUNT(*) AS tp_count FROM `grade` WHERE `sid` = 22 LIMIT 1   [ RunTime:0.0028s ]
SQL: SELECT * FROM `grade` WHERE `sid` = 22 LIMIT 0,1   [ RunTime:0.0013s ]
NOTIC: [8] Undefined variable: painfolist C:\xampp\htdocs\nut\App\Home\Controller\StudentController.class.php 第 50 行.
INFO: [ view_parse ] --START--
INFO: [ template_filter ] --START--
INFO: Run Behavior\ContentReplaceBehavior [ RunTime:0.000068s ]
INFO: [ template_filter ] --END-- [ RunTime:0.000122s ]
INFO: Run Behavior\ParseTemplateBehavior [ RunTime:0.019046s ]
INFO: [ view_parse ] --END-- [ RunTime:0.019103s ]
INFO: [ view_filter ] --START--
INFO: Run Behavior\WriteHtmlCacheBehavior [ RunTime:0.000633s ]
INFO: [ view_filter ] --END-- [ RunTime:0.000662s ]
INFO: [ app_end ] --START--
INFO: Run Behavior\ShowPageTraceBehavior [ RunTime:0.000688s ]
INFO: [ app_end ] --END-- [ RunTime:0.000719s ]

[ 2017-10-12T12:52:18+08:00 ] ::1 /nut/Home/Student/testlist.html
INFO: [ app_init ] --START--
INFO: Run Behavior\BuildLiteBehavior [ RunTime:0.000012s ]
INFO: [ app_init ] --END-- [ RunTime:0.000565s ]
INFO: [ app_begin ] --START--
INFO: Run Behavior\ReadHtmlCacheBehavior [ RunTime:0.001933s ]
INFO: [ app_begin ] --END-- [ RunTime:0.002039s ]
NOTIC: [2048] Declaration of Home\Controller\StudentController::error() should be compatible with Think\Controller::error($message = '', $jumpUrl = '', $ajax = false) C:\xampp\htdocs\nut\App\Home\Controller\StudentController.class.php 第 163 行.
SQL: SHOW COLUMNS FROM `grade` [ RunTime:0.0032s ]
SQL: SELECT COUNT(*) AS tp_count FROM `grade` WHERE `sid` = 22 LIMIT 1   [ RunTime:0.0009s ]
SQL: SELECT * FROM `grade` WHERE `sid` = 22 LIMIT 0,1   [ RunTime:0.0005s ]
NOTIC: [8] Undefined variable: painfolist C:\xampp\htdocs\nut\App\Home\Controller\StudentController.class.php 第 50 行.
INFO: [ view_parse ] --START--
INFO: [ template_filter ] --START--
INFO: Run Behavior\ContentReplaceBehavior [ RunTime:0.000066s ]
INFO: [ template_filter ] --END-- [ RunTime:0.000109s ]
INFO: Run Behavior\ParseTemplateBehavior [ RunTime:0.010848s ]
INFO: [ view_parse ] --END-- [ RunTime:0.010892s ]
INFO: [ view_filter ] --START--
INFO: Run Behavior\WriteHtmlCacheBehavior [ RunTime:0.000688s ]
INFO: [ view_filter ] --END-- [ RunTime:0.000728s ]
INFO: [ app_end ] --START--
INFO: Run Behavior\ShowPageTraceBehavior [ RunTime:0.002087s ]
INFO: [ app_end ] --END-- [ RunTime:0.002164s ]

[ 2017-10-12T12:52:24+08:00 ] ::1 /nut/Home/Login/login.html
INFO: [ app_init ] --START--
INFO: Run Behavior\BuildLiteBehavior [ RunTime:0.000010s ]
INFO: [ app_init ] --END-- [ RunTime:0.000492s ]
INFO: [ app_begin ] --START--
INFO: Run Behavior\ReadHtmlCacheBehavior [ RunTime:0.000779s ]
INFO: [ app_begin ] --END-- [ RunTime:0.000824s ]
SQL: SHOW COLUMNS FROM `student` [ RunTime:0.0027s ]
SQL: SELECT * FROM `student` WHERE `sname` = 'admin' AND `password` = '21232f297a57a5a743894a0e4a801fc3' LIMIT 1   [ RunTime:0.0004s ]
INFO: [ view_parse ] --START--
INFO: [ template_filter ] --START--
INFO: Run Behavior\ContentReplaceBehavior [ RunTime:0.000060s ]
INFO: [ template_filter ] --END-- [ RunTime:0.000127s ]
INFO: Run Behavior\ParseTemplateBehavior [ RunTime:0.010310s ]
INFO: [ view_parse ] --END-- [ RunTime:0.010373s ]
INFO: [ view_filter ] --START--
INFO: Run Behavior\WriteHtmlCacheBehavior [ RunTime:0.000601s ]
INFO: [ view_filter ] --END-- [ RunTime:0.000635s ]

[ 2017-10-12T12:52:28+08:00 ] ::1 /nut/Home/Login/login.html
INFO: [ app_init ] --START--
INFO: Run Behavior\BuildLiteBehavior [ RunTime:0.000011s ]
INFO: [ app_init ] --END-- [ RunTime:0.000548s ]
INFO: [ app_begin ] --START--
INFO: Run Behavior\ReadHtmlCacheBehavior [ RunTime:0.000723s ]
INFO: [ app_begin ] --END-- [ RunTime:0.000769s ]
SQL: SHOW COLUMNS FROM `student` [ RunTime:0.0024s ]
SQL: SELECT * FROM `student` WHERE `sname` = 'admin' AND `password` = '202cb962ac59075b964b07152d234b70' LIMIT 1   [ RunTime:0.0003s ]
INFO: [ app_end ] --START--
INFO: Run Behavior\ShowPageTraceBehavior [ RunTime:0.000810s ]
INFO: [ app_end ] --END-- [ RunTime:0.000848s ]

[ 2017-10-12T12:52:28+08:00 ] ::1 /nut/Home/Student/testlist.html
INFO: [ app_init ] --START--
INFO: Run Behavior\BuildLiteBehavior [ RunTime:0.000011s ]
INFO: [ app_init ] --END-- [ RunTime:0.000516s ]
INFO: [ app_begin ] --START--
INFO: Run Behavior\ReadHtmlCacheBehavior [ RunTime:0.000713s ]
INFO: [ app_begin ] --END-- [ RunTime:0.000748s ]
NOTIC: [2048] Declaration of Home\Controller\StudentController::error() should be compatible with Think\Controller::error($message = '', $jumpUrl = '', $ajax = false) C:\xampp\htdocs\nut\App\Home\Controller\StudentController.class.php 第 163 行.
SQL: SHOW COLUMNS FROM `grade` [ RunTime:0.0032s ]
SQL: SELECT COUNT(*) AS tp_count FROM `grade` WHERE `sid` = 21 LIMIT 1   [ RunTime:0.0003s ]
SQL: SELECT * FROM `grade` WHERE `sid` = 21 LIMIT 0,1   [ RunTime:0.0003s ]
SQL: SHOW COLUMNS FROM `painfo` [ RunTime:0.0032s ]
SQL: SELECT * FROM `painfo` WHERE `pid` = 79 LIMIT 1   [ RunTime:0.0003s ]
INFO: [ view_parse ] --START--
INFO: [ template_filter ] --START--
INFO: Run Behavior\ContentReplaceBehavior [ RunTime:0.000086s ]
INFO: [ template_filter ] --END-- [ RunTime:0.000152s ]
INFO: Run Behavior\ParseTemplateBehavior [ RunTime:0.011584s ]
INFO: [ view_parse ] --END-- [ RunTime:0.011637s ]
INFO: [ view_filter ] --START--
INFO: Run Behavior\WriteHtmlCacheBehavior [ RunTime:0.000633s ]
INFO: [ view_filter ] --END-- [ RunTime:0.000662s ]
INFO: [ app_end ] --START--
INFO: Run Behavior\ShowPageTraceBehavior [ RunTime:0.000737s ]
INFO: [ app_end ] --END-- [ RunTime:0.000768s ]

[ 2017-10-12T12:52:31+08:00 ] ::1 /nut/Home/Student/info.html?id=12
INFO: [ app_init ] --START--
INFO: Run Behavior\BuildLiteBehavior [ RunTime:0.000012s ]
INFO: [ app_init ] --END-- [ RunTime:0.000483s ]
INFO: [ app_begin ] --START--
INFO: Run Behavior\ReadHtmlCacheBehavior [ RunTime:0.000715s ]
INFO: [ app_begin ] --END-- [ RunTime:0.000760s ]
NOTIC: [2048] Declaration of Home\Controller\StudentController::error() should be compatible with Think\Controller::error($message = '', $jumpUrl = '', $ajax = false) C:\xampp\htdocs\nut\App\Home\Controller\StudentController.class.php 第 163 行.
SQL: SHOW COLUMNS FROM `grade` [ RunTime:0.0037s ]
SQL: SELECT * FROM `grade` WHERE `gid` = 12 LIMIT 1   [ RunTime:0.0003s ]
SQL: SHOW COLUMNS FROM `paper` [ RunTime:0.0029s ]
SQL: SELECT * FROM `paper` WHERE `pid` = 79 LIMIT 1   [ RunTime:0.0003s ]
SQL: SHOW COLUMNS FROM `painfo` [ RunTime:0.0031s ]
SQL: SELECT * FROM `painfo` WHERE `pid` = 79 LIMIT 1   [ RunTime:0.0003s ]
SQL: SHOW COLUMNS FROM `type` [ RunTime:0.0023s ]
SQL: SELECT * FROM `type` WHERE `typeid` = 69 LIMIT 1   [ RunTime:0.0003s ]
SQL: SHOW COLUMNS FROM `answer` [ RunTime:0.0026s ]
SQL: SELECT * FROM `answer` WHERE `gid` = 12 LIMIT 1   [ RunTime:0.0003s ]
SQL: SHOW COLUMNS FROM `test` [ RunTime:0.0024s ]
SQL: SELECT * FROM `test` WHERE `id` = 614 LIMIT 1   [ RunTime:0.0003s ]
SQL: SELECT * FROM `test` WHERE `id` = 615 LIMIT 1   [ RunTime:0.0002s ]
SQL: SELECT * FROM `test` WHERE `id` = 616 LIMIT 1   [ RunTime:0.0002s ]
SQL: SELECT * FROM `test` WHERE `id` = 617 LIMIT 1   [ RunTime:0.0002s ]
SQL: SELECT * FROM `test` WHERE `id` = 619 LIMIT 1   [ RunTime:0.0002s ]
SQL: SELECT * FROM `test` WHERE `id` = 620 LIMIT 1   [ RunTime:0.0002s ]
SQL: SELECT * FROM `test` WHERE `id` = 621 LIMIT 1   [ RunTime:0.0002s ]
SQL: SELECT * FROM `test` WHERE `id` = 623 LIMIT 1   [ RunTime:0.0002s ]
SQL: SELECT * FROM `test` WHERE `id` = 625 LIMIT 1   [ RunTime:0.0002s ]
SQL: SELECT * FROM `test` WHERE `id` = 626 LIMIT 1   [ RunTime:0.0002s ]
SQL: SHOW COLUMNS FROM `jtest` [ RunTime:0.0031s ]
SQL: SELECT * FROM `jtest` WHERE `id` = 200 LIMIT 1   [ RunTime:0.0003s ]
SQL: SELECT * FROM `jtest` WHERE `id` = 201 LIMIT 1   [ RunTime:0.0002s ]
INFO: [ view_parse ] --START--
INFO: [ template_filter ] --START--
INFO: Run Behavior\ContentReplaceBehavior [ RunTime:0.000081s ]
INFO: [ template_filter ] --END-- [ RunTime:0.000126s ]
INFO: Run Behavior\ParseTemplateBehavior [ RunTime:0.014770s ]
INFO: [ view_parse ] --END-- [ RunTime:0.014826s ]
INFO: [ view_filter ] --START--
INFO: Run Behavior\WriteHtmlCacheBehavior [ RunTime:0.000718s ]
INFO: [ view_filter ] --END-- [ RunTime:0.000759s ]
INFO: [ app_end ] --START--
INFO: Run Behavior\ShowPageTraceBehavior [ RunTime:0.001144s ]
INFO: [ app_end ] --END-- [ RunTime:0.001210s ]

[ 2017-10-12T12:56:28+08:00 ] 127.0.0.1 /nut/Home/Api/delgrade?pid=79
INFO: [ app_init ] --START--
INFO: Run Behavior\BuildLiteBehavior [ RunTime:0.000009s ]
INFO: [ app_init ] --END-- [ RunTime:0.000446s ]
INFO: [ app_begin ] --START--
INFO: Run Behavior\ReadHtmlCacheBehavior [ RunTime:0.000770s ]
INFO: [ app_begin ] --END-- [ RunTime:0.000821s ]
SQL: SHOW COLUMNS FROM `grade` [ RunTime:0.0027s ]
SQL: DELETE FROM `grade` WHERE `gid` = 0 [ RunTime:0.0028s ]
SQL: SHOW COLUMNS FROM `answer` [ RunTime:0.0022s ]
SQL: DELETE FROM `answer` WHERE `gid` = 0 [ RunTime:0.0002s ]
INFO: [ app_end ] --START--
INFO: Run Behavior\ShowPageTraceBehavior [ RunTime:0.000692s ]
INFO: [ app_end ] --END-- [ RunTime:0.000736s ]

[ 2017-10-12T12:56:32+08:00 ] 127.0.0.1 /nut/Home/Api/delgrade?pid=79
INFO: [ app_init ] --START--
INFO: Run Behavior\BuildLiteBehavior [ RunTime:0.000011s ]
INFO: [ app_init ] --END-- [ RunTime:0.000430s ]
INFO: [ app_begin ] --START--
INFO: Run Behavior\ReadHtmlCacheBehavior [ RunTime:0.000689s ]
INFO: [ app_begin ] --END-- [ RunTime:0.000725s ]
SQL: SHOW COLUMNS FROM `grade` [ RunTime:0.0025s ]
SQL: DELETE FROM `grade` WHERE `gid` = 0 [ RunTime:0.0002s ]
SQL: SHOW COLUMNS FROM `answer` [ RunTime:0.0023s ]
SQL: DELETE FROM `answer` WHERE `gid` = 0 [ RunTime:0.0002s ]
INFO: [ app_end ] --START--
INFO: Run Behavior\ShowPageTraceBehavior [ RunTime:0.000817s ]
INFO: [ app_end ] --END-- [ RunTime:0.000851s ]

[ 2017-10-12T12:56:33+08:00 ] 127.0.0.1 /nut/Home/Api/delgrade?pid=79
INFO: [ app_init ] --START--
INFO: Run Behavior\BuildLiteBehavior [ RunTime:0.000010s ]
INFO: [ app_init ] --END-- [ RunTime:0.000405s ]
INFO: [ app_begin ] --START--
INFO: Run Behavior\ReadHtmlCacheBehavior [ RunTime:0.000774s ]
INFO: [ app_begin ] --END-- [ RunTime:0.000830s ]
SQL: SHOW COLUMNS FROM `grade` [ RunTime:0.0029s ]
SQL: DELETE FROM `grade` WHERE `gid` = 0 [ RunTime:0.0002s ]
SQL: SHOW COLUMNS FROM `answer` [ RunTime:0.0026s ]
SQL: DELETE FROM `answer` WHERE `gid` = 0 [ RunTime:0.0002s ]
INFO: [ app_end ] --START--
INFO: Run Behavior\ShowPageTraceBehavior [ RunTime:0.001000s ]
INFO: [ app_end ] --END-- [ RunTime:0.001056s ]

[ 2017-10-12T12:56:43+08:00 ] 127.0.0.1 /nut/Home/Api/info?id=12
INFO: [ app_init ] --START--
INFO: Run Behavior\BuildLiteBehavior [ RunTime:0.000011s ]
INFO: [ app_init ] --END-- [ RunTime:0.000477s ]
INFO: [ app_begin ] --START--
INFO: Run Behavior\ReadHtmlCacheBehavior [ RunTime:0.000670s ]
INFO: [ app_begin ] --END-- [ RunTime:0.000707s ]
SQL: SHOW COLUMNS FROM `grade` [ RunTime:0.0026s ]
SQL: SELECT * FROM `grade` WHERE `gid` = 12 LIMIT 1   [ RunTime:0.0003s ]
SQL: SHOW COLUMNS FROM `paper` [ RunTime:0.0025s ]
SQL: SELECT * FROM `paper` WHERE `pid` = 79 LIMIT 1   [ RunTime:0.0003s ]
SQL: SHOW COLUMNS FROM `painfo` [ RunTime:0.0025s ]
SQL: SELECT * FROM `painfo` WHERE `pid` = 79 LIMIT 1   [ RunTime:0.0007s ]
SQL: SHOW COLUMNS FROM `type` [ RunTime:0.0028s ]
SQL: SELECT * FROM `type` WHERE `typeid` = 69 LIMIT 1   [ RunTime:0.0003s ]
SQL: SHOW COLUMNS FROM `answer` [ RunTime:0.0022s ]
SQL: SELECT * FROM `answer` WHERE `gid` = 12 LIMIT 1   [ RunTime:0.0002s ]
SQL: SHOW COLUMNS FROM `test` [ RunTime:0.0025s ]
SQL: SELECT * FROM `test` WHERE `id` = 614 LIMIT 1   [ RunTime:0.0004s ]
SQL: SELECT * FROM `test` WHERE `id` = 615 LIMIT 1   [ RunTime:0.0002s ]
SQL: SELECT * FROM `test` WHERE `id` = 616 LIMIT 1   [ RunTime:0.0002s ]
SQL: SELECT * FROM `test` WHERE `id` = 617 LIMIT 1   [ RunTime:0.0002s ]
SQL: SELECT * FROM `test` WHERE `id` = 619 LIMIT 1   [ RunTime:0.0002s ]
SQL: SELECT * FROM `test` WHERE `id` = 620 LIMIT 1   [ RunTime:0.0002s ]
SQL: SELECT * FROM `test` WHERE `id` = 621 LIMIT 1   [ RunTime:0.0003s ]
SQL: SELECT * FROM `test` WHERE `id` = 623 LIMIT 1   [ RunTime:0.0002s ]
SQL: SELECT * FROM `test` WHERE `id` = 625 LIMIT 1   [ RunTime:0.0002s ]
SQL: SELECT * FROM `test` WHERE `id` = 626 LIMIT 1   [ RunTime:0.0003s ]
SQL: SHOW COLUMNS FROM `jtest` [ RunTime:0.0032s ]
SQL: SELECT * FROM `jtest` WHERE `id` = 200 LIMIT 1   [ RunTime:0.0003s ]
SQL: SELECT * FROM `jtest` WHERE `id` = 201 LIMIT 1   [ RunTime:0.0002s ]

[ 2017-10-12T12:56:45+08:00 ] 127.0.0.1 /nut/Home/Api/info?id=12
INFO: [ app_init ] --START--
INFO: Run Behavior\BuildLiteBehavior [ RunTime:0.000011s ]
INFO: [ app_init ] --END-- [ RunTime:0.000451s ]
INFO: [ app_begin ] --START--
INFO: Run Behavior\ReadHtmlCacheBehavior [ RunTime:0.000691s ]
INFO: [ app_begin ] --END-- [ RunTime:0.000728s ]
SQL: SHOW COLUMNS FROM `grade` [ RunTime:0.0027s ]
SQL: SELECT * FROM `grade` WHERE `gid` = 12 LIMIT 1   [ RunTime:0.0002s ]
SQL: SHOW COLUMNS FROM `paper` [ RunTime:0.0024s ]
SQL: SELECT * FROM `paper` WHERE `pid` = 79 LIMIT 1   [ RunTime:0.0002s ]
SQL: SHOW COLUMNS FROM `painfo` [ RunTime:0.0026s ]
SQL: SELECT * FROM `painfo` WHERE `pid` = 79 LIMIT 1   [ RunTime:0.0004s ]
SQL: SHOW COLUMNS FROM `type` [ RunTime:0.0029s ]
SQL: SELECT * FROM `type` WHERE `typeid` = 69 LIMIT 1   [ RunTime:0.0002s ]
SQL: SHOW COLUMNS FROM `answer` [ RunTime:0.0024s ]
SQL: SELECT * FROM `answer` WHERE `gid` = 12 LIMIT 1   [ RunTime:0.0003s ]
SQL: SHOW COLUMNS FROM `test` [ RunTime:0.0027s ]
SQL: SELECT * FROM `test` WHERE `id` = 614 LIMIT 1   [ RunTime:0.0003s ]
SQL: SELECT * FROM `test` WHERE `id` = 615 LIMIT 1   [ RunTime:0.0002s ]
SQL: SELECT * FROM `test` WHERE `id` = 616 LIMIT 1   [ RunTime:0.0002s ]
SQL: SELECT * FROM `test` WHERE `id` = 617 LIMIT 1   [ RunTime:0.0002s ]
SQL: SELECT * FROM `test` WHERE `id` = 619 LIMIT 1   [ RunTime:0.0002s ]
SQL: SELECT * FROM `test` WHERE `id` = 620 LIMIT 1   [ RunTime:0.0002s ]
SQL: SELECT * FROM `test` WHERE `id` = 621 LIMIT 1   [ RunTime:0.0002s ]
SQL: SELECT * FROM `test` WHERE `id` = 623 LIMIT 1   [ RunTime:0.0002s ]
SQL: SELECT * FROM `test` WHERE `id` = 625 LIMIT 1   [ RunTime:0.0002s ]
SQL: SELECT * FROM `test` WHERE `id` = 626 LIMIT 1   [ RunTime:0.0002s ]
SQL: SHOW COLUMNS FROM `jtest` [ RunTime:0.0024s ]
SQL: SELECT * FROM `jtest` WHERE `id` = 200 LIMIT 1   [ RunTime:0.0003s ]
SQL: SELECT * FROM `jtest` WHERE `id` = 201 LIMIT 1   [ RunTime:0.0002s ]

[ 2017-10-12T12:56:46+08:00 ] 127.0.0.1 /nut/Home/Api/info?id=12
INFO: [ app_init ] --START--
INFO: Run Behavior\BuildLiteBehavior [ RunTime:0.000010s ]
INFO: [ app_init ] --END-- [ RunTime:0.000479s ]
INFO: [ app_begin ] --START--
INFO: Run Behavior\ReadHtmlCacheBehavior [ RunTime:0.000849s ]
INFO: [ app_begin ] --END-- [ RunTime:0.000893s ]
SQL: SHOW COLUMNS FROM `grade` [ RunTime:0.0025s ]
SQL: SELECT * FROM `grade` WHERE `gid` = 12 LIMIT 1   [ RunTime:0.0002s ]
SQL: SHOW COLUMNS FROM `paper` [ RunTime:0.0024s ]
SQL: SELECT * FROM `paper` WHERE `pid` = 79 LIMIT 1   [ RunTime:0.0003s ]
SQL: SHOW COLUMNS FROM `painfo` [ RunTime:0.0032s ]
SQL: SELECT * FROM `painfo` WHERE `pid` = 79 LIMIT 1   [ RunTime:0.0003s ]
SQL: SHOW COLUMNS FROM `type` [ RunTime:0.0025s ]
SQL: SELECT * FROM `type` WHERE `typeid` = 69 LIMIT 1   [ RunTime:0.0003s ]
SQL: SHOW COLUMNS FROM `answer` [ RunTime:0.0022s ]
SQL: SELECT * FROM `answer` WHERE `gid` = 12 LIMIT 1   [ RunTime:0.0003s ]
SQL: SHOW COLUMNS FROM `test` [ RunTime:0.0024s ]
SQL: SELECT * FROM `test` WHERE `id` = 614 LIMIT 1   [ RunTime:0.0003s ]
SQL: SELECT * FROM `test` WHERE `id` = 615 LIMIT 1   [ RunTime:0.0002s ]
SQL: SELECT * FROM `test` WHERE `id` = 616 LIMIT 1   [ RunTime:0.0002s ]
SQL: SELECT * FROM `test` WHERE `id` = 617 LIMIT 1   [ RunTime:0.0002s ]
SQL: SELECT * FROM `test` WHERE `id` = 619 LIMIT 1   [ RunTime:0.0002s ]
SQL: SELECT * FROM `test` WHERE `id` = 620 LIMIT 1   [ RunTime:0.0002s ]
SQL: SELECT * FROM `test` WHERE `id` = 621 LIMIT 1   [ RunTime:0.0002s ]
SQL: SELECT * FROM `test` WHERE `id` = 623 LIMIT 1   [ RunTime:0.0002s ]
SQL: SELECT * FROM `test` WHERE `id` = 625 LIMIT 1   [ RunTime:0.0002s ]
SQL: SELECT * FROM `test` WHERE `id` = 626 LIMIT 1   [ RunTime:0.0002s ]
SQL: SHOW COLUMNS FROM `jtest` [ RunTime:0.0028s ]
SQL: SELECT * FROM `jtest` WHERE `id` = 200 LIMIT 1   [ RunTime:0.0003s ]
SQL: SELECT * FROM `jtest` WHERE `id` = 201 LIMIT 1   [ RunTime:0.0002s ]

[ 2017-10-12T12:56:48+08:00 ] 127.0.0.1 /nut/Home/Api/info?id=12
INFO: [ app_init ] --START--
INFO: Run Behavior\BuildLiteBehavior [ RunTime:0.000012s ]
INFO: [ app_init ] --END-- [ RunTime:0.000478s ]
INFO: [ app_begin ] --START--
INFO: Run Behavior\ReadHtmlCacheBehavior [ RunTime:0.000603s ]
INFO: [ app_begin ] --END-- [ RunTime:0.000639s ]
SQL: SHOW COLUMNS FROM `grade` [ RunTime:0.0024s ]
SQL: SELECT * FROM `grade` WHERE `gid` = 12 LIMIT 1   [ RunTime:0.0003s ]
SQL: SHOW COLUMNS FROM `paper` [ RunTime:0.0024s ]
SQL: SELECT * FROM `paper` WHERE `pid` = 79 LIMIT 1   [ RunTime:0.0003s ]
SQL: SHOW COLUMNS FROM `painfo` [ RunTime:0.0032s ]
SQL: SELECT * FROM `painfo` WHERE `pid` = 79 LIMIT 1   [ RunTime:0.0003s ]
SQL: SHOW COLUMNS FROM `type` [ RunTime:0.0023s ]
SQL: SELECT * FROM `type` WHERE `typeid` = 69 LIMIT 1   [ RunTime:0.0003s ]
SQL: SHOW COLUMNS FROM `answer` [ RunTime:0.0023s ]
SQL: SELECT * FROM `answer` WHERE `gid` = 12 LIMIT 1   [ RunTime:0.0003s ]
SQL: SHOW COLUMNS FROM `test` [ RunTime:0.0023s ]
SQL: SELECT * FROM `test` WHERE `id` = 614 LIMIT 1   [ RunTime:0.0003s ]
SQL: SELECT * FROM `test` WHERE `id` = 615 LIMIT 1   [ RunTime:0.0002s ]
SQL: SELECT * FROM `test` WHERE `id` = 616 LIMIT 1   [ RunTime:0.0002s ]
SQL: SELECT * FROM `test` WHERE `id` = 617 LIMIT 1   [ RunTime:0.0002s ]
SQL: SELECT * FROM `test` WHERE `id` = 619 LIMIT 1   [ RunTime:0.0002s ]
SQL: SELECT * FROM `test` WHERE `id` = 620 LIMIT 1   [ RunTime:0.0002s ]
SQL: SELECT * FROM `test` WHERE `id` = 621 LIMIT 1   [ RunTime:0.0002s ]
SQL: SELECT * FROM `test` WHERE `id` = 623 LIMIT 1   [ RunTime:0.0002s ]
SQL: SELECT * FROM `test` WHERE `id` = 625 LIMIT 1   [ RunTime:0.0002s ]
SQL: SELECT * FROM `test` WHERE `id` = 626 LIMIT 1   [ RunTime:0.0002s ]
SQL: SHOW COLUMNS FROM `jtest` [ RunTime:0.0030s ]
SQL: SELECT * FROM `jtest` WHERE `id` = 200 LIMIT 1   [ RunTime:0.0003s ]
SQL: SELECT * FROM `jtest` WHERE `id` = 201 LIMIT 1   [ RunTime:0.0002s ]

[ 2017-10-12T13:19:23+08:00 ] ::1 /nut/Home/Api/testlist
INFO: [ app_init ] --START--
INFO: Run Behavior\BuildLiteBehavior [ RunTime:0.000015s ]
INFO: [ app_init ] --END-- [ RunTime:0.000780s ]
INFO: [ app_begin ] --START--
INFO: Run Behavior\ReadHtmlCacheBehavior [ RunTime:0.000793s ]
INFO: [ app_begin ] --END-- [ RunTime:0.000836s ]
SQL: SHOW COLUMNS FROM `grade` [ RunTime:0.0038s ]
SQL: SELECT * FROM `grade` WHERE `sid` = 0  [ RunTime:0.0004s ]
NOTIC: [8] Undefined variable: painfolist C:\xampp\htdocs\nut\App\Home\Controller\ApiController.class.php 第 66 行.
NOTIC: [8] Undefined variable: painfolist C:\xampp\htdocs\nut\App\Home\Controller\ApiController.class.php 第 67 行.

[ 2017-10-12T13:20:04+08:00 ] ::1 /nut/Home/api/info?id=12
INFO: [ app_init ] --START--
INFO: Run Behavior\BuildLiteBehavior [ RunTime:0.000017s ]
INFO: [ app_init ] --END-- [ RunTime:0.000563s ]
INFO: [ app_begin ] --START--
INFO: Run Behavior\ReadHtmlCacheBehavior [ RunTime:0.000687s ]
INFO: [ app_begin ] --END-- [ RunTime:0.000749s ]
SQL: SHOW COLUMNS FROM `grade` [ RunTime:0.0032s ]
SQL: SELECT * FROM `grade` WHERE `gid` = 12 LIMIT 1   [ RunTime:0.0003s ]
SQL: SHOW COLUMNS FROM `paper` [ RunTime:0.0031s ]
SQL: SELECT * FROM `paper` WHERE `pid` = 79 LIMIT 1   [ RunTime:0.0004s ]
SQL: SHOW COLUMNS FROM `painfo` [ RunTime:0.0033s ]
SQL: SELECT * FROM `painfo` WHERE `pid` = 79 LIMIT 1   [ RunTime:0.0003s ]
SQL: SHOW COLUMNS FROM `type` [ RunTime:0.0026s ]
SQL: SELECT * FROM `type` WHERE `typeid` = 69 LIMIT 1   [ RunTime:0.0003s ]
SQL: SHOW COLUMNS FROM `answer` [ RunTime:0.0031s ]
SQL: SELECT * FROM `answer` WHERE `gid` = 12 LIMIT 1   [ RunTime:0.0003s ]
SQL: SHOW COLUMNS FROM `test` [ RunTime:0.0029s ]
SQL: SELECT * FROM `test` WHERE `id` = 614 LIMIT 1   [ RunTime:0.0003s ]
SQL: SELECT * FROM `test` WHERE `id` = 615 LIMIT 1   [ RunTime:0.0003s ]
SQL: SELECT * FROM `test` WHERE `id` = 616 LIMIT 1   [ RunTime:0.0002s ]
SQL: SELECT * FROM `test` WHERE `id` = 617 LIMIT 1   [ RunTime:0.0002s ]
SQL: SELECT * FROM `test` WHERE `id` = 619 LIMIT 1   [ RunTime:0.0002s ]
SQL: SELECT * FROM `test` WHERE `id` = 620 LIMIT 1   [ RunTime:0.0002s ]
SQL: SELECT * FROM `test` WHERE `id` = 621 LIMIT 1   [ RunTime:0.0002s ]
SQL: SELECT * FROM `test` WHERE `id` = 623 LIMIT 1   [ RunTime:0.0002s ]
SQL: SELECT * FROM `test` WHERE `id` = 625 LIMIT 1   [ RunTime:0.0002s ]
SQL: SELECT * FROM `test` WHERE `id` = 626 LIMIT 1   [ RunTime:0.0002s ]
SQL: SHOW COLUMNS FROM `jtest` [ RunTime:0.0030s ]
SQL: SELECT * FROM `jtest` WHERE `id` = 200 LIMIT 1   [ RunTime:0.0003s ]
SQL: SELECT * FROM `jtest` WHERE `id` = 201 LIMIT 1   [ RunTime:0.0002s ]

[ 2017-10-12T13:20:16+08:00 ] ::1 /nut/Home/api/testlist
INFO: [ app_init ] --START--
INFO: Run Behavior\BuildLiteBehavior [ RunTime:0.000018s ]
INFO: [ app_init ] --END-- [ RunTime:0.000520s ]
INFO: [ app_begin ] --START--
INFO: Run Behavior\ReadHtmlCacheBehavior [ RunTime:0.000690s ]
INFO: [ app_begin ] --END-- [ RunTime:0.000761s ]
SQL: SHOW COLUMNS FROM `grade` [ RunTime:0.0030s ]
SQL: SELECT * FROM `grade` WHERE `sid` = 0  [ RunTime:0.0004s ]
NOTIC: [8] Undefined variable: painfolist C:\xampp\htdocs\nut\App\Home\Controller\ApiController.class.php 第 66 行.
NOTIC: [8] Undefined variable: painfolist C:\xampp\htdocs\nut\App\Home\Controller\ApiController.class.php 第 67 行.

[ 2017-10-12T13:20:27+08:00 ] ::1 /nut/Home/api/testlist?id=21
INFO: [ app_init ] --START--
INFO: Run Behavior\BuildLiteBehavior [ RunTime:0.000011s ]
INFO: [ app_init ] --END-- [ RunTime:0.000350s ]
INFO: [ app_begin ] --START--
INFO: Run Behavior\ReadHtmlCacheBehavior [ RunTime:0.000446s ]
INFO: [ app_begin ] --END-- [ RunTime:0.000486s ]
SQL: SHOW COLUMNS FROM `grade` [ RunTime:0.0026s ]
SQL: SELECT * FROM `grade` WHERE `sid` = 21  [ RunTime:0.0003s ]
SQL: SHOW COLUMNS FROM `painfo` [ RunTime:0.0028s ]
SQL: SELECT * FROM `painfo` WHERE `pid` = 79 LIMIT 1   [ RunTime:0.0004s ]

[ 2017-10-12T13:21:03+08:00 ] ::1 /nut/Home/api/info?id=21
INFO: [ app_init ] --START--
INFO: Run Behavior\BuildLiteBehavior [ RunTime:0.000012s ]
INFO: [ app_init ] --END-- [ RunTime:0.000365s ]
INFO: [ app_begin ] --START--
INFO: Run Behavior\ReadHtmlCacheBehavior [ RunTime:0.000447s ]
INFO: [ app_begin ] --END-- [ RunTime:0.000485s ]
SQL: SHOW COLUMNS FROM `grade` [ RunTime:0.0030s ]
SQL: SELECT * FROM `grade` WHERE `gid` = 21 LIMIT 1   [ RunTime:0.0015s ]
SQL: SHOW COLUMNS FROM `paper` [ RunTime:0.0027s ]
SQL: SELECT * FROM `paper` WHERE `pid` = null LIMIT 1   [ RunTime:0.0009s ]
INFO: [ app_end ] --START--
INFO: Run Behavior\ShowPageTraceBehavior [ RunTime:0.000980s ]
INFO: [ app_end ] --END-- [ RunTime:0.001018s ]

[ 2017-10-12T13:21:11+08:00 ] ::1 /nut/Home/api/info?id=12
INFO: [ app_init ] --START--
INFO: Run Behavior\BuildLiteBehavior [ RunTime:0.000016s ]
INFO: [ app_init ] --END-- [ RunTime:0.000501s ]
INFO: [ app_begin ] --START--
INFO: Run Behavior\ReadHtmlCacheBehavior [ RunTime:0.000698s ]
INFO: [ app_begin ] --END-- [ RunTime:0.000763s ]
SQL: SHOW COLUMNS FROM `grade` [ RunTime:0.0036s ]
SQL: SELECT * FROM `grade` WHERE `gid` = 12 LIMIT 1   [ RunTime:0.0004s ]
SQL: SHOW COLUMNS FROM `paper` [ RunTime:0.0031s ]
SQL: SELECT * FROM `paper` WHERE `pid` = 79 LIMIT 1   [ RunTime:0.0003s ]
SQL: SHOW COLUMNS FROM `painfo` [ RunTime:0.0031s ]
SQL: SELECT * FROM `painfo` WHERE `pid` = 79 LIMIT 1   [ RunTime:0.0004s ]
SQL: SHOW COLUMNS FROM `type` [ RunTime:0.0031s ]
SQL: SELECT * FROM `type` WHERE `typeid` = 69 LIMIT 1   [ RunTime:0.0003s ]
SQL: SHOW COLUMNS FROM `answer` [ RunTime:0.0036s ]
SQL: SELECT * FROM `answer` WHERE `gid` = 12 LIMIT 1   [ RunTime:0.0003s ]
SQL: SHOW COLUMNS FROM `test` [ RunTime:0.0035s ]
SQL: SELECT * FROM `test` WHERE `id` = 614 LIMIT 1   [ RunTime:0.0003s ]
SQL: SELECT * FROM `test` WHERE `id` = 615 LIMIT 1   [ RunTime:0.0002s ]
SQL: SELECT * FROM `test` WHERE `id` = 616 LIMIT 1   [ RunTime:0.0002s ]
SQL: SELECT * FROM `test` WHERE `id` = 617 LIMIT 1   [ RunTime:0.0002s ]
SQL: SELECT * FROM `test` WHERE `id` = 619 LIMIT 1   [ RunTime:0.0002s ]
SQL: SELECT * FROM `test` WHERE `id` = 620 LIMIT 1   [ RunTime:0.0002s ]
SQL: SELECT * FROM `test` WHERE `id` = 621 LIMIT 1   [ RunTime:0.0002s ]
SQL: SELECT * FROM `test` WHERE `id` = 623 LIMIT 1   [ RunTime:0.0002s ]
SQL: SELECT * FROM `test` WHERE `id` = 625 LIMIT 1   [ RunTime:0.0002s ]
SQL: SELECT * FROM `test` WHERE `id` = 626 LIMIT 1   [ RunTime:0.0002s ]
SQL: SHOW COLUMNS FROM `jtest` [ RunTime:0.0036s ]
SQL: SELECT * FROM `jtest` WHERE `id` = 200 LIMIT 1   [ RunTime:0.0004s ]
SQL: SELECT * FROM `jtest` WHERE `id` = 201 LIMIT 1   [ RunTime:0.0002s ]

[ 2017-10-12T14:09:59+08:00 ] 127.0.0.1 /nut/Home/Api/testlist?id=21
INFO: [ app_init ] --START--
INFO: Run Behavior\BuildLiteBehavior [ RunTime:0.000015s ]
INFO: [ app_init ] --END-- [ RunTime:0.001678s ]
INFO: [ app_begin ] --START--
INFO: Run Behavior\ReadHtmlCacheBehavior [ RunTime:0.001224s ]
INFO: [ app_begin ] --END-- [ RunTime:0.001300s ]
SQL: SHOW COLUMNS FROM `grade` [ RunTime:0.0246s ]
SQL: SELECT * FROM `grade` WHERE `sid` = 21  [ RunTime:0.0041s ]
SQL: SHOW COLUMNS FROM `painfo` [ RunTime:0.0039s ]
SQL: SELECT * FROM `painfo` WHERE `pid` = 79 LIMIT 1   [ RunTime:0.0009s ]

[ 2017-10-12T14:10:08+08:00 ] 127.0.0.1 /nut/Home/Api/info
INFO: [ app_init ] --START--
INFO: Run Behavior\BuildLiteBehavior [ RunTime:0.000016s ]
INFO: [ app_init ] --END-- [ RunTime:0.000559s ]
INFO: [ app_begin ] --START--
INFO: Run Behavior\ReadHtmlCacheBehavior [ RunTime:0.000942s ]
INFO: [ app_begin ] --END-- [ RunTime:0.000996s ]
SQL: SHOW COLUMNS FROM `grade` [ RunTime:0.0035s ]
SQL: SELECT * FROM `grade` WHERE `gid` = 0 LIMIT 1   [ RunTime:0.0003s ]
SQL: SHOW COLUMNS FROM `paper` [ RunTime:0.0030s ]
SQL: SELECT * FROM `paper` WHERE `pid` = null LIMIT 1   [ RunTime:0.0007s ]
INFO: [ app_end ] --START--
INFO: Run Behavior\ShowPageTraceBehavior [ RunTime:0.001298s ]
INFO: [ app_end ] --END-- [ RunTime:0.001346s ]

[ 2017-10-12T14:10:08+08:00 ] 127.0.0.1 /nut/Home/Api/info
INFO: [ app_init ] --START--
INFO: Run Behavior\BuildLiteBehavior [ RunTime:0.000015s ]
INFO: [ app_init ] --END-- [ RunTime:0.001145s ]
INFO: [ app_begin ] --START--
INFO: Run Behavior\ReadHtmlCacheBehavior [ RunTime:0.001007s ]
INFO: [ app_begin ] --END-- [ RunTime:0.001070s ]
SQL: SHOW COLUMNS FROM `grade` [ RunTime:0.0035s ]
SQL: SELECT * FROM `grade` WHERE `gid` = 0 LIMIT 1   [ RunTime:0.0002s ]
SQL: SHOW COLUMNS FROM `paper` [ RunTime:0.0032s ]
SQL: SELECT * FROM `paper` WHERE `pid` = null LIMIT 1   [ RunTime:0.0003s ]
INFO: [ app_end ] --START--
INFO: Run Behavior\ShowPageTraceBehavior [ RunTime:0.001173s ]
INFO: [ app_end ] --END-- [ RunTime:0.001224s ]

[ 2017-10-12T14:11:39+08:00 ] 127.0.0.1 /nut/Home/Api/testlist?id=21
INFO: [ app_init ] --START--
INFO: Run Behavior\BuildLiteBehavior [ RunTime:0.000096s ]
INFO: [ app_init ] --END-- [ RunTime:0.000959s ]
INFO: [ app_begin ] --START--
INFO: Run Behavior\ReadHtmlCacheBehavior [ RunTime:0.002447s ]
INFO: [ app_begin ] --END-- [ RunTime:0.002521s ]
SQL: SHOW COLUMNS FROM `grade` [ RunTime:0.0045s ]
SQL: SELECT * FROM `grade` WHERE `sid` = 21  [ RunTime:0.0004s ]
SQL: SHOW COLUMNS FROM `painfo` [ RunTime:0.0041s ]
SQL: SELECT * FROM `painfo` WHERE `pid` = 79 LIMIT 1   [ RunTime:0.0003s ]

[ 2017-10-12T14:13:34+08:00 ] 127.0.0.1 /nut/Home/Api/info
INFO: [ app_init ] --START--
INFO: Run Behavior\BuildLiteBehavior [ RunTime:0.000013s ]
INFO: [ app_init ] --END-- [ RunTime:0.000410s ]
INFO: [ app_begin ] --START--
INFO: Run Behavior\ReadHtmlCacheBehavior [ RunTime:0.000736s ]
INFO: [ app_begin ] --END-- [ RunTime:0.000791s ]
SQL: SHOW COLUMNS FROM `grade` [ RunTime:0.0034s ]
SQL: SELECT * FROM `grade` WHERE `gid` = 0 LIMIT 1   [ RunTime:0.0003s ]
SQL: SHOW COLUMNS FROM `paper` [ RunTime:0.0034s ]
SQL: SELECT * FROM `paper` WHERE `pid` = null LIMIT 1   [ RunTime:0.0004s ]
INFO: [ app_end ] --START--
INFO: Run Behavior\ShowPageTraceBehavior [ RunTime:0.001150s ]
INFO: [ app_end ] --END-- [ RunTime:0.001196s ]

[ 2017-10-12T14:13:34+08:00 ] 127.0.0.1 /nut/Home/Api/info
INFO: [ app_init ] --START--
INFO: Run Behavior\BuildLiteBehavior [ RunTime:0.000016s ]
INFO: [ app_init ] --END-- [ RunTime:0.000825s ]
INFO: [ app_begin ] --START--
INFO: Run Behavior\ReadHtmlCacheBehavior [ RunTime:0.000674s ]
INFO: [ app_begin ] --END-- [ RunTime:0.000721s ]
SQL: SHOW COLUMNS FROM `grade` [ RunTime:0.0051s ]
SQL: SELECT * FROM `grade` WHERE `gid` = 0 LIMIT 1   [ RunTime:0.0003s ]
SQL: SHOW COLUMNS FROM `paper` [ RunTime:0.0051s ]
SQL: SELECT * FROM `paper` WHERE `pid` = null LIMIT 1   [ RunTime:0.0003s ]
INFO: [ app_end ] --START--
INFO: Run Behavior\ShowPageTraceBehavior [ RunTime:0.000979s ]
INFO: [ app_end ] --END-- [ RunTime:0.001033s ]

[ 2017-10-12T14:14:33+08:00 ] 127.0.0.1 /nut/Home/Api/testlist?id=21
INFO: [ app_init ] --START--
INFO: Run Behavior\BuildLiteBehavior [ RunTime:0.000023s ]
INFO: [ app_init ] --END-- [ RunTime:0.000965s ]
INFO: [ app_begin ] --START--
INFO: Run Behavior\ReadHtmlCacheBehavior [ RunTime:0.001375s ]
INFO: [ app_begin ] --END-- [ RunTime:0.001465s ]
SQL: SHOW COLUMNS FROM `grade` [ RunTime:0.0154s ]
SQL: SELECT * FROM `grade` WHERE `sid` = 21  [ RunTime:0.0006s ]
SQL: SHOW COLUMNS FROM `painfo` [ RunTime:0.0072s ]
SQL: SELECT * FROM `painfo` WHERE `pid` = 79 LIMIT 1   [ RunTime:0.0004s ]

[ 2017-10-12T14:14:33+08:00 ] 127.0.0.1 /nut/Home/Api/testlist?id=21
INFO: [ app_init ] --START--
INFO: Run Behavior\BuildLiteBehavior [ RunTime:0.000025s ]
INFO: [ app_init ] --END-- [ RunTime:0.000911s ]
INFO: [ app_begin ] --START--
INFO: Run Behavior\ReadHtmlCacheBehavior [ RunTime:0.003617s ]
INFO: [ app_begin ] --END-- [ RunTime:0.003736s ]
SQL: SHOW COLUMNS FROM `grade` [ RunTime:0.0047s ]
SQL: SELECT * FROM `grade` WHERE `sid` = 21  [ RunTime:0.0004s ]
SQL: SHOW COLUMNS FROM `painfo` [ RunTime:0.0051s ]
SQL: SELECT * FROM `painfo` WHERE `pid` = 79 LIMIT 1   [ RunTime:0.0004s ]

[ 2017-10-12T14:23:54+08:00 ] 127.0.0.1 /nut/Home/Api/info
INFO: [ app_init ] --START--
INFO: Run Behavior\BuildLiteBehavior [ RunTime:0.000020s ]
INFO: [ app_init ] --END-- [ RunTime:0.000974s ]
INFO: [ app_begin ] --START--
INFO: Run Behavior\ReadHtmlCacheBehavior [ RunTime:0.000936s ]
INFO: [ app_begin ] --END-- [ RunTime:0.000994s ]
SQL: SHOW COLUMNS FROM `grade` [ RunTime:0.0047s ]
SQL: SELECT * FROM `grade` WHERE `gid` = 0 LIMIT 1   [ RunTime:0.0005s ]
SQL: SHOW COLUMNS FROM `paper` [ RunTime:0.0075s ]
SQL: SELECT * FROM `paper` WHERE `pid` = null LIMIT 1   [ RunTime:0.0005s ]
INFO: [ app_end ] --START--
INFO: Run Behavior\ShowPageTraceBehavior [ RunTime:0.002094s ]
INFO: [ app_end ] --END-- [ RunTime:0.002174s ]

[ 2017-10-12T14:23:54+08:00 ] 127.0.0.1 /nut/Home/Api/info
INFO: [ app_init ] --START--
INFO: Run Behavior\BuildLiteBehavior [ RunTime:0.000018s ]
INFO: [ app_init ] --END-- [ RunTime:0.001314s ]
INFO: [ app_begin ] --START--
INFO: Run Behavior\ReadHtmlCacheBehavior [ RunTime:0.001109s ]
INFO: [ app_begin ] --END-- [ RunTime:0.001171s ]
SQL: SHOW COLUMNS FROM `grade` [ RunTime:0.0045s ]
SQL: SELECT * FROM `grade` WHERE `gid` = 0 LIMIT 1   [ RunTime:0.0005s ]
SQL: SHOW COLUMNS FROM `paper` [ RunTime:0.0074s ]
SQL: SELECT * FROM `paper` WHERE `pid` = null LIMIT 1   [ RunTime:0.0005s ]
INFO: [ app_end ] --START--
INFO: Run Behavior\ShowPageTraceBehavior [ RunTime:0.002071s ]
INFO: [ app_end ] --END-- [ RunTime:0.002151s ]

[ 2017-10-12T14:23:57+08:00 ] 127.0.0.1 /nut/Home/Api/info?id=12
INFO: [ app_init ] --START--
INFO: Run Behavior\BuildLiteBehavior [ RunTime:0.000013s ]
INFO: [ app_init ] --END-- [ RunTime:0.000440s ]
INFO: [ app_begin ] --START--
INFO: Run Behavior\ReadHtmlCacheBehavior [ RunTime:0.001197s ]
INFO: [ app_begin ] --END-- [ RunTime:0.001308s ]
SQL: SHOW COLUMNS FROM `grade` [ RunTime:0.0046s ]
SQL: SELECT * FROM `grade` WHERE `gid` = 12 LIMIT 1   [ RunTime:0.0003s ]
SQL: SHOW COLUMNS FROM `paper` [ RunTime:0.0029s ]
SQL: SELECT * FROM `paper` WHERE `pid` = 79 LIMIT 1   [ RunTime:0.0003s ]
SQL: SHOW COLUMNS FROM `painfo` [ RunTime:0.0023s ]
SQL: SELECT * FROM `painfo` WHERE `pid` = 79 LIMIT 1   [ RunTime:0.0003s ]
SQL: SHOW COLUMNS FROM `type` [ RunTime:0.0029s ]
SQL: SELECT * FROM `type` WHERE `typeid` = 69 LIMIT 1   [ RunTime:0.0004s ]
SQL: SHOW COLUMNS FROM `answer` [ RunTime:0.0029s ]
SQL: SELECT * FROM `answer` WHERE `gid` = 12 LIMIT 1   [ RunTime:0.0002s ]
SQL: SHOW COLUMNS FROM `test` [ RunTime:0.0037s ]
SQL: SELECT * FROM `test` WHERE `id` = 614 LIMIT 1   [ RunTime:0.0003s ]
SQL: SELECT * FROM `test` WHERE `id` = 615 LIMIT 1   [ RunTime:0.0002s ]
SQL: SELECT * FROM `test` WHERE `id` = 616 LIMIT 1   [ RunTime:0.0002s ]
SQL: SELECT * FROM `test` WHERE `id` = 617 LIMIT 1   [ RunTime:0.0002s ]
SQL: SELECT * FROM `test` WHERE `id` = 619 LIMIT 1   [ RunTime:0.0002s ]
SQL: SELECT * FROM `test` WHERE `id` = 620 LIMIT 1   [ RunTime:0.0002s ]
SQL: SELECT * FROM `test` WHERE `id` = 621 LIMIT 1   [ RunTime:0.0002s ]
SQL: SELECT * FROM `test` WHERE `id` = 623 LIMIT 1   [ RunTime:0.0002s ]
SQL: SELECT * FROM `test` WHERE `id` = 625 LIMIT 1   [ RunTime:0.0002s ]
SQL: SELECT * FROM `test` WHERE `id` = 626 LIMIT 1   [ RunTime:0.0002s ]
SQL: SHOW COLUMNS FROM `jtest` [ RunTime:0.0026s ]
SQL: SELECT * FROM `jtest` WHERE `id` = 200 LIMIT 1   [ RunTime:0.0003s ]
SQL: SELECT * FROM `jtest` WHERE `id` = 201 LIMIT 1   [ RunTime:0.0002s ]

[ 2017-10-12T14:24:03+08:00 ] 127.0.0.1 /nut/Home/Api/info
INFO: [ app_init ] --START--
INFO: Run Behavior\BuildLiteBehavior [ RunTime:0.000011s ]
INFO: [ app_init ] --END-- [ RunTime:0.000437s ]
INFO: [ app_begin ] --START--
INFO: Run Behavior\ReadHtmlCacheBehavior [ RunTime:0.000688s ]
INFO: [ app_begin ] --END-- [ RunTime:0.000726s ]
SQL: SHOW COLUMNS FROM `grade` [ RunTime:0.0026s ]
SQL: SELECT * FROM `grade` WHERE `gid` = 0 LIMIT 1   [ RunTime:0.0002s ]
SQL: SHOW COLUMNS FROM `paper` [ RunTime:0.0024s ]
SQL: SELECT * FROM `paper` WHERE `pid` = null LIMIT 1   [ RunTime:0.0002s ]
INFO: [ app_end ] --START--
INFO: Run Behavior\ShowPageTraceBehavior [ RunTime:0.000743s ]
INFO: [ app_end ] --END-- [ RunTime:0.000777s ]

[ 2017-10-12T14:24:24+08:00 ] 127.0.0.1 /nut/Home/Api/info?id=12
INFO: [ app_init ] --START--
INFO: Run Behavior\BuildLiteBehavior [ RunTime:0.000015s ]
INFO: [ app_init ] --END-- [ RunTime:0.000707s ]
INFO: [ app_begin ] --START--
INFO: Run Behavior\ReadHtmlCacheBehavior [ RunTime:0.001861s ]
INFO: [ app_begin ] --END-- [ RunTime:0.001924s ]
SQL: SHOW COLUMNS FROM `grade` [ RunTime:0.0050s ]
SQL: SELECT * FROM `grade` WHERE `gid` = 12 LIMIT 1   [ RunTime:0.0003s ]
SQL: SHOW COLUMNS FROM `paper` [ RunTime:0.0045s ]
SQL: SELECT * FROM `paper` WHERE `pid` = 79 LIMIT 1   [ RunTime:0.0003s ]
SQL: SHOW COLUMNS FROM `painfo` [ RunTime:0.0023s ]
SQL: SELECT * FROM `painfo` WHERE `pid` = 79 LIMIT 1   [ RunTime:0.0002s ]
SQL: SHOW COLUMNS FROM `type` [ RunTime:0.0023s ]
SQL: SELECT * FROM `type` WHERE `typeid` = 69 LIMIT 1   [ RunTime:0.0002s ]
SQL: SHOW COLUMNS FROM `answer` [ RunTime:0.0040s ]
SQL: SELECT * FROM `answer` WHERE `gid` = 12 LIMIT 1   [ RunTime:0.0004s ]
SQL: SHOW COLUMNS FROM `test` [ RunTime:0.0043s ]
SQL: SELECT * FROM `test` WHERE `id` = 614 LIMIT 1   [ RunTime:0.0003s ]
SQL: SELECT * FROM `test` WHERE `id` = 615 LIMIT 1   [ RunTime:0.0002s ]
SQL: SELECT * FROM `test` WHERE `id` = 616 LIMIT 1   [ RunTime:0.0002s ]
SQL: SELECT * FROM `test` WHERE `id` = 617 LIMIT 1   [ RunTime:0.0002s ]
SQL: SELECT * FROM `test` WHERE `id` = 619 LIMIT 1   [ RunTime:0.0002s ]
SQL: SELECT * FROM `test` WHERE `id` = 620 LIMIT 1   [ RunTime:0.0002s ]
SQL: SELECT * FROM `test` WHERE `id` = 621 LIMIT 1   [ RunTime:0.0002s ]
SQL: SELECT * FROM `test` WHERE `id` = 623 LIMIT 1   [ RunTime:0.0002s ]
SQL: SELECT * FROM `test` WHERE `id` = 625 LIMIT 1   [ RunTime:0.0002s ]
SQL: SELECT * FROM `test` WHERE `id` = 626 LIMIT 1   [ RunTime:0.0002s ]
SQL: SHOW COLUMNS FROM `jtest` [ RunTime:0.0030s ]
SQL: SELECT * FROM `jtest` WHERE `id` = 200 LIMIT 1   [ RunTime:0.0003s ]
SQL: SELECT * FROM `jtest` WHERE `id` = 201 LIMIT 1   [ RunTime:0.0002s ]

[ 2017-10-12T14:28:16+08:00 ] 127.0.0.1 /nut/Home/Api/testlist?id=21
INFO: [ app_init ] --START--
INFO: Run Behavior\BuildLiteBehavior [ RunTime:0.000019s ]
INFO: [ app_init ] --END-- [ RunTime:0.000629s ]
INFO: [ app_begin ] --START--
INFO: Run Behavior\ReadHtmlCacheBehavior [ RunTime:0.001062s ]
INFO: [ app_begin ] --END-- [ RunTime:0.001137s ]
SQL: SHOW COLUMNS FROM `grade` [ RunTime:0.0057s ]
SQL: SELECT * FROM `grade` WHERE `sid` = 21  [ RunTime:0.0006s ]
SQL: SHOW COLUMNS FROM `painfo` [ RunTime:0.0031s ]
SQL: SELECT * FROM `painfo` WHERE `pid` = 79 LIMIT 1   [ RunTime:0.0003s ]

[ 2017-10-12T14:29:35+08:00 ] 127.0.0.1 /nut/Home/Api/testlist?id=21
INFO: [ app_init ] --START--
INFO: Run Behavior\BuildLiteBehavior [ RunTime:0.000016s ]
INFO: [ app_init ] --END-- [ RunTime:0.001230s ]
INFO: [ app_begin ] --START--
INFO: Run Behavior\ReadHtmlCacheBehavior [ RunTime:0.001642s ]
INFO: [ app_begin ] --END-- [ RunTime:0.001747s ]
SQL: SHOW COLUMNS FROM `grade` [ RunTime:0.0130s ]
SQL: SELECT * FROM `grade` WHERE `sid` = 21  [ RunTime:0.0030s ]
SQL: SHOW COLUMNS FROM `painfo` [ RunTime:0.0052s ]
SQL: SELECT * FROM `painfo` WHERE `pid` = 79 LIMIT 1   [ RunTime:0.0006s ]

[ 2017-10-12T14:29:41+08:00 ] 127.0.0.1 /nut/Home/Api/info
INFO: [ app_init ] --START--
INFO: Run Behavior\BuildLiteBehavior [ RunTime:0.000012s ]
INFO: [ app_init ] --END-- [ RunTime:0.000593s ]
INFO: [ app_begin ] --START--
INFO: Run Behavior\ReadHtmlCacheBehavior [ RunTime:0.000961s ]
INFO: [ app_begin ] --END-- [ RunTime:0.001287s ]
SQL: SHOW COLUMNS FROM `grade` [ RunTime:0.0049s ]
SQL: SELECT * FROM `grade` WHERE `gid` = 0 LIMIT 1   [ RunTime:0.0005s ]
SQL: SHOW COLUMNS FROM `paper` [ RunTime:0.0033s ]
SQL: SELECT * FROM `paper` WHERE `pid` = null LIMIT 1   [ RunTime:0.0019s ]
INFO: [ app_end ] --START--
INFO: Run Behavior\ShowPageTraceBehavior [ RunTime:0.001196s ]
INFO: [ app_end ] --END-- [ RunTime:0.001249s ]

[ 2017-10-12T14:29:41+08:00 ] 127.0.0.1 /nut/Home/Api/info
INFO: [ app_init ] --START--
INFO: Run Behavior\BuildLiteBehavior [ RunTime:0.000011s ]
INFO: [ app_init ] --END-- [ RunTime:0.000376s ]
INFO: [ app_begin ] --START--
INFO: Run Behavior\ReadHtmlCacheBehavior [ RunTime:0.000743s ]
INFO: [ app_begin ] --END-- [ RunTime:0.000792s ]
SQL: SHOW COLUMNS FROM `grade` [ RunTime:0.0062s ]
SQL: SELECT * FROM `grade` WHERE `gid` = 0 LIMIT 1   [ RunTime:0.0002s ]
SQL: SHOW COLUMNS FROM `paper` [ RunTime:0.0027s ]
SQL: SELECT * FROM `paper` WHERE `pid` = null LIMIT 1   [ RunTime:0.0002s ]
INFO: [ app_end ] --START--
INFO: Run Behavior\ShowPageTraceBehavior [ RunTime:0.001055s ]
INFO: [ app_end ] --END-- [ RunTime:0.001101s ]

[ 2017-10-12T14:29:46+08:00 ] 127.0.0.1 /nut/Home/Api/info?id=12
INFO: [ app_init ] --START--
INFO: Run Behavior\BuildLiteBehavior [ RunTime:0.000013s ]
INFO: [ app_init ] --END-- [ RunTime:0.000411s ]
INFO: [ app_begin ] --START--
INFO: Run Behavior\ReadHtmlCacheBehavior [ RunTime:0.000701s ]
INFO: [ app_begin ] --END-- [ RunTime:0.000753s ]
SQL: SHOW COLUMNS FROM `grade` [ RunTime:0.0039s ]
SQL: SELECT * FROM `grade` WHERE `gid` = 12 LIMIT 1   [ RunTime:0.0003s ]
SQL: SHOW COLUMNS FROM `paper` [ RunTime:0.0023s ]
SQL: SELECT * FROM `paper` WHERE `pid` = 79 LIMIT 1   [ RunTime:0.0003s ]
SQL: SHOW COLUMNS FROM `painfo` [ RunTime:0.0031s ]
SQL: SELECT * FROM `painfo` WHERE `pid` = 79 LIMIT 1   [ RunTime:0.0002s ]
SQL: SHOW COLUMNS FROM `type` [ RunTime:0.0025s ]
SQL: SELECT * FROM `type` WHERE `typeid` = 69 LIMIT 1   [ RunTime:0.0003s ]
SQL: SHOW COLUMNS FROM `answer` [ RunTime:0.0023s ]
SQL: SELECT * FROM `answer` WHERE `gid` = 12 LIMIT 1   [ RunTime:0.0002s ]
SQL: SHOW COLUMNS FROM `test` [ RunTime:0.0025s ]
SQL: SELECT * FROM `test` WHERE `id` = 614 LIMIT 1   [ RunTime:0.0003s ]
SQL: SELECT * FROM `test` WHERE `id` = 615 LIMIT 1   [ RunTime:0.0002s ]
SQL: SELECT * FROM `test` WHERE `id` = 616 LIMIT 1   [ RunTime:0.0002s ]
SQL: SELECT * FROM `test` WHERE `id` = 617 LIMIT 1   [ RunTime:0.0002s ]
SQL: SELECT * FROM `test` WHERE `id` = 619 LIMIT 1   [ RunTime:0.0002s ]
SQL: SELECT * FROM `test` WHERE `id` = 620 LIMIT 1   [ RunTime:0.0002s ]
SQL: SELECT * FROM `test` WHERE `id` = 621 LIMIT 1   [ RunTime:0.0002s ]
SQL: SELECT * FROM `test` WHERE `id` = 623 LIMIT 1   [ RunTime:0.0002s ]
SQL: SELECT * FROM `test` WHERE `id` = 625 LIMIT 1   [ RunTime:0.0002s ]
SQL: SELECT * FROM `test` WHERE `id` = 626 LIMIT 1   [ RunTime:0.0002s ]
SQL: SHOW COLUMNS FROM `jtest` [ RunTime:0.0026s ]
SQL: SELECT * FROM `jtest` WHERE `id` = 200 LIMIT 1   [ RunTime:0.0004s ]
SQL: SELECT * FROM `jtest` WHERE `id` = 201 LIMIT 1   [ RunTime:0.0002s ]

[ 2017-10-12T15:07:42+08:00 ] 127.0.0.1 /nut/Home/Api/testlist?id=21
INFO: [ app_init ] --START--
INFO: Run Behavior\BuildLiteBehavior [ RunTime:0.000022s ]
INFO: [ app_init ] --END-- [ RunTime:0.002391s ]
INFO: [ app_begin ] --START--
INFO: Run Behavior\ReadHtmlCacheBehavior [ RunTime:0.003756s ]
INFO: [ app_begin ] --END-- [ RunTime:0.003868s ]
SQL: SHOW COLUMNS FROM `grade` [ RunTime:0.0204s ]
SQL: SELECT * FROM `grade` WHERE `sid` = 21  [ RunTime:0.0053s ]
SQL: SHOW COLUMNS FROM `painfo` [ RunTime:0.0060s ]
SQL: SELECT * FROM `painfo` WHERE `pid` = 79 LIMIT 1   [ RunTime:0.0015s ]

[ 2017-10-12T15:09:49+08:00 ] 127.0.0.1 /nut/Home/Api/testlist?id=21
INFO: [ app_init ] --START--
INFO: Run Behavior\BuildLiteBehavior [ RunTime:0.000019s ]
INFO: [ app_init ] --END-- [ RunTime:0.001711s ]
INFO: [ app_begin ] --START--
INFO: Run Behavior\ReadHtmlCacheBehavior [ RunTime:0.001435s ]
INFO: [ app_begin ] --END-- [ RunTime:0.001526s ]
SQL: SHOW COLUMNS FROM `grade` [ RunTime:0.0079s ]
SQL: SELECT * FROM `grade` WHERE `sid` = 21  [ RunTime:0.0004s ]
SQL: SHOW COLUMNS FROM `painfo` [ RunTime:0.0073s ]
SQL: SELECT * FROM `painfo` WHERE `pid` = 79 LIMIT 1   [ RunTime:0.0005s ]

[ 2017-10-12T15:09:49+08:00 ] 127.0.0.1 /nut/Home/Api/testlist?id=21
INFO: [ app_init ] --START--
INFO: Run Behavior\BuildLiteBehavior [ RunTime:0.000045s ]
INFO: [ app_init ] --END-- [ RunTime:0.002748s ]
INFO: [ app_begin ] --START--
INFO: Run Behavior\ReadHtmlCacheBehavior [ RunTime:0.001489s ]
INFO: [ app_begin ] --END-- [ RunTime:0.001584s ]
SQL: SHOW COLUMNS FROM `grade` [ RunTime:0.0107s ]
SQL: SELECT * FROM `grade` WHERE `sid` = 21  [ RunTime:0.0008s ]
SQL: SHOW COLUMNS FROM `painfo` [ RunTime:0.0069s ]
SQL: SELECT * FROM `painfo` WHERE `pid` = 79 LIMIT 1   [ RunTime:0.0008s ]

[ 2017-10-12T15:11:09+08:00 ] 127.0.0.1 /nut/Home/Api/testlist?id=21
INFO: [ app_init ] --START--
INFO: Run Behavior\BuildLiteBehavior [ RunTime:0.000016s ]
INFO: [ app_init ] --END-- [ RunTime:0.001316s ]
INFO: [ app_begin ] --START--
INFO: Run Behavior\ReadHtmlCacheBehavior [ RunTime:0.001955s ]
INFO: [ app_begin ] --END-- [ RunTime:0.002033s ]
SQL: SHOW COLUMNS FROM `grade` [ RunTime:0.0174s ]
SQL: SELECT * FROM `grade` WHERE `sid` = 21  [ RunTime:0.0016s ]
SQL: SHOW COLUMNS FROM `painfo` [ RunTime:0.0042s ]
SQL: SELECT * FROM `painfo` WHERE `pid` = 79 LIMIT 1   [ RunTime:0.0021s ]

[ 2017-10-12T15:11:14+08:00 ] 127.0.0.1 /nut/Home/Api/info?id=12
INFO: [ app_init ] --START--
INFO: Run Behavior\BuildLiteBehavior [ RunTime:0.000016s ]
INFO: [ app_init ] --END-- [ RunTime:0.000768s ]
INFO: [ app_begin ] --START--
INFO: Run Behavior\ReadHtmlCacheBehavior [ RunTime:0.001701s ]
INFO: [ app_begin ] --END-- [ RunTime:0.001847s ]
SQL: SHOW COLUMNS FROM `grade` [ RunTime:0.0034s ]
SQL: SELECT * FROM `grade` WHERE `gid` = 12 LIMIT 1   [ RunTime:0.0003s ]
SQL: SHOW COLUMNS FROM `paper` [ RunTime:0.0032s ]
SQL: SELECT * FROM `paper` WHERE `pid` = 79 LIMIT 1   [ RunTime:0.0004s ]
SQL: SHOW COLUMNS FROM `painfo` [ RunTime:0.0075s ]
SQL: SELECT * FROM `painfo` WHERE `pid` = 79 LIMIT 1   [ RunTime:0.0004s ]
SQL: SHOW COLUMNS FROM `type` [ RunTime:0.0036s ]
SQL: SELECT * FROM `type` WHERE `typeid` = 69 LIMIT 1   [ RunTime:0.0009s ]
SQL: SHOW COLUMNS FROM `answer` [ RunTime:0.0049s ]
SQL: SELECT * FROM `answer` WHERE `gid` = 12 LIMIT 1   [ RunTime:0.0011s ]
SQL: SHOW COLUMNS FROM `test` [ RunTime:0.0045s ]
SQL: SELECT * FROM `test` WHERE `id` = 614 LIMIT 1   [ RunTime:0.0004s ]
SQL: SELECT * FROM `test` WHERE `id` = 615 LIMIT 1   [ RunTime:0.0002s ]
SQL: SELECT * FROM `test` WHERE `id` = 616 LIMIT 1   [ RunTime:0.0002s ]
SQL: SELECT * FROM `test` WHERE `id` = 617 LIMIT 1   [ RunTime:0.0002s ]
SQL: SELECT * FROM `test` WHERE `id` = 619 LIMIT 1   [ RunTime:0.0002s ]
SQL: SELECT * FROM `test` WHERE `id` = 620 LIMIT 1   [ RunTime:0.0003s ]
SQL: SELECT * FROM `test` WHERE `id` = 621 LIMIT 1   [ RunTime:0.0003s ]
SQL: SELECT * FROM `test` WHERE `id` = 623 LIMIT 1   [ RunTime:0.0009s ]
SQL: SELECT * FROM `test` WHERE `id` = 625 LIMIT 1   [ RunTime:0.0008s ]
SQL: SELECT * FROM `test` WHERE `id` = 626 LIMIT 1   [ RunTime:0.0003s ]
SQL: SHOW COLUMNS FROM `jtest` [ RunTime:0.0059s ]
SQL: SELECT * FROM `jtest` WHERE `id` = 200 LIMIT 1   [ RunTime:0.0039s ]
SQL: SELECT * FROM `jtest` WHERE `id` = 201 LIMIT 1   [ RunTime:0.0009s ]

[ 2017-10-12T15:11:14+08:00 ] 127.0.0.1 /nut/Home/Api/info?id=12
INFO: [ app_init ] --START--
INFO: Run Behavior\BuildLiteBehavior [ RunTime:0.000017s ]
INFO: [ app_init ] --END-- [ RunTime:0.001014s ]
INFO: [ app_begin ] --START--
INFO: Run Behavior\ReadHtmlCacheBehavior [ RunTime:0.001934s ]
INFO: [ app_begin ] --END-- [ RunTime:0.002002s ]
SQL: SHOW COLUMNS FROM `grade` [ RunTime:0.0037s ]
SQL: SELECT * FROM `grade` WHERE `gid` = 12 LIMIT 1   [ RunTime:0.0003s ]
SQL: SHOW COLUMNS FROM `paper` [ RunTime:0.0032s ]
SQL: SELECT * FROM `paper` WHERE `pid` = 79 LIMIT 1   [ RunTime:0.0004s ]
SQL: SHOW COLUMNS FROM `painfo` [ RunTime:0.0076s ]
SQL: SELECT * FROM `painfo` WHERE `pid` = 79 LIMIT 1   [ RunTime:0.0004s ]
SQL: SHOW COLUMNS FROM `type` [ RunTime:0.0036s ]
SQL: SELECT * FROM `type` WHERE `typeid` = 69 LIMIT 1   [ RunTime:0.0074s ]
SQL: SHOW COLUMNS FROM `answer` [ RunTime:0.0045s ]
SQL: SELECT * FROM `answer` WHERE `gid` = 12 LIMIT 1   [ RunTime:0.0003s ]
SQL: SHOW COLUMNS FROM `test` [ RunTime:0.0038s ]
SQL: SELECT * FROM `test` WHERE `id` = 614 LIMIT 1   [ RunTime:0.0007s ]
SQL: SELECT * FROM `test` WHERE `id` = 615 LIMIT 1   [ RunTime:0.0002s ]
SQL: SELECT * FROM `test` WHERE `id` = 616 LIMIT 1   [ RunTime:0.0002s ]
SQL: SELECT * FROM `test` WHERE `id` = 617 LIMIT 1   [ RunTime:0.0002s ]
SQL: SELECT * FROM `test` WHERE `id` = 619 LIMIT 1   [ RunTime:0.0002s ]
SQL: SELECT * FROM `test` WHERE `id` = 620 LIMIT 1   [ RunTime:0.0002s ]
SQL: SELECT * FROM `test` WHERE `id` = 621 LIMIT 1   [ RunTime:0.0003s ]
SQL: SELECT * FROM `test` WHERE `id` = 623 LIMIT 1   [ RunTime:0.0003s ]
SQL: SELECT * FROM `test` WHERE `id` = 625 LIMIT 1   [ RunTime:0.0004s ]
SQL: SELECT * FROM `test` WHERE `id` = 626 LIMIT 1   [ RunTime:0.0004s ]
SQL: SHOW COLUMNS FROM `jtest` [ RunTime:0.0074s ]
SQL: SELECT * FROM `jtest` WHERE `id` = 200 LIMIT 1   [ RunTime:0.0002s ]
SQL: SELECT * FROM `jtest` WHERE `id` = 201 LIMIT 1   [ RunTime:0.0002s ]

[ 2017-10-12T15:14:08+08:00 ] 127.0.0.1 /nut/Home/Api/testlist?id=21
INFO: [ app_init ] --START--
INFO: Run Behavior\BuildLiteBehavior [ RunTime:0.000018s ]
INFO: [ app_init ] --END-- [ RunTime:0.000575s ]
INFO: [ app_begin ] --START--
INFO: Run Behavior\ReadHtmlCacheBehavior [ RunTime:0.001557s ]
INFO: [ app_begin ] --END-- [ RunTime:0.001621s ]
SQL: SHOW COLUMNS FROM `grade` [ RunTime:0.0194s ]
SQL: SELECT * FROM `grade` WHERE `sid` = 21  [ RunTime:0.0050s ]
SQL: SHOW COLUMNS FROM `painfo` [ RunTime:0.0047s ]
SQL: SELECT * FROM `painfo` WHERE `pid` = 79 LIMIT 1   [ RunTime:0.0013s ]

[ 2017-10-12T15:14:08+08:00 ] 127.0.0.1 /nut/Home/Api/testlist?id=21
INFO: [ app_init ] --START--
INFO: Run Behavior\BuildLiteBehavior [ RunTime:0.000030s ]
INFO: [ app_init ] --END-- [ RunTime:0.003292s ]
INFO: [ app_begin ] --START--
INFO: Run Behavior\ReadHtmlCacheBehavior [ RunTime:0.003225s ]
INFO: [ app_begin ] --END-- [ RunTime:0.003335s ]
SQL: SHOW COLUMNS FROM `grade` [ RunTime:0.0194s ]
SQL: SELECT * FROM `grade` WHERE `sid` = 21  [ RunTime:0.0051s ]
SQL: SHOW COLUMNS FROM `painfo` [ RunTime:0.0070s ]
SQL: SELECT * FROM `painfo` WHERE `pid` = 79 LIMIT 1   [ RunTime:0.0010s ]

[ 2017-10-12T15:14:15+08:00 ] 127.0.0.1 /nut/Home/Api/info?id=12
INFO: [ app_init ] --START--
INFO: Run Behavior\BuildLiteBehavior [ RunTime:0.000015s ]
INFO: [ app_init ] --END-- [ RunTime:0.000557s ]
INFO: [ app_begin ] --START--
INFO: Run Behavior\ReadHtmlCacheBehavior [ RunTime:0.001522s ]
INFO: [ app_begin ] --END-- [ RunTime:0.001592s ]
SQL: SHOW COLUMNS FROM `grade` [ RunTime:0.0109s ]
SQL: SELECT * FROM `grade` WHERE `gid` = 12 LIMIT 1   [ RunTime:0.0004s ]
SQL: SHOW COLUMNS FROM `paper` [ RunTime:0.0043s ]
SQL: SELECT * FROM `paper` WHERE `pid` = 79 LIMIT 1   [ RunTime:0.0006s ]
SQL: SHOW COLUMNS FROM `painfo` [ RunTime:0.0035s ]
SQL: SELECT * FROM `painfo` WHERE `pid` = 79 LIMIT 1   [ RunTime:0.0003s ]
SQL: SHOW COLUMNS FROM `type` [ RunTime:0.0034s ]
SQL: SELECT * FROM `type` WHERE `typeid` = 69 LIMIT 1   [ RunTime:0.0004s ]
SQL: SHOW COLUMNS FROM `answer` [ RunTime:0.0042s ]
SQL: SELECT * FROM `answer` WHERE `gid` = 12 LIMIT 1   [ RunTime:0.0004s ]
SQL: SHOW COLUMNS FROM `test` [ RunTime:0.0031s ]
SQL: SELECT * FROM `test` WHERE `id` = 614 LIMIT 1   [ RunTime:0.0006s ]
SQL: SELECT * FROM `test` WHERE `id` = 615 LIMIT 1   [ RunTime:0.0010s ]
SQL: SELECT * FROM `test` WHERE `id` = 616 LIMIT 1   [ RunTime:0.0010s ]
SQL: SELECT * FROM `test` WHERE `id` = 617 LIMIT 1   [ RunTime:0.0005s ]
SQL: SELECT * FROM `test` WHERE `id` = 619 LIMIT 1   [ RunTime:0.0004s ]
SQL: SELECT * FROM `test` WHERE `id` = 620 LIMIT 1   [ RunTime:0.0017s ]
SQL: SELECT * FROM `test` WHERE `id` = 621 LIMIT 1   [ RunTime:0.0011s ]
SQL: SELECT * FROM `test` WHERE `id` = 623 LIMIT 1   [ RunTime:0.0005s ]
SQL: SELECT * FROM `test` WHERE `id` = 625 LIMIT 1   [ RunTime:0.0003s ]
SQL: SELECT * FROM `test` WHERE `id` = 626 LIMIT 1   [ RunTime:0.0003s ]
SQL: SHOW COLUMNS FROM `jtest` [ RunTime:0.0046s ]
SQL: SELECT * FROM `jtest` WHERE `id` = 200 LIMIT 1   [ RunTime:0.0005s ]
SQL: SELECT * FROM `jtest` WHERE `id` = 201 LIMIT 1   [ RunTime:0.0030s ]

[ 2017-10-12T15:14:15+08:00 ] 127.0.0.1 /nut/Home/Api/info?id=12
INFO: [ app_init ] --START--
INFO: Run Behavior\BuildLiteBehavior [ RunTime:0.000020s ]
INFO: [ app_init ] --END-- [ RunTime:0.000669s ]
INFO: [ app_begin ] --START--
INFO: Run Behavior\ReadHtmlCacheBehavior [ RunTime:0.001581s ]
INFO: [ app_begin ] --END-- [ RunTime:0.001646s ]
SQL: SHOW COLUMNS FROM `grade` [ RunTime:0.0116s ]
SQL: SELECT * FROM `grade` WHERE `gid` = 12 LIMIT 1   [ RunTime:0.0005s ]
SQL: SHOW COLUMNS FROM `paper` [ RunTime:0.0038s ]
SQL: SELECT * FROM `paper` WHERE `pid` = 79 LIMIT 1   [ RunTime:0.0002s ]
SQL: SHOW COLUMNS FROM `painfo` [ RunTime:0.0034s ]
SQL: SELECT * FROM `painfo` WHERE `pid` = 79 LIMIT 1   [ RunTime:0.0004s ]
SQL: SHOW COLUMNS FROM `type` [ RunTime:0.0042s ]
SQL: SELECT * FROM `type` WHERE `typeid` = 69 LIMIT 1   [ RunTime:0.0003s ]
SQL: SHOW COLUMNS FROM `answer` [ RunTime:0.0033s ]
SQL: SELECT * FROM `answer` WHERE `gid` = 12 LIMIT 1   [ RunTime:0.0003s ]
SQL: SHOW COLUMNS FROM `test` [ RunTime:0.0096s ]
SQL: SELECT * FROM `test` WHERE `id` = 614 LIMIT 1   [ RunTime:0.0002s ]
SQL: SELECT * FROM `test` WHERE `id` = 615 LIMIT 1   [ RunTime:0.0003s ]
SQL: SELECT * FROM `test` WHERE `id` = 616 LIMIT 1   [ RunTime:0.0002s ]
SQL: SELECT * FROM `test` WHERE `id` = 617 LIMIT 1   [ RunTime:0.0002s ]
SQL: SELECT * FROM `test` WHERE `id` = 619 LIMIT 1   [ RunTime:0.0002s ]
SQL: SELECT * FROM `test` WHERE `id` = 620 LIMIT 1   [ RunTime:0.0003s ]
SQL: SELECT * FROM `test` WHERE `id` = 621 LIMIT 1   [ RunTime:0.0004s ]
SQL: SELECT * FROM `test` WHERE `id` = 623 LIMIT 1   [ RunTime:0.0003s ]
SQL: SELECT * FROM `test` WHERE `id` = 625 LIMIT 1   [ RunTime:0.0003s ]
SQL: SELECT * FROM `test` WHERE `id` = 626 LIMIT 1   [ RunTime:0.0003s ]
SQL: SHOW COLUMNS FROM `jtest` [ RunTime:0.0069s ]
SQL: SELECT * FROM `jtest` WHERE `id` = 200 LIMIT 1   [ RunTime:0.0012s ]
SQL: SELECT * FROM `jtest` WHERE `id` = 201 LIMIT 1   [ RunTime:0.0005s ]

[ 2017-10-12T15:16:09+08:00 ] 127.0.0.1 /nut/Home/Api/testlist?id=21
INFO: [ app_init ] --START--
INFO: Run Behavior\BuildLiteBehavior [ RunTime:0.000031s ]
INFO: [ app_init ] --END-- [ RunTime:0.002530s ]
INFO: [ app_begin ] --START--
INFO: Run Behavior\ReadHtmlCacheBehavior [ RunTime:0.008169s ]
INFO: [ app_begin ] --END-- [ RunTime:0.009171s ]
SQL: SHOW COLUMNS FROM `grade` [ RunTime:0.0179s ]
SQL: SELECT * FROM `grade` WHERE `sid` = 21  [ RunTime:0.0009s ]
SQL: SHOW COLUMNS FROM `painfo` [ RunTime:0.0041s ]
SQL: SELECT * FROM `painfo` WHERE `pid` = 79 LIMIT 1   [ RunTime:0.0005s ]

[ 2017-10-12T15:16:09+08:00 ] 127.0.0.1 /nut/Home/Api/testlist?id=21
INFO: [ app_init ] --START--
INFO: Run Behavior\BuildLiteBehavior [ RunTime:0.000019s ]
INFO: [ app_init ] --END-- [ RunTime:0.001099s ]
INFO: [ app_begin ] --START--
INFO: Run Behavior\ReadHtmlCacheBehavior [ RunTime:0.001135s ]
INFO: [ app_begin ] --END-- [ RunTime:0.001215s ]
SQL: SHOW COLUMNS FROM `grade` [ RunTime:0.0074s ]
SQL: SELECT * FROM `grade` WHERE `sid` = 21  [ RunTime:0.0004s ]
SQL: SHOW COLUMNS FROM `painfo` [ RunTime:0.0047s ]
SQL: SELECT * FROM `painfo` WHERE `pid` = 79 LIMIT 1   [ RunTime:0.0017s ]

[ 2017-10-12T15:16:10+08:00 ] 127.0.0.1 /nut/Home/Api/info?id=12
INFO: [ app_init ] --START--
INFO: Run Behavior\BuildLiteBehavior [ RunTime:0.000017s ]
INFO: [ app_init ] --END-- [ RunTime:0.001054s ]
INFO: [ app_begin ] --START--
INFO: Run Behavior\ReadHtmlCacheBehavior [ RunTime:0.001357s ]
INFO: [ app_begin ] --END-- [ RunTime:0.001462s ]
SQL: SHOW COLUMNS FROM `grade` [ RunTime:0.0039s ]
SQL: SELECT * FROM `grade` WHERE `gid` = 12 LIMIT 1   [ RunTime:0.0003s ]
SQL: SHOW COLUMNS FROM `paper` [ RunTime:0.0041s ]
SQL: SELECT * FROM `paper` WHERE `pid` = 79 LIMIT 1   [ RunTime:0.0004s ]
SQL: SHOW COLUMNS FROM `painfo` [ RunTime:0.0035s ]
SQL: SELECT * FROM `painfo` WHERE `pid` = 79 LIMIT 1   [ RunTime:0.0005s ]
SQL: SHOW COLUMNS FROM `type` [ RunTime:0.0034s ]
SQL: SELECT * FROM `type` WHERE `typeid` = 69 LIMIT 1   [ RunTime:0.0017s ]
SQL: SHOW COLUMNS FROM `answer` [ RunTime:0.0068s ]
SQL: SELECT * FROM `answer` WHERE `gid` = 12 LIMIT 1   [ RunTime:0.0005s ]
SQL: SHOW COLUMNS FROM `test` [ RunTime:0.0039s ]
SQL: SELECT * FROM `test` WHERE `id` = 614 LIMIT 1   [ RunTime:0.0007s ]
SQL: SELECT * FROM `test` WHERE `id` = 615 LIMIT 1   [ RunTime:0.0003s ]
SQL: SELECT * FROM `test` WHERE `id` = 616 LIMIT 1   [ RunTime:0.0003s ]
SQL: SELECT * FROM `test` WHERE `id` = 617 LIMIT 1   [ RunTime:0.0004s ]
SQL: SELECT * FROM `test` WHERE `id` = 619 LIMIT 1   [ RunTime:0.0003s ]
SQL: SELECT * FROM `test` WHERE `id` = 620 LIMIT 1   [ RunTime:0.0004s ]
SQL: SELECT * FROM `test` WHERE `id` = 621 LIMIT 1   [ RunTime:0.0003s ]
SQL: SELECT * FROM `test` WHERE `id` = 623 LIMIT 1   [ RunTime:0.0003s ]
SQL: SELECT * FROM `test` WHERE `id` = 625 LIMIT 1   [ RunTime:0.0005s ]
SQL: SELECT * FROM `test` WHERE `id` = 626 LIMIT 1   [ RunTime:0.0003s ]
SQL: SHOW COLUMNS FROM `jtest` [ RunTime:0.0121s ]
SQL: SELECT * FROM `jtest` WHERE `id` = 200 LIMIT 1   [ RunTime:0.0005s ]
SQL: SELECT * FROM `jtest` WHERE `id` = 201 LIMIT 1   [ RunTime:0.0004s ]

[ 2017-10-12T15:16:10+08:00 ] 127.0.0.1 /nut/Home/Api/info?id=12
INFO: [ app_init ] --START--
INFO: Run Behavior\BuildLiteBehavior [ RunTime:0.000021s ]
INFO: [ app_init ] --END-- [ RunTime:0.000881s ]
INFO: [ app_begin ] --START--
INFO: Run Behavior\ReadHtmlCacheBehavior [ RunTime:0.001870s ]
INFO: [ app_begin ] --END-- [ RunTime:0.001957s ]
SQL: SHOW COLUMNS FROM `grade` [ RunTime:0.0065s ]
SQL: SELECT * FROM `grade` WHERE `gid` = 12 LIMIT 1   [ RunTime:0.0006s ]
SQL: SHOW COLUMNS FROM `paper` [ RunTime:0.0039s ]
SQL: SELECT * FROM `paper` WHERE `pid` = 79 LIMIT 1   [ RunTime:0.0005s ]
SQL: SHOW COLUMNS FROM `painfo` [ RunTime:0.0041s ]
SQL: SELECT * FROM `painfo` WHERE `pid` = 79 LIMIT 1   [ RunTime:0.0003s ]
SQL: SHOW COLUMNS FROM `type` [ RunTime:0.0035s ]
SQL: SELECT * FROM `type` WHERE `typeid` = 69 LIMIT 1   [ RunTime:0.0002s ]
SQL: SHOW COLUMNS FROM `answer` [ RunTime:0.0035s ]
SQL: SELECT * FROM `answer` WHERE `gid` = 12 LIMIT 1   [ RunTime:0.0004s ]
SQL: SHOW COLUMNS FROM `test` [ RunTime:0.0036s ]
SQL: SELECT * FROM `test` WHERE `id` = 614 LIMIT 1   [ RunTime:0.0004s ]
SQL: SELECT * FROM `test` WHERE `id` = 615 LIMIT 1   [ RunTime:0.0005s ]
SQL: SELECT * FROM `test` WHERE `id` = 616 LIMIT 1   [ RunTime:0.0004s ]
SQL: SELECT * FROM `test` WHERE `id` = 617 LIMIT 1   [ RunTime:0.0003s ]
SQL: SELECT * FROM `test` WHERE `id` = 619 LIMIT 1   [ RunTime:0.0003s ]
SQL: SELECT * FROM `test` WHERE `id` = 620 LIMIT 1   [ RunTime:0.0005s ]
SQL: SELECT * FROM `test` WHERE `id` = 621 LIMIT 1   [ RunTime:0.0012s ]
SQL: SELECT * FROM `test` WHERE `id` = 623 LIMIT 1   [ RunTime:0.0014s ]
SQL: SELECT * FROM `test` WHERE `id` = 625 LIMIT 1   [ RunTime:0.0038s ]
SQL: SELECT * FROM `test` WHERE `id` = 626 LIMIT 1   [ RunTime:0.0009s ]
SQL: SHOW COLUMNS FROM `jtest` [ RunTime:0.0050s ]
SQL: SELECT * FROM `jtest` WHERE `id` = 200 LIMIT 1   [ RunTime:0.0005s ]
SQL: SELECT * FROM `jtest` WHERE `id` = 201 LIMIT 1   [ RunTime:0.0004s ]

