[ 2017-03-06T17:22:31+08:00 ] ::1 /exam/index.php/admin
INFO: [ app_init ] --START--
INFO: Run Behavior\BuildLiteBehavior [ RunTime:0.000029s ]
INFO: [ app_init ] --END-- [ RunTime:0.000432s ]
INFO: [ app_begin ] --START--
INFO: Run Behavior\ReadHtmlCacheBehavior [ RunTime:0.000538s ]
INFO: [ app_begin ] --END-- [ RunTime:0.000682s ]
INFO: [ view_parse ] --START--
INFO: [ template_filter ] --START--
INFO: Run Behavior\ContentReplaceBehavior [ RunTime:0.000062s ]
INFO: [ template_filter ] --END-- [ RunTime:0.000181s ]
INFO: Run Behavior\ParseTemplateBehavior [ RunTime:0.017594s ]
INFO: [ view_parse ] --END-- [ RunTime:0.017760s ]
INFO: [ view_filter ] --START--
INFO: Run Behavior\WriteHtmlCacheBehavior [ RunTime:0.000543s ]
INFO: [ view_filter ] --END-- [ RunTime:0.000712s ]
INFO: [ app_end ] --START--
INFO: Run Behavior\ShowPageTraceBehavior [ RunTime:0.000569s ]
INFO: [ app_end ] --END-- [ RunTime:0.000711s ]

[ 2017-03-06T20:58:53+08:00 ] ::1 /exam/admin
INFO: [ app_init ] --START--
INFO: Run Behavior\BuildLiteBehavior [ RunTime:0.000022s ]
INFO: [ app_init ] --END-- [ RunTime:0.000339s ]
INFO: [ app_begin ] --START--
INFO: Run Behavior\ReadHtmlCacheBehavior [ RunTime:0.000491s ]
INFO: [ app_begin ] --END-- [ RunTime:0.000602s ]
INFO: [ view_parse ] --START--
INFO: [ template_filter ] --START--
INFO: Run Behavior\ContentReplaceBehavior [ RunTime:0.000057s ]
INFO: [ template_filter ] --END-- [ RunTime:0.000158s ]
INFO: Run Behavior\ParseTemplateBehavior [ RunTime:0.016153s ]
INFO: [ view_parse ] --END-- [ RunTime:0.016263s ]
INFO: [ view_filter ] --START--
INFO: Run Behavior\WriteHtmlCacheBehavior [ RunTime:0.000383s ]
INFO: [ view_filter ] --END-- [ RunTime:0.000488s ]
INFO: [ app_end ] --START--
INFO: Run Behavior\ShowPageTraceBehavior [ RunTime:0.000471s ]
INFO: [ app_end ] --END-- [ RunTime:0.000569s ]

[ 2017-03-06T20:58:56+08:00 ] ::1 /exam/Admin/Index/login.html
INFO: [ app_init ] --START--
INFO: Run Behavior\BuildLiteBehavior [ RunTime:0.000021s ]
INFO: [ app_init ] --END-- [ RunTime:0.000374s ]
INFO: [ app_begin ] --START--
INFO: Run Behavior\ReadHtmlCacheBehavior [ RunTime:0.000494s ]
INFO: [ app_begin ] --END-- [ RunTime:0.000607s ]
SQL: SHOW COLUMNS FROM `admin` [ RunTime:0.0468s ]
SQL: SELECT * FROM `admin` WHERE `name` = '123qwe' AND `pw` = '76d80224611fc919a5d54f0ff9fba446' LIMIT 1   [ RunTime:0.0003s ]
INFO: [ app_end ] --START--
INFO: Run Behavior\ShowPageTraceBehavior [ RunTime:0.000614s ]
INFO: [ app_end ] --END-- [ RunTime:0.000717s ]

[ 2017-03-06T20:58:56+08:00 ] ::1 /exam/Admin/Teacher/index.html
INFO: [ app_init ] --START--
INFO: Run Behavior\BuildLiteBehavior [ RunTime:0.000022s ]
INFO: [ app_init ] --END-- [ RunTime:0.000367s ]
INFO: [ app_begin ] --START--
INFO: Run Behavior\ReadHtmlCacheBehavior [ RunTime:0.000665s ]
INFO: [ app_begin ] --END-- [ RunTime:0.000829s ]
INFO: [ view_parse ] --START--
INFO: [ template_filter ] --START--
INFO: Run Behavior\ContentReplaceBehavior [ RunTime:0.000073s ]
INFO: [ template_filter ] --END-- [ RunTime:0.000217s ]
INFO: Run Behavior\ParseTemplateBehavior [ RunTime:0.132954s ]
INFO: [ view_parse ] --END-- [ RunTime:0.133079s ]
INFO: [ view_filter ] --START--
INFO: Run Behavior\WriteHtmlCacheBehavior [ RunTime:0.000371s ]
INFO: [ view_filter ] --END-- [ RunTime:0.000498s ]
INFO: [ app_end ] --START--
INFO: Run Behavior\ShowPageTraceBehavior [ RunTime:0.000512s ]
INFO: [ app_end ] --END-- [ RunTime:0.000611s ]

[ 2017-03-06T20:59:02+08:00 ] ::1 /exam/Admin/Type/form.html
INFO: [ app_init ] --START--
INFO: Run Behavior\BuildLiteBehavior [ RunTime:0.000039s ]
INFO: [ app_init ] --END-- [ RunTime:0.000367s ]
INFO: [ app_begin ] --START--
INFO: Run Behavior\ReadHtmlCacheBehavior [ RunTime:0.000413s ]
INFO: [ app_begin ] --END-- [ RunTime:0.000525s ]
NOTIC: [2048] Declaration of Admin\Controller\TypeController::get() should be compatible with Think\Controller::get($name = '') D:\wamp\www\exam\App\Admin\Controller\TypeController.class.php 第 368 行.
INFO: [ view_parse ] --START--
NOTIC: [2] file_get_contents(./App/Admin/View/Public/top.html): failed to open stream: No such file or directory D:\wamp\www\exam\ThinkPHP\Library\Think\Template.class.php 第 696 行.
INFO: [ template_filter ] --START--
INFO: Run Behavior\ContentReplaceBehavior [ RunTime:0.000106s ]
INFO: [ template_filter ] --END-- [ RunTime:0.000239s ]
INFO: Run Behavior\ParseTemplateBehavior [ RunTime:0.082802s ]
INFO: [ view_parse ] --END-- [ RunTime:0.082918s ]
INFO: [ view_filter ] --START--
INFO: Run Behavior\WriteHtmlCacheBehavior [ RunTime:0.000470s ]
INFO: [ view_filter ] --END-- [ RunTime:0.000619s ]
INFO: [ app_end ] --START--
INFO: Run Behavior\ShowPageTraceBehavior [ RunTime:0.000657s ]
INFO: [ app_end ] --END-- [ RunTime:0.000844s ]

[ 2017-03-06T20:59:39+08:00 ] ::1 /exam/Admin/Type/form.html
INFO: [ app_init ] --START--
INFO: Run Behavior\BuildLiteBehavior [ RunTime:0.000022s ]
INFO: [ app_init ] --END-- [ RunTime:0.000347s ]
INFO: [ app_begin ] --START--
INFO: Run Behavior\ReadHtmlCacheBehavior [ RunTime:0.000409s ]
INFO: [ app_begin ] --END-- [ RunTime:0.000548s ]
NOTIC: [2048] Declaration of Admin\Controller\TypeController::get() should be compatible with Think\Controller::get($name = '') D:\wamp\www\exam\App\Admin\Controller\TypeController.class.php 第 368 行.
INFO: [ view_parse ] --START--
NOTIC: [2] file_get_contents(./App/Admin/View/Public/top.html): failed to open stream: No such file or directory D:\wamp\www\exam\ThinkPHP\Library\Think\Template.class.php 第 696 行.
INFO: [ template_filter ] --START--
INFO: Run Behavior\ContentReplaceBehavior [ RunTime:0.000078s ]
INFO: [ template_filter ] --END-- [ RunTime:0.000194s ]
INFO: Run Behavior\ParseTemplateBehavior [ RunTime:0.007163s ]
INFO: [ view_parse ] --END-- [ RunTime:0.007297s ]
INFO: [ view_filter ] --START--
INFO: Run Behavior\WriteHtmlCacheBehavior [ RunTime:0.000292s ]
INFO: [ view_filter ] --END-- [ RunTime:0.000399s ]
INFO: [ app_end ] --START--
INFO: Run Behavior\ShowPageTraceBehavior [ RunTime:0.000403s ]
INFO: [ app_end ] --END-- [ RunTime:0.000502s ]

[ 2017-03-06T21:00:06+08:00 ] ::1 /exam/Admin/Type/add.html
INFO: [ app_init ] --START--
INFO: Run Behavior\BuildLiteBehavior [ RunTime:0.000039s ]
INFO: [ app_init ] --END-- [ RunTime:0.000510s ]
INFO: [ app_begin ] --START--
INFO: Run Behavior\ReadHtmlCacheBehavior [ RunTime:0.000373s ]
INFO: [ app_begin ] --END-- [ RunTime:0.000496s ]
NOTIC: [2048] Declaration of Admin\Controller\TypeController::get() should be compatible with Think\Controller::get($name = '') D:\wamp\www\exam\App\Admin\Controller\TypeController.class.php 第 368 行.
SQL: SHOW COLUMNS FROM `type` [ RunTime:0.0859s ]
SQL: SELECT * FROM `type` WHERE `typename` = 'aaa' AND `aid` = 6 LIMIT 1   [ RunTime:0.0003s ]
SQL: INSERT INTO `type` (`typename`,`aid`,`changetime`) VALUES ('aaa','6','2017-03-06 21:00:04') [ RunTime:0.0883s ]
SQL: SELECT * FROM `type` WHERE `typename` = 'aaa' AND `aid` = 6 LIMIT 1   [ RunTime:0.0003s ]
NOTIC: [2] Missing argument 1 for Admin\Controller\TypeController::_import(), called in D:\wamp\www\exam\App\Admin\Controller\TypeController.class.php on line 40 and defined D:\wamp\www\exam\App\Admin\Controller\TypeController.class.php 第 10 行.
NOTIC: [2] Missing argument 2 for Admin\Controller\TypeController::_import(), called in D:\wamp\www\exam\App\Admin\Controller\TypeController.class.php on line 40 and defined D:\wamp\www\exam\App\Admin\Controller\TypeController.class.php 第 10 行.
NOTIC: [2] call_user_func() expects parameter 1 to be a valid callback, no array or string given D:\wamp\www\exam\ThinkPHP\Library\Think\Upload.class.php 第 170 行.
NOTIC: [8] Undefined variable: options D:\wamp\www\exam\ThinkPHP\Library\Vendor\PHPExcel\PHPExcel\Settings.php 第 384 行.
NOTIC: [8] Undefined variable: options D:\wamp\www\exam\ThinkPHP\Library\Vendor\PHPExcel\PHPExcel\Settings.php 第 384 行.
NOTIC: [8] Undefined variable: options D:\wamp\www\exam\ThinkPHP\Library\Vendor\PHPExcel\PHPExcel\Settings.php 第 384 行.
NOTIC: [8] Undefined variable: options D:\wamp\www\exam\ThinkPHP\Library\Vendor\PHPExcel\PHPExcel\Settings.php 第 384 行.
NOTIC: [8] Undefined variable: options D:\wamp\www\exam\ThinkPHP\Library\Vendor\PHPExcel\PHPExcel\Settings.php 第 384 行.
NOTIC: [8] Undefined variable: options D:\wamp\www\exam\ThinkPHP\Library\Vendor\PHPExcel\PHPExcel\Settings.php 第 384 行.
NOTIC: [8] Undefined variable: options D:\wamp\www\exam\ThinkPHP\Library\Vendor\PHPExcel\PHPExcel\Settings.php 第 384 行.
NOTIC: [8] Undefined variable: options D:\wamp\www\exam\ThinkPHP\Library\Vendor\PHPExcel\PHPExcel\Settings.php 第 384 行.
NOTIC: [8] Undefined variable: options D:\wamp\www\exam\ThinkPHP\Library\Vendor\PHPExcel\PHPExcel\Settings.php 第 384 行.
NOTIC: [8] Undefined variable: options D:\wamp\www\exam\ThinkPHP\Library\Vendor\PHPExcel\PHPExcel\Settings.php 第 384 行.
NOTIC: [8] Undefined variable: options D:\wamp\www\exam\ThinkPHP\Library\Vendor\PHPExcel\PHPExcel\Settings.php 第 384 行.
NOTIC: [8] Undefined variable: options D:\wamp\www\exam\ThinkPHP\Library\Vendor\PHPExcel\PHPExcel\Settings.php 第 384 行.
NOTIC: [8] Undefined variable: options D:\wamp\www\exam\ThinkPHP\Library\Vendor\PHPExcel\PHPExcel\Settings.php 第 384 行.
NOTIC: [8] Undefined variable: options D:\wamp\www\exam\ThinkPHP\Library\Vendor\PHPExcel\PHPExcel\Settings.php 第 384 行.
NOTIC: [8] Undefined variable: options D:\wamp\www\exam\ThinkPHP\Library\Vendor\PHPExcel\PHPExcel\Settings.php 第 384 行.
NOTIC: [8] Undefined variable: options D:\wamp\www\exam\ThinkPHP\Library\Vendor\PHPExcel\PHPExcel\Settings.php 第 384 行.
SQL: SHOW COLUMNS FROM `test` [ RunTime:0.0118s ]
SQL: INSERT INTO `test` (`tyid`,`content`,`ans`,`op1`,`op2`,`op3`,`op4`,`explain`,`aid`,`typeid`) VALUES ('s','下列选项中不属于操作系统的是（  ）。','A','PHP','Windows CE','Redhat','Ubuntu','sdfsfsddfsdfsf','6','59'),('s','下列选项中不属于操作系统的是（  ）。','A','PHP','Windows CE','Redhat','Ubuntu','sdfsfsddfsdfsf','6','59'),('s','下列选项中不属于操作系统的是（  ）。','A','PHP','Windows CE','Redhat','Ubuntu','sdfsfsddfsdfsf','6','59') [ RunTime:0.0663s ]
SQL: INSERT INTO `test` (`tyid`,`content`,`ans`,`op1`,`op2`,`op3`,`op4`,`explain`,`aid`,`typeid`) VALUES ('d','下列选项中不属于操作系统的是（  ）。','BCD','PHP','Windows CE','Linux','Solaris','操作系统都有哪些','6','59'),('d','下列选项中不属于操作系统的是（  ）。','BCD','PHP','Windows CE','Linux','Solaris','操作系统都有哪些','6','59'),('d','下列选项中不属于操作系统的是（  ）。','BCD','PHP','Windows CE','Linux','Solaris','操作系统都有哪些','6','59'),('d','下列选项中不属于操作系统的是（  ）。','BCD','PHP','Windows CE','Linux','Solaris','操作系统都有哪些','6','59'),('d','下列选项中不属于操作系统的是（  ）。','BCD','PHP','Windows CE','Linux','Solaris','操作系统都有哪些','6','59'),('d','下列选项中不属于操作系统的是（  ）。','BCD','PHP','Windows CE','Linux','Solaris','操作系统都有哪些','6','59') [ RunTime:0.0641s ]
SQL: SHOW COLUMNS FROM `jtest` [ RunTime:0.0323s ]
SQL: INSERT INTO `jtest` (`content`,`ans`,`explain`,`aid`,`typeid`) VALUES ('请判断以下说法是否正确：当使用 POST 方法时，变量显示在 URL 中。','N','请判断以下说法是否正确：当使用 POST 方法时，变量显示在 URL 中。','6','59'),('请判断以下说法是否正确：当使用 POST 方法时，变量显示在 URL 中。','N','请判断以下说法是否正确：当使用 POST 方法时，变量显示在 URL 中。','6','59'),('请判断以下说法是否正确：当使用 POST 方法时，变量显示在 URL 中。','N','请判断以下说法是否正确：当使用 POST 方法时，变量显示在 URL 中。','6','59') [ RunTime:0.0607s ]
SQL: SELECT COUNT(*) AS tp_count FROM `test` WHERE `aid` = 6 AND `typeid` = 59 LIMIT 1   [ RunTime:0.0266s ]
SQL: SELECT COUNT(*) AS tp_count FROM `jtest` WHERE `aid` = 6 AND `typeid` = 59 LIMIT 1   [ RunTime:0.0002s ]
INFO: [ app_end ] --START--
INFO: Run Behavior\ShowPageTraceBehavior [ RunTime:0.000583s ]
INFO: [ app_end ] --END-- [ RunTime:0.000684s ]

[ 2017-03-06T21:00:06+08:00 ] ::1 /exam/Admin/Type/typelist.html
INFO: [ app_init ] --START--
INFO: Run Behavior\BuildLiteBehavior [ RunTime:0.000022s ]
INFO: [ app_init ] --END-- [ RunTime:0.000355s ]
INFO: [ app_begin ] --START--
INFO: Run Behavior\ReadHtmlCacheBehavior [ RunTime:0.000472s ]
INFO: [ app_begin ] --END-- [ RunTime:0.000581s ]
NOTIC: [2048] Declaration of Admin\Controller\TypeController::get() should be compatible with Think\Controller::get($name = '') D:\wamp\www\exam\App\Admin\Controller\TypeController.class.php 第 368 行.
SQL: SHOW COLUMNS FROM `type` [ RunTime:0.0058s ]
SQL: SELECT * FROM `type` WHERE `aid` = 6  [ RunTime:0.0004s ]
SQL: SHOW COLUMNS FROM `test` [ RunTime:0.0042s ]
SQL: SELECT COUNT(*) AS tp_count FROM `test` WHERE `typeid` = 59 LIMIT 1   [ RunTime:0.0003s ]
SQL: SHOW COLUMNS FROM `jtest` [ RunTime:0.0039s ]
SQL: SELECT COUNT(*) AS tp_count FROM `jtest` WHERE `typeid` = 59 LIMIT 1   [ RunTime:0.0003s ]
INFO: [ view_parse ] --START--
NOTIC: [2] file_get_contents(./App/Admin/View/Public/top.html): failed to open stream: No such file or directory D:\wamp\www\exam\ThinkPHP\Library\Think\Template.class.php 第 696 行.
INFO: [ template_filter ] --START--
INFO: Run Behavior\ContentReplaceBehavior [ RunTime:0.000119s ]
INFO: [ template_filter ] --END-- [ RunTime:0.000231s ]
NOTIC: [8] Undefined index: aname D:\wamp\www\exam\App\Runtime\Cache\Admin\1ed946ae9efb5a6855c2b4ebe1ea635f.php 第 53 行.
INFO: Run Behavior\ParseTemplateBehavior [ RunTime:0.127579s ]
INFO: [ view_parse ] --END-- [ RunTime:0.127686s ]
INFO: [ view_filter ] --START--
INFO: Run Behavior\WriteHtmlCacheBehavior [ RunTime:0.000374s ]
INFO: [ view_filter ] --END-- [ RunTime:0.000468s ]
INFO: [ app_end ] --START--
INFO: Run Behavior\ShowPageTraceBehavior [ RunTime:0.000729s ]
INFO: [ app_end ] --END-- [ RunTime:0.000902s ]

[ 2017-03-06T21:00:10+08:00 ] ::1 /exam/Admin/Type/total.html?id=59&name=aaa
INFO: [ app_init ] --START--
INFO: Run Behavior\BuildLiteBehavior [ RunTime:0.000023s ]
INFO: [ app_init ] --END-- [ RunTime:0.000346s ]
INFO: [ app_begin ] --START--
INFO: Run Behavior\ReadHtmlCacheBehavior [ RunTime:0.000328s ]
INFO: [ app_begin ] --END-- [ RunTime:0.000439s ]
NOTIC: [2048] Declaration of Admin\Controller\TypeController::get() should be compatible with Think\Controller::get($name = '') D:\wamp\www\exam\App\Admin\Controller\TypeController.class.php 第 368 行.
SQL: SHOW COLUMNS FROM `test` [ RunTime:0.0159s ]
SQL: SELECT * FROM `test` WHERE `aid` = 6 AND `typeid` = 59 AND `tyid` = 's'  [ RunTime:0.0003s ]
SQL: SELECT * FROM `test` WHERE `aid` = 6 AND `typeid` = 59 AND `tyid` = 'd'  [ RunTime:0.0002s ]
SQL: SHOW COLUMNS FROM `jtest` [ RunTime:0.0060s ]
SQL: SELECT * FROM `jtest` WHERE `aid` = 6 AND `typeid` = 59  [ RunTime:0.0003s ]
INFO: [ view_parse ] --START--
NOTIC: [2] file_get_contents(./App/Admin/View/Public/top.html): failed to open stream: No such file or directory D:\wamp\www\exam\ThinkPHP\Library\Think\Template.class.php 第 696 行.
INFO: [ template_filter ] --START--
INFO: Run Behavior\ContentReplaceBehavior [ RunTime:0.000141s ]
INFO: [ template_filter ] --END-- [ RunTime:0.000248s ]
NOTIC: [8] Undefined index: aname D:\wamp\www\exam\App\Runtime\Cache\Admin\c06d2e70d230f037c78f0a83e07152db.php 第 73 行.
INFO: Run Behavior\ParseTemplateBehavior [ RunTime:0.156823s ]
INFO: [ view_parse ] --END-- [ RunTime:0.156941s ]
INFO: [ view_filter ] --START--
INFO: Run Behavior\WriteHtmlCacheBehavior [ RunTime:0.000253s ]
INFO: [ view_filter ] --END-- [ RunTime:0.000355s ]
INFO: [ app_end ] --START--
INFO: Run Behavior\ShowPageTraceBehavior [ RunTime:0.000995s ]
INFO: [ app_end ] --END-- [ RunTime:0.001153s ]

[ 2017-03-06T21:00:13+08:00 ] ::1 /exam/Admin/Type/get.html
INFO: [ app_init ] --START--
INFO: Run Behavior\BuildLiteBehavior [ RunTime:0.000022s ]
INFO: [ app_init ] --END-- [ RunTime:0.000344s ]
INFO: [ app_begin ] --START--
INFO: Run Behavior\ReadHtmlCacheBehavior [ RunTime:0.000315s ]
INFO: [ app_begin ] --END-- [ RunTime:0.000409s ]
NOTIC: [2048] Declaration of Admin\Controller\TypeController::get() should be compatible with Think\Controller::get($name = '') D:\wamp\www\exam\App\Admin\Controller\TypeController.class.php 第 368 行.
SQL: SHOW COLUMNS FROM `test` [ RunTime:0.0152s ]
SQL: SELECT * FROM `test` WHERE `id` = 605 LIMIT 1   [ RunTime:0.0003s ]
INFO: [ app_end ] --START--
INFO: Run Behavior\ShowPageTraceBehavior [ RunTime:0.000384s ]
INFO: [ app_end ] --END-- [ RunTime:0.000470s ]

[ 2017-03-06T21:00:17+08:00 ] ::1 /exam/Admin/Type/updateEditeTimuS.html
INFO: [ app_init ] --START--
INFO: Run Behavior\BuildLiteBehavior [ RunTime:0.000022s ]
INFO: [ app_init ] --END-- [ RunTime:0.000316s ]
INFO: [ app_begin ] --START--
INFO: Run Behavior\ReadHtmlCacheBehavior [ RunTime:0.000310s ]
INFO: [ app_begin ] --END-- [ RunTime:0.000420s ]
NOTIC: [2048] Declaration of Admin\Controller\TypeController::get() should be compatible with Think\Controller::get($name = '') D:\wamp\www\exam\App\Admin\Controller\TypeController.class.php 第 368 行.
SQL: SHOW COLUMNS FROM `test` [ RunTime:0.0992s ]
SQL: UPDATE `test` SET `content`='下列选项中不属于操作系统的是（  ）。',`op1`='PHP',`op2`='Windows CE',`op3`='Redhat',`op4`='Ubuntu',`ans`='D',`explain`='sdfsfsddfsdfsf' WHERE `id` = 605 [ RunTime:0.0889s ]
SQL: SELECT * FROM `test` WHERE `id` = 605 LIMIT 1   [ RunTime:0.0003s ]
SQL: SHOW COLUMNS FROM `type` [ RunTime:0.0507s ]
SQL: UPDATE `type` SET `changetime`='2017-03-06 21:00:16' WHERE `typeid` = 59 [ RunTime:0.0674s ]
SQL: SELECT * FROM `test` WHERE `id` = 0 LIMIT 1   [ RunTime:0.0002s ]
SQL: SELECT * FROM `test` WHERE `id` = 0 LIMIT 1   [ RunTime:0.0002s ]
SQL: SELECT * FROM `test` WHERE `id` = 0 LIMIT 1   [ RunTime:0.0002s ]
INFO: [ view_parse ] --START--
INFO: [ template_filter ] --START--
INFO: Run Behavior\ContentReplaceBehavior [ RunTime:0.000059s ]
INFO: [ template_filter ] --END-- [ RunTime:0.000203s ]
INFO: Run Behavior\ParseTemplateBehavior [ RunTime:0.005384s ]
INFO: [ view_parse ] --END-- [ RunTime:0.005517s ]
INFO: [ view_filter ] --START--
INFO: Run Behavior\WriteHtmlCacheBehavior [ RunTime:0.000198s ]
INFO: [ view_filter ] --END-- [ RunTime:0.000291s ]
INFO: [ app_end ] --START--
INFO: Run Behavior\ShowPageTraceBehavior [ RunTime:0.000356s ]
INFO: [ app_end ] --END-- [ RunTime:0.000486s ]

[ 2017-03-06T21:00:18+08:00 ] ::1 /exam/Admin/Type/total.html?id=59&name=aaa
INFO: [ app_init ] --START--
INFO: Run Behavior\BuildLiteBehavior [ RunTime:0.000025s ]
INFO: [ app_init ] --END-- [ RunTime:0.000360s ]
INFO: [ app_begin ] --START--
INFO: Run Behavior\ReadHtmlCacheBehavior [ RunTime:0.000465s ]
INFO: [ app_begin ] --END-- [ RunTime:0.000618s ]
NOTIC: [2048] Declaration of Admin\Controller\TypeController::get() should be compatible with Think\Controller::get($name = '') D:\wamp\www\exam\App\Admin\Controller\TypeController.class.php 第 368 行.
SQL: SHOW COLUMNS FROM `test` [ RunTime:0.0120s ]
SQL: SELECT * FROM `test` WHERE `aid` = 6 AND `typeid` = 59 AND `tyid` = 's'  [ RunTime:0.0003s ]
SQL: SELECT * FROM `test` WHERE `aid` = 6 AND `typeid` = 59 AND `tyid` = 'd'  [ RunTime:0.0003s ]
SQL: SHOW COLUMNS FROM `jtest` [ RunTime:0.0067s ]
SQL: SELECT * FROM `jtest` WHERE `aid` = 6 AND `typeid` = 59  [ RunTime:0.0003s ]
INFO: [ view_parse ] --START--
NOTIC: [2] file_get_contents(./App/Admin/View/Public/top.html): failed to open stream: No such file or directory D:\wamp\www\exam\ThinkPHP\Library\Think\Template.class.php 第 696 行.
INFO: [ template_filter ] --START--
INFO: Run Behavior\ContentReplaceBehavior [ RunTime:0.000146s ]
INFO: [ template_filter ] --END-- [ RunTime:0.000259s ]
NOTIC: [8] Undefined index: aname D:\wamp\www\exam\App\Runtime\Cache\Admin\c06d2e70d230f037c78f0a83e07152db.php 第 73 行.
INFO: Run Behavior\ParseTemplateBehavior [ RunTime:0.073545s ]
INFO: [ view_parse ] --END-- [ RunTime:0.073655s ]
INFO: [ view_filter ] --START--
INFO: Run Behavior\WriteHtmlCacheBehavior [ RunTime:0.000225s ]
INFO: [ view_filter ] --END-- [ RunTime:0.000323s ]
INFO: [ app_end ] --START--
INFO: Run Behavior\ShowPageTraceBehavior [ RunTime:0.000518s ]
INFO: [ app_end ] --END-- [ RunTime:0.000661s ]

[ 2017-03-06T21:00:32+08:00 ] ::1 /exam/Admin/Teacher/index.html
INFO: [ app_init ] --START--
INFO: Run Behavior\BuildLiteBehavior [ RunTime:0.000023s ]
INFO: [ app_init ] --END-- [ RunTime:0.000344s ]
INFO: [ app_begin ] --START--
INFO: Run Behavior\ReadHtmlCacheBehavior [ RunTime:0.000330s ]
INFO: [ app_begin ] --END-- [ RunTime:0.000441s ]
INFO: [ view_parse ] --START--
INFO: [ template_filter ] --START--
INFO: Run Behavior\ContentReplaceBehavior [ RunTime:0.000067s ]
INFO: [ template_filter ] --END-- [ RunTime:0.000169s ]
INFO: Run Behavior\ParseTemplateBehavior [ RunTime:0.007403s ]
INFO: [ view_parse ] --END-- [ RunTime:0.007515s ]
INFO: [ view_filter ] --START--
INFO: Run Behavior\WriteHtmlCacheBehavior [ RunTime:0.000225s ]
INFO: [ view_filter ] --END-- [ RunTime:0.000322s ]
INFO: [ app_end ] --START--
INFO: Run Behavior\ShowPageTraceBehavior [ RunTime:0.000365s ]
INFO: [ app_end ] --END-- [ RunTime:0.000475s ]

[ 2017-03-06T21:00:35+08:00 ] ::1 /exam/Admin/Type/typelist.html
INFO: [ app_init ] --START--
INFO: Run Behavior\BuildLiteBehavior [ RunTime:0.000039s ]
INFO: [ app_init ] --END-- [ RunTime:0.000739s ]
INFO: [ app_begin ] --START--
INFO: Run Behavior\ReadHtmlCacheBehavior [ RunTime:0.000864s ]
INFO: [ app_begin ] --END-- [ RunTime:0.001037s ]
NOTIC: [2048] Declaration of Admin\Controller\TypeController::get() should be compatible with Think\Controller::get($name = '') D:\wamp\www\exam\App\Admin\Controller\TypeController.class.php 第 368 行.
SQL: SHOW COLUMNS FROM `type` [ RunTime:0.0134s ]
SQL: SELECT * FROM `type` WHERE `aid` = 6  [ RunTime:0.0002s ]
SQL: SHOW COLUMNS FROM `test` [ RunTime:0.0059s ]
SQL: SELECT COUNT(*) AS tp_count FROM `test` WHERE `typeid` = 59 LIMIT 1   [ RunTime:0.0009s ]
SQL: SHOW COLUMNS FROM `jtest` [ RunTime:0.0069s ]
SQL: SELECT COUNT(*) AS tp_count FROM `jtest` WHERE `typeid` = 59 LIMIT 1   [ RunTime:0.0002s ]
INFO: [ view_parse ] --START--
NOTIC: [2] file_get_contents(./App/Admin/View/Public/top.html): failed to open stream: No such file or directory D:\wamp\www\exam\ThinkPHP\Library\Think\Template.class.php 第 696 行.
INFO: [ template_filter ] --START--
INFO: Run Behavior\ContentReplaceBehavior [ RunTime:0.000196s ]
INFO: [ template_filter ] --END-- [ RunTime:0.000375s ]
NOTIC: [8] Undefined index: aname D:\wamp\www\exam\App\Runtime\Cache\Admin\1ed946ae9efb5a6855c2b4ebe1ea635f.php 第 53 行.
INFO: Run Behavior\ParseTemplateBehavior [ RunTime:0.050048s ]
INFO: [ view_parse ] --END-- [ RunTime:0.050157s ]
INFO: [ view_filter ] --START--
INFO: Run Behavior\WriteHtmlCacheBehavior [ RunTime:0.000239s ]
INFO: [ view_filter ] --END-- [ RunTime:0.000332s ]
INFO: [ app_end ] --START--
INFO: Run Behavior\ShowPageTraceBehavior [ RunTime:0.000485s ]
INFO: [ app_end ] --END-- [ RunTime:0.000604s ]

[ 2017-03-06T21:00:49+08:00 ] ::1 /exam/Admin/Test/index.html
INFO: [ app_init ] --START--
INFO: Run Behavior\BuildLiteBehavior [ RunTime:0.000024s ]
INFO: [ app_init ] --END-- [ RunTime:0.000335s ]
INFO: [ app_begin ] --START--
INFO: Run Behavior\ReadHtmlCacheBehavior [ RunTime:0.000493s ]
INFO: [ app_begin ] --END-- [ RunTime:0.000655s ]
NOTIC: [2048] Declaration of Admin\Controller\TestController::get() should be compatible with Think\Controller::get($name = '') D:\wamp\www\exam\App\Admin\Controller\TestController.class.php 第 245 行.
INFO: [ view_parse ] --START--
NOTIC: [2] file_get_contents(./App/Admin/View/Public/top.html): failed to open stream: No such file or directory D:\wamp\www\exam\ThinkPHP\Library\Think\Template.class.php 第 696 行.
INFO: [ template_filter ] --START--
INFO: Run Behavior\ContentReplaceBehavior [ RunTime:0.000167s ]
INFO: [ template_filter ] --END-- [ RunTime:0.000279s ]
INFO: Run Behavior\ParseTemplateBehavior [ RunTime:0.221397s ]
INFO: [ view_parse ] --END-- [ RunTime:0.221512s ]
INFO: [ view_filter ] --START--
INFO: Run Behavior\WriteHtmlCacheBehavior [ RunTime:0.000216s ]
INFO: [ view_filter ] --END-- [ RunTime:0.000314s ]
INFO: [ app_end ] --START--
INFO: Run Behavior\ShowPageTraceBehavior [ RunTime:0.000755s ]
INFO: [ app_end ] --END-- [ RunTime:0.001058s ]

[ 2017-03-06T21:00:49+08:00 ] ::1 /exam/Admin/Test/get.html?_=1488805249157
INFO: [ app_init ] --START--
INFO: Run Behavior\BuildLiteBehavior [ RunTime:0.000040s ]
INFO: [ app_init ] --END-- [ RunTime:0.000509s ]
INFO: [ app_begin ] --START--
INFO: Run Behavior\ReadHtmlCacheBehavior [ RunTime:0.000515s ]
INFO: [ app_begin ] --END-- [ RunTime:0.000699s ]
NOTIC: [2048] Declaration of Admin\Controller\TestController::get() should be compatible with Think\Controller::get($name = '') D:\wamp\www\exam\App\Admin\Controller\TestController.class.php 第 245 行.
SQL: SHOW COLUMNS FROM `type` [ RunTime:0.0251s ]
SQL: SELECT * FROM `type` WHERE `aid` = 6  [ RunTime:0.0003s ]
INFO: [ app_end ] --START--
INFO: Run Behavior\ShowPageTraceBehavior [ RunTime:0.000612s ]
INFO: [ app_end ] --END-- [ RunTime:0.000758s ]

[ 2017-03-06T21:00:49+08:00 ] ::1 /exam/Admin/Test/get.html?_=1488805249156
INFO: [ app_init ] --START--
INFO: Run Behavior\BuildLiteBehavior [ RunTime:0.000047s ]
INFO: [ app_init ] --END-- [ RunTime:0.000758s ]
INFO: [ app_begin ] --START--
INFO: Run Behavior\ReadHtmlCacheBehavior [ RunTime:0.001296s ]
INFO: [ app_begin ] --END-- [ RunTime:0.001650s ]
NOTIC: [2048] Declaration of Admin\Controller\TestController::get() should be compatible with Think\Controller::get($name = '') D:\wamp\www\exam\App\Admin\Controller\TestController.class.php 第 245 行.
SQL: SHOW COLUMNS FROM `type` [ RunTime:0.0034s ]
SQL: SELECT * FROM `type` WHERE `aid` = 6  [ RunTime:0.0008s ]
INFO: [ app_end ] --START--
INFO: Run Behavior\ShowPageTraceBehavior [ RunTime:0.000503s ]
INFO: [ app_end ] --END-- [ RunTime:0.000594s ]

[ 2017-03-06T21:00:49+08:00 ] ::1 /exam/Admin/Test/num.html
INFO: [ app_init ] --START--
INFO: Run Behavior\BuildLiteBehavior [ RunTime:0.000025s ]
INFO: [ app_init ] --END-- [ RunTime:0.000346s ]
INFO: [ app_begin ] --START--
INFO: Run Behavior\ReadHtmlCacheBehavior [ RunTime:0.000319s ]
INFO: [ app_begin ] --END-- [ RunTime:0.000413s ]
NOTIC: [2048] Declaration of Admin\Controller\TestController::get() should be compatible with Think\Controller::get($name = '') D:\wamp\www\exam\App\Admin\Controller\TestController.class.php 第 245 行.
SQL: SHOW COLUMNS FROM `test` [ RunTime:0.0054s ]
SQL: SELECT COUNT(*) AS tp_count FROM `test` WHERE `aid` = 6 AND `typeid` = 59 AND `tyid` = 's' LIMIT 1   [ RunTime:0.0002s ]
SQL: SELECT COUNT(*) AS tp_count FROM `test` WHERE `aid` = 6 AND `typeid` = 59 AND `tyid` = 'd' LIMIT 1   [ RunTime:0.0001s ]
SQL: SHOW COLUMNS FROM `jtest` [ RunTime:0.0057s ]
SQL: SELECT COUNT(*) AS tp_count FROM `jtest` WHERE `aid` = 6 AND `typeid` = 59 LIMIT 1   [ RunTime:0.0002s ]
INFO: [ app_end ] --START--
INFO: Run Behavior\ShowPageTraceBehavior [ RunTime:0.000432s ]
INFO: [ app_end ] --END-- [ RunTime:0.000527s ]

[ 2017-03-06T21:00:57+08:00 ] ::1 /exam/Admin/Test/check.html
INFO: [ app_init ] --START--
INFO: Run Behavior\BuildLiteBehavior [ RunTime:0.000022s ]
INFO: [ app_init ] --END-- [ RunTime:0.000326s ]
INFO: [ app_begin ] --START--
INFO: Run Behavior\ReadHtmlCacheBehavior [ RunTime:0.000311s ]
INFO: [ app_begin ] --END-- [ RunTime:0.000405s ]
NOTIC: [2048] Declaration of Admin\Controller\TestController::get() should be compatible with Think\Controller::get($name = '') D:\wamp\www\exam\App\Admin\Controller\TestController.class.php 第 245 行.
SQL: SHOW COLUMNS FROM `painfo` [ RunTime:0.0692s ]
SQL: SELECT * FROM `painfo` WHERE `aid` = 6 AND `typeid` = 59 AND `pname` = 'aa' LIMIT 1   [ RunTime:0.0003s ]
INFO: [ app_end ] --START--
INFO: Run Behavior\ShowPageTraceBehavior [ RunTime:0.000463s ]
INFO: [ app_end ] --END-- [ RunTime:0.000550s ]

[ 2017-03-06T21:01:04+08:00 ] ::1 /exam/Admin/Test/manpaper.html
INFO: [ app_init ] --START--
INFO: Run Behavior\BuildLiteBehavior [ RunTime:0.000023s ]
INFO: [ app_init ] --END-- [ RunTime:0.000311s ]
INFO: [ app_begin ] --START--
INFO: Run Behavior\ReadHtmlCacheBehavior [ RunTime:0.000313s ]
INFO: [ app_begin ] --END-- [ RunTime:0.000448s ]
NOTIC: [2048] Declaration of Admin\Controller\TestController::get() should be compatible with Think\Controller::get($name = '') D:\wamp\www\exam\App\Admin\Controller\TestController.class.php 第 245 行.
SQL: SHOW COLUMNS FROM `type` [ RunTime:0.0791s ]
SQL: SELECT * FROM `type` WHERE `typeid` = 59 LIMIT 1   [ RunTime:0.0003s ]
SQL: SHOW COLUMNS FROM `painfo` [ RunTime:0.0846s ]
SQL: INSERT INTO `painfo` (`typeid`,`pname`,`totaltime`,`examtime`,`endtime`,`code`,`aid`) VALUES ('59','aa','5','2017-03-06 21:0:49','2017-03-07 21:0:49','gLY2d','6') [ RunTime:0.1320s ]
SQL: SHOW COLUMNS FROM `test` [ RunTime:0.0059s ]
SQL: SELECT * FROM `test` WHERE `aid` = 6 AND `typeid` = 59 AND `tyid` = 's'  [ RunTime:0.0003s ]
SQL: SELECT * FROM `test` WHERE `aid` = 6 AND `typeid` = 59 AND `tyid` = 'd'  [ RunTime:0.0003s ]
SQL: SHOW COLUMNS FROM `jtest` [ RunTime:0.0063s ]
SQL: SELECT * FROM `jtest` WHERE `aid` = 6 AND `typeid` = 59  [ RunTime:0.0003s ]
INFO: [ view_parse ] --START--
NOTIC: [2] file_get_contents(./App/Admin/View/Public/top.html): failed to open stream: No such file or directory D:\wamp\www\exam\ThinkPHP\Library\Think\Template.class.php 第 696 行.
INFO: [ template_filter ] --START--
INFO: Run Behavior\ContentReplaceBehavior [ RunTime:0.000118s ]
INFO: [ template_filter ] --END-- [ RunTime:0.000222s ]
INFO: Run Behavior\ParseTemplateBehavior [ RunTime:0.101278s ]
INFO: [ view_parse ] --END-- [ RunTime:0.101424s ]
INFO: [ view_filter ] --START--
INFO: Run Behavior\WriteHtmlCacheBehavior [ RunTime:0.000273s ]
INFO: [ view_filter ] --END-- [ RunTime:0.000367s ]
INFO: [ app_end ] --START--
INFO: Run Behavior\ShowPageTraceBehavior [ RunTime:0.000648s ]
INFO: [ app_end ] --END-- [ RunTime:0.000857s ]

[ 2017-03-06T21:01:15+08:00 ] ::1 /exam/Admin/Test/addman.html
INFO: [ app_init ] --START--
INFO: Run Behavior\BuildLiteBehavior [ RunTime:0.000023s ]
INFO: [ app_init ] --END-- [ RunTime:0.000318s ]
INFO: [ app_begin ] --START--
INFO: Run Behavior\ReadHtmlCacheBehavior [ RunTime:0.000339s ]
INFO: [ app_begin ] --END-- [ RunTime:0.000451s ]
NOTIC: [2048] Declaration of Admin\Controller\TestController::get() should be compatible with Think\Controller::get($name = '') D:\wamp\www\exam\App\Admin\Controller\TestController.class.php 第 245 行.
SQL: SHOW COLUMNS FROM `paper` [ RunTime:0.0128s ]
SQL: INSERT INTO `paper` (`sids`,`dids`,`jids`,`aid`,`pid`) VALUES ('605,606,607','608,609,610,611,612,613','197,198,199','6','79') [ RunTime:0.1084s ]
INFO: [ app_end ] --START--
INFO: Run Behavior\ShowPageTraceBehavior [ RunTime:0.000412s ]
INFO: [ app_end ] --END-- [ RunTime:0.000537s ]

[ 2017-03-06T21:01:16+08:00 ] ::1 /exam/Admin/Painfo/painfolist.html
INFO: [ app_init ] --START--
INFO: Run Behavior\BuildLiteBehavior [ RunTime:0.000022s ]
INFO: [ app_init ] --END-- [ RunTime:0.000309s ]
INFO: [ app_begin ] --START--
INFO: Run Behavior\ReadHtmlCacheBehavior [ RunTime:0.000322s ]
INFO: [ app_begin ] --END-- [ RunTime:0.000430s ]
SQL: SHOW COLUMNS FROM `painfo` [ RunTime:0.0061s ]
SQL: SELECT * FROM `painfo` WHERE `aid` = 6  [ RunTime:0.0003s ]
SQL: SHOW COLUMNS FROM `grade` [ RunTime:0.0325s ]
SQL: SELECT COUNT(*) AS tp_count FROM `grade` WHERE `pid` = 79 LIMIT 1   [ RunTime:0.0003s ]
SQL: SHOW COLUMNS FROM `paper` [ RunTime:0.0039s ]
SQL: SELECT * FROM `paper` WHERE `pid` = 79 LIMIT 1   [ RunTime:0.0003s ]
SQL: SHOW COLUMNS FROM `type` [ RunTime:0.0058s ]
SQL: SELECT * FROM `type` WHERE `typeid` = 59 LIMIT 1   [ RunTime:0.0003s ]
INFO: [ view_parse ] --START--
NOTIC: [2] file_get_contents(./App/Admin/View/Public/top.html): failed to open stream: No such file or directory D:\wamp\www\exam\ThinkPHP\Library\Think\Template.class.php 第 696 行.
INFO: [ template_filter ] --START--
INFO: Run Behavior\ContentReplaceBehavior [ RunTime:0.000078s ]
INFO: [ template_filter ] --END-- [ RunTime:0.000187s ]
INFO: Run Behavior\ParseTemplateBehavior [ RunTime:0.126764s ]
INFO: [ view_parse ] --END-- [ RunTime:0.126887s ]
INFO: [ view_filter ] --START--
INFO: Run Behavior\WriteHtmlCacheBehavior [ RunTime:0.000220s ]
INFO: [ view_filter ] --END-- [ RunTime:0.000314s ]
INFO: [ app_end ] --START--
INFO: Run Behavior\ShowPageTraceBehavior [ RunTime:0.000842s ]
INFO: [ app_end ] --END-- [ RunTime:0.001101s ]

