[ 2017-11-15T08:30:01+08:00 ] ::1 /nut/Admin/Index/index.html
INFO: [ app_init ] --START--
INFO: Run Behavior\BuildLiteBehavior [ RunTime:0.000009s ]
INFO: [ app_init ] --END-- [ RunTime:0.000465s ]
INFO: [ app_begin ] --START--
INFO: Run Behavior\ReadHtmlCacheBehavior [ RunTime:0.000537s ]
INFO: [ app_begin ] --END-- [ RunTime:0.000582s ]
INFO: [ view_parse ] --START--
INFO: [ template_filter ] --START--
INFO: Run Behavior\ContentReplaceBehavior [ RunTime:0.000038s ]
INFO: [ template_filter ] --END-- [ RunTime:0.000082s ]
INFO: Run Behavior\ParseTemplateBehavior [ RunTime:0.005932s ]
INFO: [ view_parse ] --END-- [ RunTime:0.005976s ]
INFO: [ view_filter ] --START--
INFO: Run Behavior\WriteHtmlCacheBehavior [ RunTime:0.000365s ]
INFO: [ view_filter ] --END-- [ RunTime:0.000396s ]
INFO: [ app_end ] --START--
INFO: Run Behavior\ShowPageTraceBehavior [ RunTime:0.000559s ]
INFO: [ app_end ] --END-- [ RunTime:0.000593s ]

[ 2017-11-15T08:34:32+08:00 ] ::1 /nut/Admin/Index/index.html
INFO: [ app_init ] --START--
INFO: Run Behavior\BuildLiteBehavior [ RunTime:0.000012s ]
INFO: [ app_init ] --END-- [ RunTime:0.000473s ]
INFO: [ app_begin ] --START--
INFO: Run Behavior\ReadHtmlCacheBehavior [ RunTime:0.000506s ]
INFO: [ app_begin ] --END-- [ RunTime:0.000548s ]
INFO: [ view_parse ] --START--
INFO: [ template_filter ] --START--
INFO: Run Behavior\ContentReplaceBehavior [ RunTime:0.000034s ]
INFO: [ template_filter ] --END-- [ RunTime:0.000077s ]
INFO: Run Behavior\ParseTemplateBehavior [ RunTime:0.005875s ]
INFO: [ view_parse ] --END-- [ RunTime:0.005914s ]
INFO: [ view_filter ] --START--
INFO: Run Behavior\WriteHtmlCacheBehavior [ RunTime:0.000393s ]
INFO: [ view_filter ] --END-- [ RunTime:0.000423s ]
INFO: [ app_end ] --START--
INFO: Run Behavior\ShowPageTraceBehavior [ RunTime:0.000524s ]
INFO: [ app_end ] --END-- [ RunTime:0.000557s ]

[ 2017-11-15T08:34:34+08:00 ] ::1 /nut/Admin/Index/login.html
INFO: [ app_init ] --START--
INFO: Run Behavior\BuildLiteBehavior [ RunTime:0.000010s ]
INFO: [ app_init ] --END-- [ RunTime:0.000448s ]
INFO: [ app_begin ] --START--
INFO: Run Behavior\ReadHtmlCacheBehavior [ RunTime:0.000533s ]
INFO: [ app_begin ] --END-- [ RunTime:0.000572s ]
SQL: SHOW COLUMNS FROM `admin` [ RunTime:0.0029s ]
SQL: SELECT * FROM `admin` WHERE `name` = 'nut' AND `pw` = '202cb962ac59075b964b07152d234b70' LIMIT 1   [ RunTime:0.0003s ]
INFO: [ app_end ] --START--
INFO: Run Behavior\ShowPageTraceBehavior [ RunTime:0.000569s ]
INFO: [ app_end ] --END-- [ RunTime:0.000606s ]

[ 2017-11-15T08:34:34+08:00 ] ::1 /nut/Admin/Teacher/index.html
INFO: [ app_init ] --START--
INFO: Run Behavior\BuildLiteBehavior [ RunTime:0.000080s ]
INFO: [ app_init ] --END-- [ RunTime:0.000932s ]
INFO: [ app_begin ] --START--
INFO: Run Behavior\ReadHtmlCacheBehavior [ RunTime:0.000521s ]
INFO: [ app_begin ] --END-- [ RunTime:0.000560s ]
INFO: [ view_parse ] --START--
INFO: [ template_filter ] --START--
INFO: Run Behavior\ContentReplaceBehavior [ RunTime:0.000046s ]
INFO: [ template_filter ] --END-- [ RunTime:0.000107s ]
INFO: Run Behavior\ParseTemplateBehavior [ RunTime:0.008868s ]
INFO: [ view_parse ] --END-- [ RunTime:0.008920s ]
INFO: [ view_filter ] --START--
INFO: Run Behavior\WriteHtmlCacheBehavior [ RunTime:0.000395s ]
INFO: [ view_filter ] --END-- [ RunTime:0.000425s ]
INFO: [ app_end ] --START--
INFO: Run Behavior\ShowPageTraceBehavior [ RunTime:0.000488s ]
INFO: [ app_end ] --END-- [ RunTime:0.000521s ]

[ 2017-11-15T08:35:42+08:00 ] ::1 /nut/Admin/Type/form.html
INFO: [ app_init ] --START--
INFO: Run Behavior\BuildLiteBehavior [ RunTime:0.000011s ]
INFO: [ app_init ] --END-- [ RunTime:0.000359s ]
INFO: [ app_begin ] --START--
INFO: Run Behavior\ReadHtmlCacheBehavior [ RunTime:0.000471s ]
INFO: [ app_begin ] --END-- [ RunTime:0.000512s ]
NOTIC: [2048] Declaration of Admin\Controller\TypeController::get() should be compatible with Think\Controller::get($name = '') C:\xampp\htdocs\nut\App\Admin\Controller\TypeController.class.php 第 368 行.
INFO: [ view_parse ] --START--
NOTIC: [2] file_get_contents(./App/Admin/View/Public/top.html): failed to open stream: No such file or directory C:\xampp\htdocs\nut\ThinkPHP\Library\Think\Template.class.php 第 696 行.
INFO: [ template_filter ] --START--
INFO: Run Behavior\ContentReplaceBehavior [ RunTime:0.000067s ]
INFO: [ template_filter ] --END-- [ RunTime:0.000131s ]
INFO: Run Behavior\ParseTemplateBehavior [ RunTime:0.008181s ]
INFO: [ view_parse ] --END-- [ RunTime:0.008247s ]
INFO: [ view_filter ] --START--
INFO: Run Behavior\WriteHtmlCacheBehavior [ RunTime:0.000410s ]
INFO: [ view_filter ] --END-- [ RunTime:0.000449s ]
INFO: [ app_end ] --START--
INFO: Run Behavior\ShowPageTraceBehavior [ RunTime:0.000491s ]
INFO: [ app_end ] --END-- [ RunTime:0.000525s ]

[ 2017-11-15T08:35:49+08:00 ] ::1 /nut/Admin/Painfo/painfolist.html
INFO: [ app_init ] --START--
INFO: Run Behavior\BuildLiteBehavior [ RunTime:0.000016s ]
INFO: [ app_init ] --END-- [ RunTime:0.000588s ]
INFO: [ app_begin ] --START--
INFO: Run Behavior\ReadHtmlCacheBehavior [ RunTime:0.000997s ]
INFO: [ app_begin ] --END-- [ RunTime:0.001068s ]
SQL: SHOW COLUMNS FROM `painfo` [ RunTime:0.0031s ]
SQL: SELECT * FROM `painfo` WHERE `aid` = 7  [ RunTime:0.0003s ]
SQL: SHOW COLUMNS FROM `grade` [ RunTime:0.0037s ]
SQL: SELECT COUNT(*) AS tp_count FROM `grade` WHERE `pid` = 79 LIMIT 1   [ RunTime:0.0003s ]
SQL: SHOW COLUMNS FROM `paper` [ RunTime:0.0031s ]
SQL: SELECT * FROM `paper` WHERE `pid` = 79 LIMIT 1   [ RunTime:0.0003s ]
SQL: SHOW COLUMNS FROM `type` [ RunTime:0.0052s ]
SQL: SELECT * FROM `type` WHERE `typeid` = 69 LIMIT 1   [ RunTime:0.0003s ]
SQL: SELECT COUNT(*) AS tp_count FROM `grade` WHERE `pid` = 80 LIMIT 1   [ RunTime:0.0002s ]
SQL: SELECT * FROM `paper` WHERE `pid` = 80 LIMIT 1   [ RunTime:0.0002s ]
SQL: SELECT * FROM `type` WHERE `typeid` = 71 LIMIT 1   [ RunTime:0.0002s ]
INFO: [ view_parse ] --START--
NOTIC: [2] file_get_contents(./App/Admin/View/Public/top.html): failed to open stream: No such file or directory C:\xampp\htdocs\nut\ThinkPHP\Library\Think\Template.class.php 第 696 行.
INFO: [ template_filter ] --START--
INFO: Run Behavior\ContentReplaceBehavior [ RunTime:0.000090s ]
INFO: [ template_filter ] --END-- [ RunTime:0.000146s ]
INFO: Run Behavior\ParseTemplateBehavior [ RunTime:0.009965s ]
INFO: [ view_parse ] --END-- [ RunTime:0.010054s ]
INFO: [ view_filter ] --START--
INFO: Run Behavior\WriteHtmlCacheBehavior [ RunTime:0.002098s ]
INFO: [ view_filter ] --END-- [ RunTime:0.002173s ]
INFO: [ app_end ] --START--
INFO: Run Behavior\ShowPageTraceBehavior [ RunTime:0.001095s ]
INFO: [ app_end ] --END-- [ RunTime:0.001217s ]

[ 2017-11-15T08:35:53+08:00 ] ::1 /nut/Admin/Test/index.html
INFO: [ app_init ] --START--
INFO: Run Behavior\BuildLiteBehavior [ RunTime:0.000010s ]
INFO: [ app_init ] --END-- [ RunTime:0.000406s ]
INFO: [ app_begin ] --START--
INFO: Run Behavior\ReadHtmlCacheBehavior [ RunTime:0.000501s ]
INFO: [ app_begin ] --END-- [ RunTime:0.000544s ]
NOTIC: [2048] Declaration of Admin\Controller\TestController::get() should be compatible with Think\Controller::get($name = '') C:\xampp\htdocs\nut\App\Admin\Controller\TestController.class.php 第 245 行.
INFO: [ view_parse ] --START--
INFO: [ template_filter ] --START--
INFO: Run Behavior\ContentReplaceBehavior [ RunTime:0.000156s ]
INFO: [ template_filter ] --END-- [ RunTime:0.000204s ]
INFO: Run Behavior\ParseTemplateBehavior [ RunTime:0.012003s ]
INFO: [ view_parse ] --END-- [ RunTime:0.012054s ]
INFO: [ view_filter ] --START--
INFO: Run Behavior\WriteHtmlCacheBehavior [ RunTime:0.000368s ]
INFO: [ view_filter ] --END-- [ RunTime:0.000399s ]
INFO: [ app_end ] --START--
INFO: Run Behavior\ShowPageTraceBehavior [ RunTime:0.000567s ]
INFO: [ app_end ] --END-- [ RunTime:0.000608s ]

[ 2017-11-15T08:35:54+08:00 ] ::1 /nut/Admin/Test/get.html?_=1510706154008
INFO: [ app_init ] --START--
INFO: Run Behavior\BuildLiteBehavior [ RunTime:0.000027s ]
INFO: [ app_init ] --END-- [ RunTime:0.000796s ]
INFO: [ app_begin ] --START--
INFO: Run Behavior\ReadHtmlCacheBehavior [ RunTime:0.001949s ]
INFO: [ app_begin ] --END-- [ RunTime:0.002271s ]
NOTIC: [2048] Declaration of Admin\Controller\TestController::get() should be compatible with Think\Controller::get($name = '') C:\xampp\htdocs\nut\App\Admin\Controller\TestController.class.php 第 245 行.
SQL: SHOW COLUMNS FROM `type` [ RunTime:0.0057s ]
SQL: SELECT * FROM `type` WHERE `aid` = 7  [ RunTime:0.0009s ]
INFO: [ app_end ] --START--
INFO: Run Behavior\ShowPageTraceBehavior [ RunTime:0.001312s ]
INFO: [ app_end ] --END-- [ RunTime:0.001458s ]

[ 2017-11-15T08:35:54+08:00 ] ::1 /nut/Admin/Test/get.html?_=1510706154009
INFO: [ app_init ] --START--
INFO: Run Behavior\BuildLiteBehavior [ RunTime:0.000054s ]
INFO: [ app_init ] --END-- [ RunTime:0.000979s ]
INFO: [ app_begin ] --START--
INFO: Run Behavior\ReadHtmlCacheBehavior [ RunTime:0.001307s ]
INFO: [ app_begin ] --END-- [ RunTime:0.001464s ]
NOTIC: [2048] Declaration of Admin\Controller\TestController::get() should be compatible with Think\Controller::get($name = '') C:\xampp\htdocs\nut\App\Admin\Controller\TestController.class.php 第 245 行.
SQL: SHOW COLUMNS FROM `type` [ RunTime:0.0064s ]
SQL: SELECT * FROM `type` WHERE `aid` = 7  [ RunTime:0.0004s ]
INFO: [ app_end ] --START--
INFO: Run Behavior\ShowPageTraceBehavior [ RunTime:0.001203s ]
INFO: [ app_end ] --END-- [ RunTime:0.001292s ]

[ 2017-11-15T08:35:54+08:00 ] ::1 /nut/Admin/Test/num.html
INFO: [ app_init ] --START--
INFO: Run Behavior\BuildLiteBehavior [ RunTime:0.000024s ]
INFO: [ app_init ] --END-- [ RunTime:0.000756s ]
INFO: [ app_begin ] --START--
INFO: Run Behavior\ReadHtmlCacheBehavior [ RunTime:0.002471s ]
INFO: [ app_begin ] --END-- [ RunTime:0.002726s ]
NOTIC: [2048] Declaration of Admin\Controller\TestController::get() should be compatible with Think\Controller::get($name = '') C:\xampp\htdocs\nut\App\Admin\Controller\TestController.class.php 第 245 行.
SQL: SHOW COLUMNS FROM `test` [ RunTime:0.0058s ]
SQL: SELECT COUNT(*) AS tp_count FROM `test` WHERE `aid` = 7 AND `typeid` = 69 AND `tyid` = 's' LIMIT 1   [ RunTime:0.0005s ]
SQL: SELECT COUNT(*) AS tp_count FROM `test` WHERE `aid` = 7 AND `typeid` = 69 AND `tyid` = 'd' LIMIT 1   [ RunTime:0.0004s ]
SQL: SHOW COLUMNS FROM `jtest` [ RunTime:0.0052s ]
SQL: SELECT COUNT(*) AS tp_count FROM `jtest` WHERE `aid` = 7 AND `typeid` = 69 LIMIT 1   [ RunTime:0.0004s ]
INFO: [ app_end ] --START--
INFO: Run Behavior\ShowPageTraceBehavior [ RunTime:0.001085s ]
INFO: [ app_end ] --END-- [ RunTime:0.001151s ]

[ 2017-11-15T08:37:08+08:00 ] ::1 /nut/Admin/Type/typelist.html
INFO: [ app_init ] --START--
INFO: Run Behavior\BuildLiteBehavior [ RunTime:0.000010s ]
INFO: [ app_init ] --END-- [ RunTime:0.000368s ]
INFO: [ app_begin ] --START--
INFO: Run Behavior\ReadHtmlCacheBehavior [ RunTime:0.001834s ]
INFO: [ app_begin ] --END-- [ RunTime:0.001895s ]
NOTIC: [2048] Declaration of Admin\Controller\TypeController::get() should be compatible with Think\Controller::get($name = '') C:\xampp\htdocs\nut\App\Admin\Controller\TypeController.class.php 第 368 行.
SQL: SHOW COLUMNS FROM `type` [ RunTime:0.0027s ]
SQL: SELECT * FROM `type` WHERE `aid` = 7  [ RunTime:0.0003s ]
SQL: SHOW COLUMNS FROM `test` [ RunTime:0.0045s ]
SQL: SELECT COUNT(*) AS tp_count FROM `test` WHERE `typeid` = 69 LIMIT 1   [ RunTime:0.0003s ]
SQL: SHOW COLUMNS FROM `jtest` [ RunTime:0.0027s ]
SQL: SELECT COUNT(*) AS tp_count FROM `jtest` WHERE `typeid` = 69 LIMIT 1   [ RunTime:0.0002s ]
SQL: SELECT COUNT(*) AS tp_count FROM `test` WHERE `typeid` = 71 LIMIT 1   [ RunTime:0.0003s ]
SQL: SELECT COUNT(*) AS tp_count FROM `jtest` WHERE `typeid` = 71 LIMIT 1   [ RunTime:0.0002s ]
INFO: [ view_parse ] --START--
NOTIC: [2] file_get_contents(./App/Admin/View/Public/top.html): failed to open stream: No such file or directory C:\xampp\htdocs\nut\ThinkPHP\Library\Think\Template.class.php 第 696 行.
INFO: [ template_filter ] --START--
INFO: Run Behavior\ContentReplaceBehavior [ RunTime:0.000087s ]
INFO: [ template_filter ] --END-- [ RunTime:0.000144s ]
NOTIC: [8] Undefined index: aname C:\xampp\htdocs\nut\App\Runtime\Cache\Admin\1ed946ae9efb5a6855c2b4ebe1ea635f.php 第 53 行.
INFO: Run Behavior\ParseTemplateBehavior [ RunTime:0.012227s ]
INFO: [ view_parse ] --END-- [ RunTime:0.012271s ]
INFO: [ view_filter ] --START--
INFO: Run Behavior\WriteHtmlCacheBehavior [ RunTime:0.000493s ]
INFO: [ view_filter ] --END-- [ RunTime:0.000529s ]
INFO: [ app_end ] --START--
INFO: Run Behavior\ShowPageTraceBehavior [ RunTime:0.000550s ]
INFO: [ app_end ] --END-- [ RunTime:0.000607s ]

[ 2017-11-15T08:37:32+08:00 ] ::1 /nut/Admin/Type/total.html?id=69&name=%E6%99%AE%E9%80%9A%E8%AF%9D
INFO: [ app_init ] --START--
INFO: Run Behavior\BuildLiteBehavior [ RunTime:0.000011s ]
INFO: [ app_init ] --END-- [ RunTime:0.000456s ]
INFO: [ app_begin ] --START--
INFO: Run Behavior\ReadHtmlCacheBehavior [ RunTime:0.000546s ]
INFO: [ app_begin ] --END-- [ RunTime:0.000593s ]
NOTIC: [2048] Declaration of Admin\Controller\TypeController::get() should be compatible with Think\Controller::get($name = '') C:\xampp\htdocs\nut\App\Admin\Controller\TypeController.class.php 第 368 行.
SQL: SHOW COLUMNS FROM `test` [ RunTime:0.0033s ]
SQL: SELECT * FROM `test` WHERE `aid` = 7 AND `typeid` = 69 AND `tyid` = 's'  [ RunTime:0.0004s ]
SQL: SELECT * FROM `test` WHERE `aid` = 7 AND `typeid` = 69 AND `tyid` = 'd'  [ RunTime:0.0003s ]
SQL: SHOW COLUMNS FROM `jtest` [ RunTime:0.0041s ]
SQL: SELECT * FROM `jtest` WHERE `aid` = 7 AND `typeid` = 69  [ RunTime:0.0003s ]
INFO: [ view_parse ] --START--
NOTIC: [2] file_get_contents(./App/Admin/View/Public/top.html): failed to open stream: No such file or directory C:\xampp\htdocs\nut\ThinkPHP\Library\Think\Template.class.php 第 696 行.
INFO: [ template_filter ] --START--
INFO: Run Behavior\ContentReplaceBehavior [ RunTime:0.000148s ]
INFO: [ template_filter ] --END-- [ RunTime:0.000191s ]
NOTIC: [8] Undefined index: aname C:\xampp\htdocs\nut\App\Runtime\Cache\Admin\c06d2e70d230f037c78f0a83e07152db.php 第 73 行.
INFO: Run Behavior\ParseTemplateBehavior [ RunTime:0.014324s ]
INFO: [ view_parse ] --END-- [ RunTime:0.014363s ]
INFO: [ view_filter ] --START--
INFO: Run Behavior\WriteHtmlCacheBehavior [ RunTime:0.000378s ]
INFO: [ view_filter ] --END-- [ RunTime:0.000408s ]
INFO: [ app_end ] --START--
INFO: Run Behavior\ShowPageTraceBehavior [ RunTime:0.000573s ]
INFO: [ app_end ] --END-- [ RunTime:0.000640s ]

